ERROR - 2024-08-12 22:12:55 --> Error connecting to the database: mysqli_sql_exception: Access denied for user 'root'@'localhost' (using password: YES) in /home/prtald/public_html/admissions/system/Database/MySQLi/Connection.php:186
Stack trace:
#0 /home/prtald/public_html/admissions/system/Database/MySQLi/Connection.php(186): mysqli->real_connect('localhost', 'root', Object(SensitiveParameterValue), 'dspg', 3306, '', 0)
#1 /home/prtald/public_html/admissions/system/Database/BaseConnection.php(421): CodeIgniter\Database\MySQLi\Connection->connect(false)
#2 /home/prtald/public_html/admissions/system/Database/BaseConnection.php(616): CodeIgniter\Database\BaseConnection->initialize()
#3 /home/prtald/public_html/admissions/system/Database/BaseBuilder.php(1636): CodeIgniter\Database\BaseConnection->query('SELECT `schooln...', Array, false)
#4 /home/prtald/public_html/admissions/app/Models/AccountModel.php(39): CodeIgniter\Database\BaseBuilder->get()
#5 /home/prtald/public_html/admissions/app/Controllers/Home.php(19): App\Models\AccountModel->getSchoolName()
#6 /home/prtald/public_html/admissions/system/CodeIgniter.php(903): App\Controllers\Home->__construct()
#7 /home/prtald/public_html/admissions/system/CodeIgniter.php(500): CodeIgniter\CodeIgniter->createController()
#8 /home/prtald/public_html/admissions/system/CodeIgniter.php(355): CodeIgniter\CodeIgniter->handleRequest(NULL, Object(Config\Cache), false)
#9 /home/prtald/public_html/admissions/system/Boot.php(325): CodeIgniter\CodeIgniter->run()
#10 /home/prtald/public_html/admissions/system/Boot.php(67): CodeIgniter\Boot::runCodeIgniter(Object(CodeIgniter\CodeIgniter))
#11 /home/prtald/public_html/admissions/index.php(56): CodeIgniter\Boot::bootWeb(Object(Config\Paths))
#12 {main}

Next CodeIgniter\Database\Exceptions\DatabaseException: Access denied for user '****'@'localhost' (using password: YES) in /home/prtald/public_html/admissions/system/Database/MySQLi/Connection.php:231
Stack trace:
#0 /home/prtald/public_html/admissions/system/Database/BaseConnection.php(421): CodeIgniter\Database\MySQLi\Connection->connect(false)
#1 /home/prtald/public_html/admissions/system/Database/BaseConnection.php(616): CodeIgniter\Database\BaseConnection->initialize()
#2 /home/prtald/public_html/admissions/system/Database/BaseBuilder.php(1636): CodeIgniter\Database\BaseConnection->query('SELECT `schooln...', Array, false)
#3 /home/prtald/public_html/admissions/app/Models/AccountModel.php(39): CodeIgniter\Database\BaseBuilder->get()
#4 /home/prtald/public_html/admissions/app/Controllers/Home.php(19): App\Models\AccountModel->getSchoolName()
#5 /home/prtald/public_html/admissions/system/CodeIgniter.php(903): App\Controllers\Home->__construct()
#6 /home/prtald/public_html/admissions/system/CodeIgniter.php(500): CodeIgniter\CodeIgniter->createController()
#7 /home/prtald/public_html/admissions/system/CodeIgniter.php(355): CodeIgniter\CodeIgniter->handleRequest(NULL, Object(Config\Cache), false)
#8 /home/prtald/public_html/admissions/system/Boot.php(325): CodeIgniter\CodeIgniter->run()
#9 /home/prtald/public_html/admissions/system/Boot.php(67): CodeIgniter\Boot::runCodeIgniter(Object(CodeIgniter\CodeIgniter))
#10 /home/prtald/public_html/admissions/index.php(56): CodeIgniter\Boot::bootWeb(Object(Config\Paths))
#11 {main}
CRITICAL - 2024-08-12 22:12:55 --> CodeIgniter\Database\Exceptions\DatabaseException: Unable to connect to the database.
Main connection [MySQLi]: Access denied for user '****'@'localhost' (using password: YES)
[Method: GET, Route: /]
in SYSTEMPATH/Database/BaseConnection.php on line 467.
 1 SYSTEMPATH/Database/BaseConnection.php(616): CodeIgniter\Database\BaseConnection->initialize()
 2 SYSTEMPATH/Database/BaseBuilder.php(1636): CodeIgniter\Database\BaseConnection->query('SELECT `schoolname`
FROM `schoolinfo`', [], false)
 3 APPPATH/Models/AccountModel.php(39): CodeIgniter\Database\BaseBuilder->get()
 4 APPPATH/Controllers/Home.php(19): App\Models\AccountModel->getSchoolName()
 5 SYSTEMPATH/CodeIgniter.php(903): App\Controllers\Home->__construct()
 6 SYSTEMPATH/CodeIgniter.php(500): CodeIgniter\CodeIgniter->createController()
 7 SYSTEMPATH/CodeIgniter.php(355): CodeIgniter\CodeIgniter->handleRequest(null, Object(Config\Cache), false)
 8 SYSTEMPATH/Boot.php(325): CodeIgniter\CodeIgniter->run()
 9 SYSTEMPATH/Boot.php(67): CodeIgniter\Boot::runCodeIgniter(Object(CodeIgniter\CodeIgniter))
10 FCPATH/index.php(56): CodeIgniter\Boot::bootWeb(Object(Config\Paths))
CRITICAL - 2024-08-12 22:26:27 --> ErrorException: Undefined variable $jambno
[Method: POST, Route: account/store]
in APPPATH/Controllers/Account.php on line 189.
 1 APPPATH/Controllers/Account.php(189): CodeIgniter\Debug\Exceptions->errorHandler(2, 'Undefined variable $jambno', '/home/prtald/public_html/admissions/app/Controllers/Account.php', 189)
 2 SYSTEMPATH/CodeIgniter.php(933): App\Controllers\Account->store()
 3 SYSTEMPATH/CodeIgniter.php(509): CodeIgniter\CodeIgniter->runController(Object(App\Controllers\Account))
 4 SYSTEMPATH/CodeIgniter.php(355): CodeIgniter\CodeIgniter->handleRequest(null, Object(Config\Cache), false)
 5 SYSTEMPATH/Boot.php(325): CodeIgniter\CodeIgniter->run()
 6 SYSTEMPATH/Boot.php(67): CodeIgniter\Boot::runCodeIgniter(Object(CodeIgniter\CodeIgniter))
 7 FCPATH/index.php(56): CodeIgniter\Boot::bootWeb(Object(Config\Paths))
