CRITICAL - 2024-08-25 01:02:13 --> ErrorException: Undefined array key 0
[Method: GET, Route: applicant/phistory]
in APPPATH/Views/applicants/mypayments.php on line 56.
 1 APPPATH/Views/applicants/mypayments.php(56): CodeIgniter\Debug\Exceptions->errorHandler(2, 'Undefined array key 0', '/home/prtald/public_html/admissions/app/Views/applicants/mypayments.php', 56)
 2 SYSTEMPATH/View/View.php(234): include('/home/prtald/public_html/admissions/app/Views/applicants/mypayments.php')
 3 SYSTEMPATH/View/View.php(237): CodeIgniter\View\View->CodeIgniter\View\{closure}()
 4 SYSTEMPATH/Common.php(1171): CodeIgniter\View\View->render('applicants/mypayments', [], true)
 5 APPPATH/Controllers/Applicant.php(386): view('applicants/mypayments', [...])
 6 SYSTEMPATH/CodeIgniter.php(933): App\Controllers\Applicant->phistory()
 7 SYSTEMPATH/CodeIgniter.php(509): CodeIgniter\CodeIgniter->runController(Object(App\Controllers\Applicant))
 8 SYSTEMPATH/CodeIgniter.php(355): CodeIgniter\CodeIgniter->handleRequest(null, Object(Config\Cache), false)
 9 SYSTEMPATH/Boot.php(325): CodeIgniter\CodeIgniter->run()
10 SYSTEMPATH/Boot.php(67): CodeIgniter\Boot::runCodeIgniter(Object(CodeIgniter\CodeIgniter))
11 FCPATH/index.php(56): CodeIgniter\Boot::bootWeb(Object(Config\Paths))
CRITICAL - 2024-08-25 08:04:36 --> ErrorException: Trying to access array offset on value of type null
[Method: POST, Route: applicant/paynow]
in APPPATH/Controllers/Applicant.php on line 208.
 1 APPPATH/Controllers/Applicant.php(208): CodeIgniter\Debug\Exceptions->errorHandler(2, 'Trying to access array offset on value of type null', '/home/prtald/public_html/admissions/app/Controllers/Applicant.php', 208)
 2 SYSTEMPATH/CodeIgniter.php(933): App\Controllers\Applicant->paynow()
 3 SYSTEMPATH/CodeIgniter.php(509): CodeIgniter\CodeIgniter->runController(Object(App\Controllers\Applicant))
 4 SYSTEMPATH/CodeIgniter.php(355): CodeIgniter\CodeIgniter->handleRequest(null, Object(Config\Cache), false)
 5 SYSTEMPATH/Boot.php(325): CodeIgniter\CodeIgniter->run()
 6 SYSTEMPATH/Boot.php(67): CodeIgniter\Boot::runCodeIgniter(Object(CodeIgniter\CodeIgniter))
 7 FCPATH/index.php(56): CodeIgniter\Boot::bootWeb(Object(Config\Paths))
CRITICAL - 2024-08-25 08:04:45 --> ErrorException: Trying to access array offset on value of type null
[Method: POST, Route: applicant/paynow]
in APPPATH/Controllers/Applicant.php on line 208.
 1 APPPATH/Controllers/Applicant.php(208): CodeIgniter\Debug\Exceptions->errorHandler(2, 'Trying to access array offset on value of type null', '/home/prtald/public_html/admissions/app/Controllers/Applicant.php', 208)
 2 SYSTEMPATH/CodeIgniter.php(933): App\Controllers\Applicant->paynow()
 3 SYSTEMPATH/CodeIgniter.php(509): CodeIgniter\CodeIgniter->runController(Object(App\Controllers\Applicant))
 4 SYSTEMPATH/CodeIgniter.php(355): CodeIgniter\CodeIgniter->handleRequest(null, Object(Config\Cache), false)
 5 SYSTEMPATH/Boot.php(325): CodeIgniter\CodeIgniter->run()
 6 SYSTEMPATH/Boot.php(67): CodeIgniter\Boot::runCodeIgniter(Object(CodeIgniter\CodeIgniter))
 7 FCPATH/index.php(56): CodeIgniter\Boot::bootWeb(Object(Config\Paths))
CRITICAL - 2024-08-25 08:05:05 --> ErrorException: Trying to access array offset on value of type null
[Method: POST, Route: applicant/paynow]
in APPPATH/Controllers/Applicant.php on line 208.
 1 APPPATH/Controllers/Applicant.php(208): CodeIgniter\Debug\Exceptions->errorHandler(2, 'Trying to access array offset on value of type null', '/home/prtald/public_html/admissions/app/Controllers/Applicant.php', 208)
 2 SYSTEMPATH/CodeIgniter.php(933): App\Controllers\Applicant->paynow()
 3 SYSTEMPATH/CodeIgniter.php(509): CodeIgniter\CodeIgniter->runController(Object(App\Controllers\Applicant))
 4 SYSTEMPATH/CodeIgniter.php(355): CodeIgniter\CodeIgniter->handleRequest(null, Object(Config\Cache), false)
 5 SYSTEMPATH/Boot.php(325): CodeIgniter\CodeIgniter->run()
 6 SYSTEMPATH/Boot.php(67): CodeIgniter\Boot::runCodeIgniter(Object(CodeIgniter\CodeIgniter))
 7 FCPATH/index.php(56): CodeIgniter\Boot::bootWeb(Object(Config\Paths))
CRITICAL - 2024-08-25 08:05:14 --> ErrorException: Trying to access array offset on value of type null
[Method: POST, Route: applicant/paynow]
in APPPATH/Controllers/Applicant.php on line 208.
 1 APPPATH/Controllers/Applicant.php(208): CodeIgniter\Debug\Exceptions->errorHandler(2, 'Trying to access array offset on value of type null', '/home/prtald/public_html/admissions/app/Controllers/Applicant.php', 208)
 2 SYSTEMPATH/CodeIgniter.php(933): App\Controllers\Applicant->paynow()
 3 SYSTEMPATH/CodeIgniter.php(509): CodeIgniter\CodeIgniter->runController(Object(App\Controllers\Applicant))
 4 SYSTEMPATH/CodeIgniter.php(355): CodeIgniter\CodeIgniter->handleRequest(null, Object(Config\Cache), false)
 5 SYSTEMPATH/Boot.php(325): CodeIgniter\CodeIgniter->run()
 6 SYSTEMPATH/Boot.php(67): CodeIgniter\Boot::runCodeIgniter(Object(CodeIgniter\CodeIgniter))
 7 FCPATH/index.php(56): CodeIgniter\Boot::bootWeb(Object(Config\Paths))
CRITICAL - 2024-08-25 08:06:43 --> ErrorException: Undefined variable $semail
[Method: POST, Route: account/forgetpass]
in APPPATH/Controllers/Account.php on line 316.
 1 APPPATH/Controllers/Account.php(316): CodeIgniter\Debug\Exceptions->errorHandler(2, 'Undefined variable $semail', '/home/prtald/public_html/admissions/app/Controllers/Account.php', 316)
 2 SYSTEMPATH/CodeIgniter.php(933): App\Controllers\Account->forgetpass()
 3 SYSTEMPATH/CodeIgniter.php(509): CodeIgniter\CodeIgniter->runController(Object(App\Controllers\Account))
 4 SYSTEMPATH/CodeIgniter.php(355): CodeIgniter\CodeIgniter->handleRequest(null, Object(Config\Cache), false)
 5 SYSTEMPATH/Boot.php(325): CodeIgniter\CodeIgniter->run()
 6 SYSTEMPATH/Boot.php(67): CodeIgniter\Boot::runCodeIgniter(Object(CodeIgniter\CodeIgniter))
 7 FCPATH/index.php(56): CodeIgniter\Boot::bootWeb(Object(Config\Paths))
ERROR - 2024-08-25 11:21:45 --> mysqli_sql_exception: Duplicate entry 'evesglam397@gmail.com' for key 'log_email' in /home/prtald/public_html/admissions/system/Database/MySQLi/Connection.php:312
Stack trace:
#0 /home/prtald/public_html/admissions/system/Database/MySQLi/Connection.php(312): mysqli->query('INSERT INTO `jl...', 0)
#1 /home/prtald/public_html/admissions/system/Database/BaseConnection.php(734): CodeIgniter\Database\MySQLi\Connection->execute('INSERT INTO `jl...')
#2 /home/prtald/public_html/admissions/system/Database/BaseConnection.php(648): CodeIgniter\Database\BaseConnection->simpleQuery('INSERT INTO `jl...')
#3 /home/prtald/public_html/admissions/system/Database/BaseBuilder.php(2332): CodeIgniter\Database\BaseConnection->query('INSERT INTO `jl...', Array, false)
#4 /home/prtald/public_html/admissions/app/Models/AccountModel.php(63): CodeIgniter\Database\BaseBuilder->insert(Array)
#5 /home/prtald/public_html/admissions/app/Controllers/Account.php(167): App\Models\AccountModel->create_account(Array)
#6 /home/prtald/public_html/admissions/system/CodeIgniter.php(933): App\Controllers\Account->store()
#7 /home/prtald/public_html/admissions/system/CodeIgniter.php(509): CodeIgniter\CodeIgniter->runController(Object(App\Controllers\Account))
#8 /home/prtald/public_html/admissions/system/CodeIgniter.php(355): CodeIgniter\CodeIgniter->handleRequest(NULL, Object(Config\Cache), false)
#9 /home/prtald/public_html/admissions/system/Boot.php(325): CodeIgniter\CodeIgniter->run()
#10 /home/prtald/public_html/admissions/system/Boot.php(67): CodeIgniter\Boot::runCodeIgniter(Object(CodeIgniter\CodeIgniter))
#11 /home/prtald/public_html/admissions/index.php(56): CodeIgniter\Boot::bootWeb(Object(Config\Paths))
#12 {main}
CRITICAL - 2024-08-25 12:26:26 --> ErrorException: Trying to access array offset on value of type null
[Method: POST, Route: applicant/paynow]
in APPPATH/Controllers/Applicant.php on line 208.
 1 APPPATH/Controllers/Applicant.php(208): CodeIgniter\Debug\Exceptions->errorHandler(2, 'Trying to access array offset on value of type null', '/home/prtald/public_html/admissions/app/Controllers/Applicant.php', 208)
 2 SYSTEMPATH/CodeIgniter.php(933): App\Controllers\Applicant->paynow()
 3 SYSTEMPATH/CodeIgniter.php(509): CodeIgniter\CodeIgniter->runController(Object(App\Controllers\Applicant))
 4 SYSTEMPATH/CodeIgniter.php(355): CodeIgniter\CodeIgniter->handleRequest(null, Object(Config\Cache), false)
 5 SYSTEMPATH/Boot.php(325): CodeIgniter\CodeIgniter->run()
 6 SYSTEMPATH/Boot.php(67): CodeIgniter\Boot::runCodeIgniter(Object(CodeIgniter\CodeIgniter))
 7 FCPATH/index.php(56): CodeIgniter\Boot::bootWeb(Object(Config\Paths))
CRITICAL - 2024-08-25 12:26:42 --> ErrorException: Trying to access array offset on value of type null
[Method: POST, Route: applicant/paynow]
in APPPATH/Controllers/Applicant.php on line 208.
 1 APPPATH/Controllers/Applicant.php(208): CodeIgniter\Debug\Exceptions->errorHandler(2, 'Trying to access array offset on value of type null', '/home/prtald/public_html/admissions/app/Controllers/Applicant.php', 208)
 2 SYSTEMPATH/CodeIgniter.php(933): App\Controllers\Applicant->paynow()
 3 SYSTEMPATH/CodeIgniter.php(509): CodeIgniter\CodeIgniter->runController(Object(App\Controllers\Applicant))
 4 SYSTEMPATH/CodeIgniter.php(355): CodeIgniter\CodeIgniter->handleRequest(null, Object(Config\Cache), false)
 5 SYSTEMPATH/Boot.php(325): CodeIgniter\CodeIgniter->run()
 6 SYSTEMPATH/Boot.php(67): CodeIgniter\Boot::runCodeIgniter(Object(CodeIgniter\CodeIgniter))
 7 FCPATH/index.php(56): CodeIgniter\Boot::bootWeb(Object(Config\Paths))
CRITICAL - 2024-08-25 12:26:55 --> ErrorException: Trying to access array offset on value of type null
[Method: POST, Route: applicant/paynow]
in APPPATH/Controllers/Applicant.php on line 208.
 1 APPPATH/Controllers/Applicant.php(208): CodeIgniter\Debug\Exceptions->errorHandler(2, 'Trying to access array offset on value of type null', '/home/prtald/public_html/admissions/app/Controllers/Applicant.php', 208)
 2 SYSTEMPATH/CodeIgniter.php(933): App\Controllers\Applicant->paynow()
 3 SYSTEMPATH/CodeIgniter.php(509): CodeIgniter\CodeIgniter->runController(Object(App\Controllers\Applicant))
 4 SYSTEMPATH/CodeIgniter.php(355): CodeIgniter\CodeIgniter->handleRequest(null, Object(Config\Cache), false)
 5 SYSTEMPATH/Boot.php(325): CodeIgniter\CodeIgniter->run()
 6 SYSTEMPATH/Boot.php(67): CodeIgniter\Boot::runCodeIgniter(Object(CodeIgniter\CodeIgniter))
 7 FCPATH/index.php(56): CodeIgniter\Boot::bootWeb(Object(Config\Paths))
CRITICAL - 2024-08-25 12:27:14 --> ErrorException: Trying to access array offset on value of type null
[Method: POST, Route: applicant/paynow]
in APPPATH/Controllers/Applicant.php on line 208.
 1 APPPATH/Controllers/Applicant.php(208): CodeIgniter\Debug\Exceptions->errorHandler(2, 'Trying to access array offset on value of type null', '/home/prtald/public_html/admissions/app/Controllers/Applicant.php', 208)
 2 SYSTEMPATH/CodeIgniter.php(933): App\Controllers\Applicant->paynow()
 3 SYSTEMPATH/CodeIgniter.php(509): CodeIgniter\CodeIgniter->runController(Object(App\Controllers\Applicant))
 4 SYSTEMPATH/CodeIgniter.php(355): CodeIgniter\CodeIgniter->handleRequest(null, Object(Config\Cache), false)
 5 SYSTEMPATH/Boot.php(325): CodeIgniter\CodeIgniter->run()
 6 SYSTEMPATH/Boot.php(67): CodeIgniter\Boot::runCodeIgniter(Object(CodeIgniter\CodeIgniter))
 7 FCPATH/index.php(56): CodeIgniter\Boot::bootWeb(Object(Config\Paths))
CRITICAL - 2024-08-25 12:33:07 --> ErrorException: Trying to access array offset on value of type null
[Method: POST, Route: applicant/paynow]
in APPPATH/Controllers/Applicant.php on line 208.
 1 APPPATH/Controllers/Applicant.php(208): CodeIgniter\Debug\Exceptions->errorHandler(2, 'Trying to access array offset on value of type null', '/home/prtald/public_html/admissions/app/Controllers/Applicant.php', 208)
 2 SYSTEMPATH/CodeIgniter.php(933): App\Controllers\Applicant->paynow()
 3 SYSTEMPATH/CodeIgniter.php(509): CodeIgniter\CodeIgniter->runController(Object(App\Controllers\Applicant))
 4 SYSTEMPATH/CodeIgniter.php(355): CodeIgniter\CodeIgniter->handleRequest(null, Object(Config\Cache), false)
 5 SYSTEMPATH/Boot.php(325): CodeIgniter\CodeIgniter->run()
 6 SYSTEMPATH/Boot.php(67): CodeIgniter\Boot::runCodeIgniter(Object(CodeIgniter\CodeIgniter))
 7 FCPATH/index.php(56): CodeIgniter\Boot::bootWeb(Object(Config\Paths))
CRITICAL - 2024-08-25 12:34:56 --> ErrorException: Trying to access array offset on value of type null
[Method: POST, Route: applicant/paynow]
in APPPATH/Controllers/Applicant.php on line 208.
 1 APPPATH/Controllers/Applicant.php(208): CodeIgniter\Debug\Exceptions->errorHandler(2, 'Trying to access array offset on value of type null', '/home/prtald/public_html/admissions/app/Controllers/Applicant.php', 208)
 2 SYSTEMPATH/CodeIgniter.php(933): App\Controllers\Applicant->paynow()
 3 SYSTEMPATH/CodeIgniter.php(509): CodeIgniter\CodeIgniter->runController(Object(App\Controllers\Applicant))
 4 SYSTEMPATH/CodeIgniter.php(355): CodeIgniter\CodeIgniter->handleRequest(null, Object(Config\Cache), false)
 5 SYSTEMPATH/Boot.php(325): CodeIgniter\CodeIgniter->run()
 6 SYSTEMPATH/Boot.php(67): CodeIgniter\Boot::runCodeIgniter(Object(CodeIgniter\CodeIgniter))
 7 FCPATH/index.php(56): CodeIgniter\Boot::bootWeb(Object(Config\Paths))
CRITICAL - 2024-08-25 12:40:45 --> ErrorException: Trying to access array offset on value of type null
[Method: POST, Route: applicant/paynow]
in APPPATH/Controllers/Applicant.php on line 208.
 1 APPPATH/Controllers/Applicant.php(208): CodeIgniter\Debug\Exceptions->errorHandler(2, 'Trying to access array offset on value of type null', '/home/prtald/public_html/admissions/app/Controllers/Applicant.php', 208)
 2 SYSTEMPATH/CodeIgniter.php(933): App\Controllers\Applicant->paynow()
 3 SYSTEMPATH/CodeIgniter.php(509): CodeIgniter\CodeIgniter->runController(Object(App\Controllers\Applicant))
 4 SYSTEMPATH/CodeIgniter.php(355): CodeIgniter\CodeIgniter->handleRequest(null, Object(Config\Cache), false)
 5 SYSTEMPATH/Boot.php(325): CodeIgniter\CodeIgniter->run()
 6 SYSTEMPATH/Boot.php(67): CodeIgniter\Boot::runCodeIgniter(Object(CodeIgniter\CodeIgniter))
 7 FCPATH/index.php(56): CodeIgniter\Boot::bootWeb(Object(Config\Paths))
CRITICAL - 2024-08-25 13:27:53 --> ErrorException: Trying to access array offset on value of type null
[Method: POST, Route: applicant/paynow]
in APPPATH/Controllers/Applicant.php on line 208.
 1 APPPATH/Controllers/Applicant.php(208): CodeIgniter\Debug\Exceptions->errorHandler(2, 'Trying to access array offset on value of type null', '/home/prtald/public_html/admissions/app/Controllers/Applicant.php', 208)
 2 SYSTEMPATH/CodeIgniter.php(933): App\Controllers\Applicant->paynow()
 3 SYSTEMPATH/CodeIgniter.php(509): CodeIgniter\CodeIgniter->runController(Object(App\Controllers\Applicant))
 4 SYSTEMPATH/CodeIgniter.php(355): CodeIgniter\CodeIgniter->handleRequest(null, Object(Config\Cache), false)
 5 SYSTEMPATH/Boot.php(325): CodeIgniter\CodeIgniter->run()
 6 SYSTEMPATH/Boot.php(67): CodeIgniter\Boot::runCodeIgniter(Object(CodeIgniter\CodeIgniter))
 7 FCPATH/index.php(56): CodeIgniter\Boot::bootWeb(Object(Config\Paths))
CRITICAL - 2024-08-25 13:28:46 --> ErrorException: Trying to access array offset on value of type null
[Method: POST, Route: applicant/paynow]
in APPPATH/Controllers/Applicant.php on line 208.
 1 APPPATH/Controllers/Applicant.php(208): CodeIgniter\Debug\Exceptions->errorHandler(2, 'Trying to access array offset on value of type null', '/home/prtald/public_html/admissions/app/Controllers/Applicant.php', 208)
 2 SYSTEMPATH/CodeIgniter.php(933): App\Controllers\Applicant->paynow()
 3 SYSTEMPATH/CodeIgniter.php(509): CodeIgniter\CodeIgniter->runController(Object(App\Controllers\Applicant))
 4 SYSTEMPATH/CodeIgniter.php(355): CodeIgniter\CodeIgniter->handleRequest(null, Object(Config\Cache), false)
 5 SYSTEMPATH/Boot.php(325): CodeIgniter\CodeIgniter->run()
 6 SYSTEMPATH/Boot.php(67): CodeIgniter\Boot::runCodeIgniter(Object(CodeIgniter\CodeIgniter))
 7 FCPATH/index.php(56): CodeIgniter\Boot::bootWeb(Object(Config\Paths))
CRITICAL - 2024-08-25 13:29:07 --> ErrorException: Trying to access array offset on value of type null
[Method: POST, Route: applicant/paynow]
in APPPATH/Controllers/Applicant.php on line 208.
 1 APPPATH/Controllers/Applicant.php(208): CodeIgniter\Debug\Exceptions->errorHandler(2, 'Trying to access array offset on value of type null', '/home/prtald/public_html/admissions/app/Controllers/Applicant.php', 208)
 2 SYSTEMPATH/CodeIgniter.php(933): App\Controllers\Applicant->paynow()
 3 SYSTEMPATH/CodeIgniter.php(509): CodeIgniter\CodeIgniter->runController(Object(App\Controllers\Applicant))
 4 SYSTEMPATH/CodeIgniter.php(355): CodeIgniter\CodeIgniter->handleRequest(null, Object(Config\Cache), false)
 5 SYSTEMPATH/Boot.php(325): CodeIgniter\CodeIgniter->run()
 6 SYSTEMPATH/Boot.php(67): CodeIgniter\Boot::runCodeIgniter(Object(CodeIgniter\CodeIgniter))
 7 FCPATH/index.php(56): CodeIgniter\Boot::bootWeb(Object(Config\Paths))
CRITICAL - 2024-08-25 13:29:26 --> ErrorException: Trying to access array offset on value of type null
[Method: POST, Route: applicant/paynow]
in APPPATH/Controllers/Applicant.php on line 208.
 1 APPPATH/Controllers/Applicant.php(208): CodeIgniter\Debug\Exceptions->errorHandler(2, 'Trying to access array offset on value of type null', '/home/prtald/public_html/admissions/app/Controllers/Applicant.php', 208)
 2 SYSTEMPATH/CodeIgniter.php(933): App\Controllers\Applicant->paynow()
 3 SYSTEMPATH/CodeIgniter.php(509): CodeIgniter\CodeIgniter->runController(Object(App\Controllers\Applicant))
 4 SYSTEMPATH/CodeIgniter.php(355): CodeIgniter\CodeIgniter->handleRequest(null, Object(Config\Cache), false)
 5 SYSTEMPATH/Boot.php(325): CodeIgniter\CodeIgniter->run()
 6 SYSTEMPATH/Boot.php(67): CodeIgniter\Boot::runCodeIgniter(Object(CodeIgniter\CodeIgniter))
 7 FCPATH/index.php(56): CodeIgniter\Boot::bootWeb(Object(Config\Paths))
CRITICAL - 2024-08-25 13:31:43 --> ErrorException: Trying to access array offset on value of type null
[Method: POST, Route: applicant/paynow]
in APPPATH/Controllers/Applicant.php on line 208.
 1 APPPATH/Controllers/Applicant.php(208): CodeIgniter\Debug\Exceptions->errorHandler(2, 'Trying to access array offset on value of type null', '/home/prtald/public_html/admissions/app/Controllers/Applicant.php', 208)
 2 SYSTEMPATH/CodeIgniter.php(933): App\Controllers\Applicant->paynow()
 3 SYSTEMPATH/CodeIgniter.php(509): CodeIgniter\CodeIgniter->runController(Object(App\Controllers\Applicant))
 4 SYSTEMPATH/CodeIgniter.php(355): CodeIgniter\CodeIgniter->handleRequest(null, Object(Config\Cache), false)
 5 SYSTEMPATH/Boot.php(325): CodeIgniter\CodeIgniter->run()
 6 SYSTEMPATH/Boot.php(67): CodeIgniter\Boot::runCodeIgniter(Object(CodeIgniter\CodeIgniter))
 7 FCPATH/index.php(56): CodeIgniter\Boot::bootWeb(Object(Config\Paths))
CRITICAL - 2024-08-25 13:48:32 --> ErrorException: Trying to access array offset on value of type null
[Method: POST, Route: applicant/paynow]
in APPPATH/Controllers/Applicant.php on line 208.
 1 APPPATH/Controllers/Applicant.php(208): CodeIgniter\Debug\Exceptions->errorHandler(2, 'Trying to access array offset on value of type null', '/home/prtald/public_html/admissions/app/Controllers/Applicant.php', 208)
 2 SYSTEMPATH/CodeIgniter.php(933): App\Controllers\Applicant->paynow()
 3 SYSTEMPATH/CodeIgniter.php(509): CodeIgniter\CodeIgniter->runController(Object(App\Controllers\Applicant))
 4 SYSTEMPATH/CodeIgniter.php(355): CodeIgniter\CodeIgniter->handleRequest(null, Object(Config\Cache), false)
 5 SYSTEMPATH/Boot.php(325): CodeIgniter\CodeIgniter->run()
 6 SYSTEMPATH/Boot.php(67): CodeIgniter\Boot::runCodeIgniter(Object(CodeIgniter\CodeIgniter))
 7 FCPATH/index.php(56): CodeIgniter\Boot::bootWeb(Object(Config\Paths))
CRITICAL - 2024-08-25 13:48:39 --> ErrorException: Trying to access array offset on value of type null
[Method: POST, Route: applicant/paynow]
in APPPATH/Controllers/Applicant.php on line 208.
 1 APPPATH/Controllers/Applicant.php(208): CodeIgniter\Debug\Exceptions->errorHandler(2, 'Trying to access array offset on value of type null', '/home/prtald/public_html/admissions/app/Controllers/Applicant.php', 208)
 2 SYSTEMPATH/CodeIgniter.php(933): App\Controllers\Applicant->paynow()
 3 SYSTEMPATH/CodeIgniter.php(509): CodeIgniter\CodeIgniter->runController(Object(App\Controllers\Applicant))
 4 SYSTEMPATH/CodeIgniter.php(355): CodeIgniter\CodeIgniter->handleRequest(null, Object(Config\Cache), false)
 5 SYSTEMPATH/Boot.php(325): CodeIgniter\CodeIgniter->run()
 6 SYSTEMPATH/Boot.php(67): CodeIgniter\Boot::runCodeIgniter(Object(CodeIgniter\CodeIgniter))
 7 FCPATH/index.php(56): CodeIgniter\Boot::bootWeb(Object(Config\Paths))
CRITICAL - 2024-08-25 13:55:16 --> ErrorException: Trying to access array offset on value of type null
[Method: POST, Route: applicant/paynow]
in APPPATH/Controllers/Applicant.php on line 208.
 1 APPPATH/Controllers/Applicant.php(208): CodeIgniter\Debug\Exceptions->errorHandler(2, 'Trying to access array offset on value of type null', '/home/prtald/public_html/admissions/app/Controllers/Applicant.php', 208)
 2 SYSTEMPATH/CodeIgniter.php(933): App\Controllers\Applicant->paynow()
 3 SYSTEMPATH/CodeIgniter.php(509): CodeIgniter\CodeIgniter->runController(Object(App\Controllers\Applicant))
 4 SYSTEMPATH/CodeIgniter.php(355): CodeIgniter\CodeIgniter->handleRequest(null, Object(Config\Cache), false)
 5 SYSTEMPATH/Boot.php(325): CodeIgniter\CodeIgniter->run()
 6 SYSTEMPATH/Boot.php(67): CodeIgniter\Boot::runCodeIgniter(Object(CodeIgniter\CodeIgniter))
 7 FCPATH/index.php(56): CodeIgniter\Boot::bootWeb(Object(Config\Paths))
CRITICAL - 2024-08-25 13:55:33 --> ErrorException: Trying to access array offset on value of type null
[Method: POST, Route: applicant/paynow]
in APPPATH/Controllers/Applicant.php on line 208.
 1 APPPATH/Controllers/Applicant.php(208): CodeIgniter\Debug\Exceptions->errorHandler(2, 'Trying to access array offset on value of type null', '/home/prtald/public_html/admissions/app/Controllers/Applicant.php', 208)
 2 SYSTEMPATH/CodeIgniter.php(933): App\Controllers\Applicant->paynow()
 3 SYSTEMPATH/CodeIgniter.php(509): CodeIgniter\CodeIgniter->runController(Object(App\Controllers\Applicant))
 4 SYSTEMPATH/CodeIgniter.php(355): CodeIgniter\CodeIgniter->handleRequest(null, Object(Config\Cache), false)
 5 SYSTEMPATH/Boot.php(325): CodeIgniter\CodeIgniter->run()
 6 SYSTEMPATH/Boot.php(67): CodeIgniter\Boot::runCodeIgniter(Object(CodeIgniter\CodeIgniter))
 7 FCPATH/index.php(56): CodeIgniter\Boot::bootWeb(Object(Config\Paths))
CRITICAL - 2024-08-25 13:56:48 --> ErrorException: Trying to access array offset on value of type null
[Method: POST, Route: applicant/paynow]
in APPPATH/Controllers/Applicant.php on line 208.
 1 APPPATH/Controllers/Applicant.php(208): CodeIgniter\Debug\Exceptions->errorHandler(2, 'Trying to access array offset on value of type null', '/home/prtald/public_html/admissions/app/Controllers/Applicant.php', 208)
 2 SYSTEMPATH/CodeIgniter.php(933): App\Controllers\Applicant->paynow()
 3 SYSTEMPATH/CodeIgniter.php(509): CodeIgniter\CodeIgniter->runController(Object(App\Controllers\Applicant))
 4 SYSTEMPATH/CodeIgniter.php(355): CodeIgniter\CodeIgniter->handleRequest(null, Object(Config\Cache), false)
 5 SYSTEMPATH/Boot.php(325): CodeIgniter\CodeIgniter->run()
 6 SYSTEMPATH/Boot.php(67): CodeIgniter\Boot::runCodeIgniter(Object(CodeIgniter\CodeIgniter))
 7 FCPATH/index.php(56): CodeIgniter\Boot::bootWeb(Object(Config\Paths))
CRITICAL - 2024-08-25 13:59:37 --> ErrorException: Trying to access array offset on value of type null
[Method: POST, Route: applicant/paynow]
in APPPATH/Controllers/Applicant.php on line 208.
 1 APPPATH/Controllers/Applicant.php(208): CodeIgniter\Debug\Exceptions->errorHandler(2, 'Trying to access array offset on value of type null', '/home/prtald/public_html/admissions/app/Controllers/Applicant.php', 208)
 2 SYSTEMPATH/CodeIgniter.php(933): App\Controllers\Applicant->paynow()
 3 SYSTEMPATH/CodeIgniter.php(509): CodeIgniter\CodeIgniter->runController(Object(App\Controllers\Applicant))
 4 SYSTEMPATH/CodeIgniter.php(355): CodeIgniter\CodeIgniter->handleRequest(null, Object(Config\Cache), false)
 5 SYSTEMPATH/Boot.php(325): CodeIgniter\CodeIgniter->run()
 6 SYSTEMPATH/Boot.php(67): CodeIgniter\Boot::runCodeIgniter(Object(CodeIgniter\CodeIgniter))
 7 FCPATH/index.php(56): CodeIgniter\Boot::bootWeb(Object(Config\Paths))
CRITICAL - 2024-08-25 14:01:15 --> ErrorException: Trying to access array offset on value of type null
[Method: POST, Route: applicant/paynow]
in APPPATH/Controllers/Applicant.php on line 208.
 1 APPPATH/Controllers/Applicant.php(208): CodeIgniter\Debug\Exceptions->errorHandler(2, 'Trying to access array offset on value of type null', '/home/prtald/public_html/admissions/app/Controllers/Applicant.php', 208)
 2 SYSTEMPATH/CodeIgniter.php(933): App\Controllers\Applicant->paynow()
 3 SYSTEMPATH/CodeIgniter.php(509): CodeIgniter\CodeIgniter->runController(Object(App\Controllers\Applicant))
 4 SYSTEMPATH/CodeIgniter.php(355): CodeIgniter\CodeIgniter->handleRequest(null, Object(Config\Cache), false)
 5 SYSTEMPATH/Boot.php(325): CodeIgniter\CodeIgniter->run()
 6 SYSTEMPATH/Boot.php(67): CodeIgniter\Boot::runCodeIgniter(Object(CodeIgniter\CodeIgniter))
 7 FCPATH/index.php(56): CodeIgniter\Boot::bootWeb(Object(Config\Paths))
CRITICAL - 2024-08-25 14:09:43 --> ErrorException: Undefined array key 0
[Method: GET, Route: applicant/phistory]
in APPPATH/Views/applicants/mypayments.php on line 56.
 1 APPPATH/Views/applicants/mypayments.php(56): CodeIgniter\Debug\Exceptions->errorHandler(2, 'Undefined array key 0', '/home/prtald/public_html/admissions/app/Views/applicants/mypayments.php', 56)
 2 SYSTEMPATH/View/View.php(234): include('/home/prtald/public_html/admissions/app/Views/applicants/mypayments.php')
 3 SYSTEMPATH/View/View.php(237): CodeIgniter\View\View->CodeIgniter\View\{closure}()
 4 SYSTEMPATH/Common.php(1171): CodeIgniter\View\View->render('applicants/mypayments', [], true)
 5 APPPATH/Controllers/Applicant.php(386): view('applicants/mypayments', [...])
 6 SYSTEMPATH/CodeIgniter.php(933): App\Controllers\Applicant->phistory()
 7 SYSTEMPATH/CodeIgniter.php(509): CodeIgniter\CodeIgniter->runController(Object(App\Controllers\Applicant))
 8 SYSTEMPATH/CodeIgniter.php(355): CodeIgniter\CodeIgniter->handleRequest(null, Object(Config\Cache), false)
 9 SYSTEMPATH/Boot.php(325): CodeIgniter\CodeIgniter->run()
10 SYSTEMPATH/Boot.php(67): CodeIgniter\Boot::runCodeIgniter(Object(CodeIgniter\CodeIgniter))
11 FCPATH/index.php(56): CodeIgniter\Boot::bootWeb(Object(Config\Paths))
CRITICAL - 2024-08-25 14:09:57 --> ErrorException: Trying to access array offset on value of type null
[Method: POST, Route: applicant/paynow]
in APPPATH/Controllers/Applicant.php on line 208.
 1 APPPATH/Controllers/Applicant.php(208): CodeIgniter\Debug\Exceptions->errorHandler(2, 'Trying to access array offset on value of type null', '/home/prtald/public_html/admissions/app/Controllers/Applicant.php', 208)
 2 SYSTEMPATH/CodeIgniter.php(933): App\Controllers\Applicant->paynow()
 3 SYSTEMPATH/CodeIgniter.php(509): CodeIgniter\CodeIgniter->runController(Object(App\Controllers\Applicant))
 4 SYSTEMPATH/CodeIgniter.php(355): CodeIgniter\CodeIgniter->handleRequest(null, Object(Config\Cache), false)
 5 SYSTEMPATH/Boot.php(325): CodeIgniter\CodeIgniter->run()
 6 SYSTEMPATH/Boot.php(67): CodeIgniter\Boot::runCodeIgniter(Object(CodeIgniter\CodeIgniter))
 7 FCPATH/index.php(56): CodeIgniter\Boot::bootWeb(Object(Config\Paths))
CRITICAL - 2024-08-25 14:11:06 --> ErrorException: Trying to access array offset on value of type null
[Method: POST, Route: applicant/paynow]
in APPPATH/Controllers/Applicant.php on line 208.
 1 APPPATH/Controllers/Applicant.php(208): CodeIgniter\Debug\Exceptions->errorHandler(2, 'Trying to access array offset on value of type null', '/home/prtald/public_html/admissions/app/Controllers/Applicant.php', 208)
 2 SYSTEMPATH/CodeIgniter.php(933): App\Controllers\Applicant->paynow()
 3 SYSTEMPATH/CodeIgniter.php(509): CodeIgniter\CodeIgniter->runController(Object(App\Controllers\Applicant))
 4 SYSTEMPATH/CodeIgniter.php(355): CodeIgniter\CodeIgniter->handleRequest(null, Object(Config\Cache), false)
 5 SYSTEMPATH/Boot.php(325): CodeIgniter\CodeIgniter->run()
 6 SYSTEMPATH/Boot.php(67): CodeIgniter\Boot::runCodeIgniter(Object(CodeIgniter\CodeIgniter))
 7 FCPATH/index.php(56): CodeIgniter\Boot::bootWeb(Object(Config\Paths))
CRITICAL - 2024-08-25 14:15:09 --> ErrorException: Undefined array key 0
[Method: GET, Route: applicant/phistory]
in APPPATH/Views/applicants/mypayments.php on line 56.
 1 APPPATH/Views/applicants/mypayments.php(56): CodeIgniter\Debug\Exceptions->errorHandler(2, 'Undefined array key 0', '/home/prtald/public_html/admissions/app/Views/applicants/mypayments.php', 56)
 2 SYSTEMPATH/View/View.php(234): include('/home/prtald/public_html/admissions/app/Views/applicants/mypayments.php')
 3 SYSTEMPATH/View/View.php(237): CodeIgniter\View\View->CodeIgniter\View\{closure}()
 4 SYSTEMPATH/Common.php(1171): CodeIgniter\View\View->render('applicants/mypayments', [], true)
 5 APPPATH/Controllers/Applicant.php(386): view('applicants/mypayments', [...])
 6 SYSTEMPATH/CodeIgniter.php(933): App\Controllers\Applicant->phistory()
 7 SYSTEMPATH/CodeIgniter.php(509): CodeIgniter\CodeIgniter->runController(Object(App\Controllers\Applicant))
 8 SYSTEMPATH/CodeIgniter.php(355): CodeIgniter\CodeIgniter->handleRequest(null, Object(Config\Cache), false)
 9 SYSTEMPATH/Boot.php(325): CodeIgniter\CodeIgniter->run()
10 SYSTEMPATH/Boot.php(67): CodeIgniter\Boot::runCodeIgniter(Object(CodeIgniter\CodeIgniter))
11 FCPATH/index.php(56): CodeIgniter\Boot::bootWeb(Object(Config\Paths))
CRITICAL - 2024-08-25 14:15:26 --> ErrorException: Trying to access array offset on value of type null
[Method: POST, Route: applicant/paynow]
in APPPATH/Controllers/Applicant.php on line 208.
 1 APPPATH/Controllers/Applicant.php(208): CodeIgniter\Debug\Exceptions->errorHandler(2, 'Trying to access array offset on value of type null', '/home/prtald/public_html/admissions/app/Controllers/Applicant.php', 208)
 2 SYSTEMPATH/CodeIgniter.php(933): App\Controllers\Applicant->paynow()
 3 SYSTEMPATH/CodeIgniter.php(509): CodeIgniter\CodeIgniter->runController(Object(App\Controllers\Applicant))
 4 SYSTEMPATH/CodeIgniter.php(355): CodeIgniter\CodeIgniter->handleRequest(null, Object(Config\Cache), false)
 5 SYSTEMPATH/Boot.php(325): CodeIgniter\CodeIgniter->run()
 6 SYSTEMPATH/Boot.php(67): CodeIgniter\Boot::runCodeIgniter(Object(CodeIgniter\CodeIgniter))
 7 FCPATH/index.php(56): CodeIgniter\Boot::bootWeb(Object(Config\Paths))
CRITICAL - 2024-08-25 14:23:59 --> ErrorException: Trying to access array offset on value of type null
[Method: POST, Route: applicant/paynow]
in APPPATH/Controllers/Applicant.php on line 208.
 1 APPPATH/Controllers/Applicant.php(208): CodeIgniter\Debug\Exceptions->errorHandler(2, 'Trying to access array offset on value of type null', '/home/prtald/public_html/admissions/app/Controllers/Applicant.php', 208)
 2 SYSTEMPATH/CodeIgniter.php(933): App\Controllers\Applicant->paynow()
 3 SYSTEMPATH/CodeIgniter.php(509): CodeIgniter\CodeIgniter->runController(Object(App\Controllers\Applicant))
 4 SYSTEMPATH/CodeIgniter.php(355): CodeIgniter\CodeIgniter->handleRequest(null, Object(Config\Cache), false)
 5 SYSTEMPATH/Boot.php(325): CodeIgniter\CodeIgniter->run()
 6 SYSTEMPATH/Boot.php(67): CodeIgniter\Boot::runCodeIgniter(Object(CodeIgniter\CodeIgniter))
 7 FCPATH/index.php(56): CodeIgniter\Boot::bootWeb(Object(Config\Paths))
CRITICAL - 2024-08-25 14:32:25 --> ErrorException: Trying to access array offset on value of type null
[Method: POST, Route: applicant/paynow]
in APPPATH/Controllers/Applicant.php on line 208.
 1 APPPATH/Controllers/Applicant.php(208): CodeIgniter\Debug\Exceptions->errorHandler(2, 'Trying to access array offset on value of type null', '/home/prtald/public_html/admissions/app/Controllers/Applicant.php', 208)
 2 SYSTEMPATH/CodeIgniter.php(933): App\Controllers\Applicant->paynow()
 3 SYSTEMPATH/CodeIgniter.php(509): CodeIgniter\CodeIgniter->runController(Object(App\Controllers\Applicant))
 4 SYSTEMPATH/CodeIgniter.php(355): CodeIgniter\CodeIgniter->handleRequest(null, Object(Config\Cache), false)
 5 SYSTEMPATH/Boot.php(325): CodeIgniter\CodeIgniter->run()
 6 SYSTEMPATH/Boot.php(67): CodeIgniter\Boot::runCodeIgniter(Object(CodeIgniter\CodeIgniter))
 7 FCPATH/index.php(56): CodeIgniter\Boot::bootWeb(Object(Config\Paths))
CRITICAL - 2024-08-25 14:32:34 --> ErrorException: Trying to access array offset on value of type null
[Method: POST, Route: applicant/paynow]
in APPPATH/Controllers/Applicant.php on line 208.
 1 APPPATH/Controllers/Applicant.php(208): CodeIgniter\Debug\Exceptions->errorHandler(2, 'Trying to access array offset on value of type null', '/home/prtald/public_html/admissions/app/Controllers/Applicant.php', 208)
 2 SYSTEMPATH/CodeIgniter.php(933): App\Controllers\Applicant->paynow()
 3 SYSTEMPATH/CodeIgniter.php(509): CodeIgniter\CodeIgniter->runController(Object(App\Controllers\Applicant))
 4 SYSTEMPATH/CodeIgniter.php(355): CodeIgniter\CodeIgniter->handleRequest(null, Object(Config\Cache), false)
 5 SYSTEMPATH/Boot.php(325): CodeIgniter\CodeIgniter->run()
 6 SYSTEMPATH/Boot.php(67): CodeIgniter\Boot::runCodeIgniter(Object(CodeIgniter\CodeIgniter))
 7 FCPATH/index.php(56): CodeIgniter\Boot::bootWeb(Object(Config\Paths))
CRITICAL - 2024-08-25 14:32:45 --> ErrorException: Trying to access array offset on value of type null
[Method: POST, Route: applicant/paynow]
in APPPATH/Controllers/Applicant.php on line 208.
 1 APPPATH/Controllers/Applicant.php(208): CodeIgniter\Debug\Exceptions->errorHandler(2, 'Trying to access array offset on value of type null', '/home/prtald/public_html/admissions/app/Controllers/Applicant.php', 208)
 2 SYSTEMPATH/CodeIgniter.php(933): App\Controllers\Applicant->paynow()
 3 SYSTEMPATH/CodeIgniter.php(509): CodeIgniter\CodeIgniter->runController(Object(App\Controllers\Applicant))
 4 SYSTEMPATH/CodeIgniter.php(355): CodeIgniter\CodeIgniter->handleRequest(null, Object(Config\Cache), false)
 5 SYSTEMPATH/Boot.php(325): CodeIgniter\CodeIgniter->run()
 6 SYSTEMPATH/Boot.php(67): CodeIgniter\Boot::runCodeIgniter(Object(CodeIgniter\CodeIgniter))
 7 FCPATH/index.php(56): CodeIgniter\Boot::bootWeb(Object(Config\Paths))
CRITICAL - 2024-08-25 14:32:53 --> ErrorException: Trying to access array offset on value of type null
[Method: POST, Route: applicant/paynow]
in APPPATH/Controllers/Applicant.php on line 208.
 1 APPPATH/Controllers/Applicant.php(208): CodeIgniter\Debug\Exceptions->errorHandler(2, 'Trying to access array offset on value of type null', '/home/prtald/public_html/admissions/app/Controllers/Applicant.php', 208)
 2 SYSTEMPATH/CodeIgniter.php(933): App\Controllers\Applicant->paynow()
 3 SYSTEMPATH/CodeIgniter.php(509): CodeIgniter\CodeIgniter->runController(Object(App\Controllers\Applicant))
 4 SYSTEMPATH/CodeIgniter.php(355): CodeIgniter\CodeIgniter->handleRequest(null, Object(Config\Cache), false)
 5 SYSTEMPATH/Boot.php(325): CodeIgniter\CodeIgniter->run()
 6 SYSTEMPATH/Boot.php(67): CodeIgniter\Boot::runCodeIgniter(Object(CodeIgniter\CodeIgniter))
 7 FCPATH/index.php(56): CodeIgniter\Boot::bootWeb(Object(Config\Paths))
CRITICAL - 2024-08-25 14:32:58 --> ErrorException: Trying to access array offset on value of type null
[Method: POST, Route: applicant/paynow]
in APPPATH/Controllers/Applicant.php on line 208.
 1 APPPATH/Controllers/Applicant.php(208): CodeIgniter\Debug\Exceptions->errorHandler(2, 'Trying to access array offset on value of type null', '/home/prtald/public_html/admissions/app/Controllers/Applicant.php', 208)
 2 SYSTEMPATH/CodeIgniter.php(933): App\Controllers\Applicant->paynow()
 3 SYSTEMPATH/CodeIgniter.php(509): CodeIgniter\CodeIgniter->runController(Object(App\Controllers\Applicant))
 4 SYSTEMPATH/CodeIgniter.php(355): CodeIgniter\CodeIgniter->handleRequest(null, Object(Config\Cache), false)
 5 SYSTEMPATH/Boot.php(325): CodeIgniter\CodeIgniter->run()
 6 SYSTEMPATH/Boot.php(67): CodeIgniter\Boot::runCodeIgniter(Object(CodeIgniter\CodeIgniter))
 7 FCPATH/index.php(56): CodeIgniter\Boot::bootWeb(Object(Config\Paths))
CRITICAL - 2024-08-25 14:33:04 --> ErrorException: Trying to access array offset on value of type null
[Method: POST, Route: applicant/paynow]
in APPPATH/Controllers/Applicant.php on line 208.
 1 APPPATH/Controllers/Applicant.php(208): CodeIgniter\Debug\Exceptions->errorHandler(2, 'Trying to access array offset on value of type null', '/home/prtald/public_html/admissions/app/Controllers/Applicant.php', 208)
 2 SYSTEMPATH/CodeIgniter.php(933): App\Controllers\Applicant->paynow()
 3 SYSTEMPATH/CodeIgniter.php(509): CodeIgniter\CodeIgniter->runController(Object(App\Controllers\Applicant))
 4 SYSTEMPATH/CodeIgniter.php(355): CodeIgniter\CodeIgniter->handleRequest(null, Object(Config\Cache), false)
 5 SYSTEMPATH/Boot.php(325): CodeIgniter\CodeIgniter->run()
 6 SYSTEMPATH/Boot.php(67): CodeIgniter\Boot::runCodeIgniter(Object(CodeIgniter\CodeIgniter))
 7 FCPATH/index.php(56): CodeIgniter\Boot::bootWeb(Object(Config\Paths))
CRITICAL - 2024-08-25 14:33:09 --> ErrorException: Trying to access array offset on value of type null
[Method: POST, Route: applicant/paynow]
in APPPATH/Controllers/Applicant.php on line 208.
 1 APPPATH/Controllers/Applicant.php(208): CodeIgniter\Debug\Exceptions->errorHandler(2, 'Trying to access array offset on value of type null', '/home/prtald/public_html/admissions/app/Controllers/Applicant.php', 208)
 2 SYSTEMPATH/CodeIgniter.php(933): App\Controllers\Applicant->paynow()
 3 SYSTEMPATH/CodeIgniter.php(509): CodeIgniter\CodeIgniter->runController(Object(App\Controllers\Applicant))
 4 SYSTEMPATH/CodeIgniter.php(355): CodeIgniter\CodeIgniter->handleRequest(null, Object(Config\Cache), false)
 5 SYSTEMPATH/Boot.php(325): CodeIgniter\CodeIgniter->run()
 6 SYSTEMPATH/Boot.php(67): CodeIgniter\Boot::runCodeIgniter(Object(CodeIgniter\CodeIgniter))
 7 FCPATH/index.php(56): CodeIgniter\Boot::bootWeb(Object(Config\Paths))
CRITICAL - 2024-08-25 14:33:16 --> ErrorException: Trying to access array offset on value of type null
[Method: POST, Route: applicant/paynow]
in APPPATH/Controllers/Applicant.php on line 208.
 1 APPPATH/Controllers/Applicant.php(208): CodeIgniter\Debug\Exceptions->errorHandler(2, 'Trying to access array offset on value of type null', '/home/prtald/public_html/admissions/app/Controllers/Applicant.php', 208)
 2 SYSTEMPATH/CodeIgniter.php(933): App\Controllers\Applicant->paynow()
 3 SYSTEMPATH/CodeIgniter.php(509): CodeIgniter\CodeIgniter->runController(Object(App\Controllers\Applicant))
 4 SYSTEMPATH/CodeIgniter.php(355): CodeIgniter\CodeIgniter->handleRequest(null, Object(Config\Cache), false)
 5 SYSTEMPATH/Boot.php(325): CodeIgniter\CodeIgniter->run()
 6 SYSTEMPATH/Boot.php(67): CodeIgniter\Boot::runCodeIgniter(Object(CodeIgniter\CodeIgniter))
 7 FCPATH/index.php(56): CodeIgniter\Boot::bootWeb(Object(Config\Paths))
CRITICAL - 2024-08-25 14:34:10 --> ErrorException: Trying to access array offset on value of type null
[Method: POST, Route: applicant/paynow]
in APPPATH/Controllers/Applicant.php on line 208.
 1 APPPATH/Controllers/Applicant.php(208): CodeIgniter\Debug\Exceptions->errorHandler(2, 'Trying to access array offset on value of type null', '/home/prtald/public_html/admissions/app/Controllers/Applicant.php', 208)
 2 SYSTEMPATH/CodeIgniter.php(933): App\Controllers\Applicant->paynow()
 3 SYSTEMPATH/CodeIgniter.php(509): CodeIgniter\CodeIgniter->runController(Object(App\Controllers\Applicant))
 4 SYSTEMPATH/CodeIgniter.php(355): CodeIgniter\CodeIgniter->handleRequest(null, Object(Config\Cache), false)
 5 SYSTEMPATH/Boot.php(325): CodeIgniter\CodeIgniter->run()
 6 SYSTEMPATH/Boot.php(67): CodeIgniter\Boot::runCodeIgniter(Object(CodeIgniter\CodeIgniter))
 7 FCPATH/index.php(56): CodeIgniter\Boot::bootWeb(Object(Config\Paths))
CRITICAL - 2024-08-25 14:34:17 --> ErrorException: Trying to access array offset on value of type null
[Method: POST, Route: applicant/paynow]
in APPPATH/Controllers/Applicant.php on line 208.
 1 APPPATH/Controllers/Applicant.php(208): CodeIgniter\Debug\Exceptions->errorHandler(2, 'Trying to access array offset on value of type null', '/home/prtald/public_html/admissions/app/Controllers/Applicant.php', 208)
 2 SYSTEMPATH/CodeIgniter.php(933): App\Controllers\Applicant->paynow()
 3 SYSTEMPATH/CodeIgniter.php(509): CodeIgniter\CodeIgniter->runController(Object(App\Controllers\Applicant))
 4 SYSTEMPATH/CodeIgniter.php(355): CodeIgniter\CodeIgniter->handleRequest(null, Object(Config\Cache), false)
 5 SYSTEMPATH/Boot.php(325): CodeIgniter\CodeIgniter->run()
 6 SYSTEMPATH/Boot.php(67): CodeIgniter\Boot::runCodeIgniter(Object(CodeIgniter\CodeIgniter))
 7 FCPATH/index.php(56): CodeIgniter\Boot::bootWeb(Object(Config\Paths))
CRITICAL - 2024-08-25 14:34:23 --> ErrorException: Trying to access array offset on value of type null
[Method: POST, Route: applicant/paynow]
in APPPATH/Controllers/Applicant.php on line 208.
 1 APPPATH/Controllers/Applicant.php(208): CodeIgniter\Debug\Exceptions->errorHandler(2, 'Trying to access array offset on value of type null', '/home/prtald/public_html/admissions/app/Controllers/Applicant.php', 208)
 2 SYSTEMPATH/CodeIgniter.php(933): App\Controllers\Applicant->paynow()
 3 SYSTEMPATH/CodeIgniter.php(509): CodeIgniter\CodeIgniter->runController(Object(App\Controllers\Applicant))
 4 SYSTEMPATH/CodeIgniter.php(355): CodeIgniter\CodeIgniter->handleRequest(null, Object(Config\Cache), false)
 5 SYSTEMPATH/Boot.php(325): CodeIgniter\CodeIgniter->run()
 6 SYSTEMPATH/Boot.php(67): CodeIgniter\Boot::runCodeIgniter(Object(CodeIgniter\CodeIgniter))
 7 FCPATH/index.php(56): CodeIgniter\Boot::bootWeb(Object(Config\Paths))
CRITICAL - 2024-08-25 14:34:27 --> ErrorException: Trying to access array offset on value of type null
[Method: POST, Route: applicant/paynow]
in APPPATH/Controllers/Applicant.php on line 208.
 1 APPPATH/Controllers/Applicant.php(208): CodeIgniter\Debug\Exceptions->errorHandler(2, 'Trying to access array offset on value of type null', '/home/prtald/public_html/admissions/app/Controllers/Applicant.php', 208)
 2 SYSTEMPATH/CodeIgniter.php(933): App\Controllers\Applicant->paynow()
 3 SYSTEMPATH/CodeIgniter.php(509): CodeIgniter\CodeIgniter->runController(Object(App\Controllers\Applicant))
 4 SYSTEMPATH/CodeIgniter.php(355): CodeIgniter\CodeIgniter->handleRequest(null, Object(Config\Cache), false)
 5 SYSTEMPATH/Boot.php(325): CodeIgniter\CodeIgniter->run()
 6 SYSTEMPATH/Boot.php(67): CodeIgniter\Boot::runCodeIgniter(Object(CodeIgniter\CodeIgniter))
 7 FCPATH/index.php(56): CodeIgniter\Boot::bootWeb(Object(Config\Paths))
CRITICAL - 2024-08-25 14:34:32 --> ErrorException: Trying to access array offset on value of type null
[Method: POST, Route: applicant/paynow]
in APPPATH/Controllers/Applicant.php on line 208.
 1 APPPATH/Controllers/Applicant.php(208): CodeIgniter\Debug\Exceptions->errorHandler(2, 'Trying to access array offset on value of type null', '/home/prtald/public_html/admissions/app/Controllers/Applicant.php', 208)
 2 SYSTEMPATH/CodeIgniter.php(933): App\Controllers\Applicant->paynow()
 3 SYSTEMPATH/CodeIgniter.php(509): CodeIgniter\CodeIgniter->runController(Object(App\Controllers\Applicant))
 4 SYSTEMPATH/CodeIgniter.php(355): CodeIgniter\CodeIgniter->handleRequest(null, Object(Config\Cache), false)
 5 SYSTEMPATH/Boot.php(325): CodeIgniter\CodeIgniter->run()
 6 SYSTEMPATH/Boot.php(67): CodeIgniter\Boot::runCodeIgniter(Object(CodeIgniter\CodeIgniter))
 7 FCPATH/index.php(56): CodeIgniter\Boot::bootWeb(Object(Config\Paths))
CRITICAL - 2024-08-25 14:34:37 --> ErrorException: Trying to access array offset on value of type null
[Method: POST, Route: applicant/paynow]
in APPPATH/Controllers/Applicant.php on line 208.
 1 APPPATH/Controllers/Applicant.php(208): CodeIgniter\Debug\Exceptions->errorHandler(2, 'Trying to access array offset on value of type null', '/home/prtald/public_html/admissions/app/Controllers/Applicant.php', 208)
 2 SYSTEMPATH/CodeIgniter.php(933): App\Controllers\Applicant->paynow()
 3 SYSTEMPATH/CodeIgniter.php(509): CodeIgniter\CodeIgniter->runController(Object(App\Controllers\Applicant))
 4 SYSTEMPATH/CodeIgniter.php(355): CodeIgniter\CodeIgniter->handleRequest(null, Object(Config\Cache), false)
 5 SYSTEMPATH/Boot.php(325): CodeIgniter\CodeIgniter->run()
 6 SYSTEMPATH/Boot.php(67): CodeIgniter\Boot::runCodeIgniter(Object(CodeIgniter\CodeIgniter))
 7 FCPATH/index.php(56): CodeIgniter\Boot::bootWeb(Object(Config\Paths))
CRITICAL - 2024-08-25 14:34:43 --> ErrorException: Trying to access array offset on value of type null
[Method: POST, Route: applicant/paynow]
in APPPATH/Controllers/Applicant.php on line 208.
 1 APPPATH/Controllers/Applicant.php(208): CodeIgniter\Debug\Exceptions->errorHandler(2, 'Trying to access array offset on value of type null', '/home/prtald/public_html/admissions/app/Controllers/Applicant.php', 208)
 2 SYSTEMPATH/CodeIgniter.php(933): App\Controllers\Applicant->paynow()
 3 SYSTEMPATH/CodeIgniter.php(509): CodeIgniter\CodeIgniter->runController(Object(App\Controllers\Applicant))
 4 SYSTEMPATH/CodeIgniter.php(355): CodeIgniter\CodeIgniter->handleRequest(null, Object(Config\Cache), false)
 5 SYSTEMPATH/Boot.php(325): CodeIgniter\CodeIgniter->run()
 6 SYSTEMPATH/Boot.php(67): CodeIgniter\Boot::runCodeIgniter(Object(CodeIgniter\CodeIgniter))
 7 FCPATH/index.php(56): CodeIgniter\Boot::bootWeb(Object(Config\Paths))
CRITICAL - 2024-08-25 14:34:48 --> ErrorException: Trying to access array offset on value of type null
[Method: POST, Route: applicant/paynow]
in APPPATH/Controllers/Applicant.php on line 208.
 1 APPPATH/Controllers/Applicant.php(208): CodeIgniter\Debug\Exceptions->errorHandler(2, 'Trying to access array offset on value of type null', '/home/prtald/public_html/admissions/app/Controllers/Applicant.php', 208)
 2 SYSTEMPATH/CodeIgniter.php(933): App\Controllers\Applicant->paynow()
 3 SYSTEMPATH/CodeIgniter.php(509): CodeIgniter\CodeIgniter->runController(Object(App\Controllers\Applicant))
 4 SYSTEMPATH/CodeIgniter.php(355): CodeIgniter\CodeIgniter->handleRequest(null, Object(Config\Cache), false)
 5 SYSTEMPATH/Boot.php(325): CodeIgniter\CodeIgniter->run()
 6 SYSTEMPATH/Boot.php(67): CodeIgniter\Boot::runCodeIgniter(Object(CodeIgniter\CodeIgniter))
 7 FCPATH/index.php(56): CodeIgniter\Boot::bootWeb(Object(Config\Paths))
CRITICAL - 2024-08-25 14:34:52 --> ErrorException: Trying to access array offset on value of type null
[Method: POST, Route: applicant/paynow]
in APPPATH/Controllers/Applicant.php on line 208.
 1 APPPATH/Controllers/Applicant.php(208): CodeIgniter\Debug\Exceptions->errorHandler(2, 'Trying to access array offset on value of type null', '/home/prtald/public_html/admissions/app/Controllers/Applicant.php', 208)
 2 SYSTEMPATH/CodeIgniter.php(933): App\Controllers\Applicant->paynow()
 3 SYSTEMPATH/CodeIgniter.php(509): CodeIgniter\CodeIgniter->runController(Object(App\Controllers\Applicant))
 4 SYSTEMPATH/CodeIgniter.php(355): CodeIgniter\CodeIgniter->handleRequest(null, Object(Config\Cache), false)
 5 SYSTEMPATH/Boot.php(325): CodeIgniter\CodeIgniter->run()
 6 SYSTEMPATH/Boot.php(67): CodeIgniter\Boot::runCodeIgniter(Object(CodeIgniter\CodeIgniter))
 7 FCPATH/index.php(56): CodeIgniter\Boot::bootWeb(Object(Config\Paths))
CRITICAL - 2024-08-25 14:34:57 --> ErrorException: Trying to access array offset on value of type null
[Method: POST, Route: applicant/paynow]
in APPPATH/Controllers/Applicant.php on line 208.
 1 APPPATH/Controllers/Applicant.php(208): CodeIgniter\Debug\Exceptions->errorHandler(2, 'Trying to access array offset on value of type null', '/home/prtald/public_html/admissions/app/Controllers/Applicant.php', 208)
 2 SYSTEMPATH/CodeIgniter.php(933): App\Controllers\Applicant->paynow()
 3 SYSTEMPATH/CodeIgniter.php(509): CodeIgniter\CodeIgniter->runController(Object(App\Controllers\Applicant))
 4 SYSTEMPATH/CodeIgniter.php(355): CodeIgniter\CodeIgniter->handleRequest(null, Object(Config\Cache), false)
 5 SYSTEMPATH/Boot.php(325): CodeIgniter\CodeIgniter->run()
 6 SYSTEMPATH/Boot.php(67): CodeIgniter\Boot::runCodeIgniter(Object(CodeIgniter\CodeIgniter))
 7 FCPATH/index.php(56): CodeIgniter\Boot::bootWeb(Object(Config\Paths))
CRITICAL - 2024-08-25 14:36:01 --> ErrorException: Trying to access array offset on value of type null
[Method: POST, Route: applicant/paynow]
in APPPATH/Controllers/Applicant.php on line 208.
 1 APPPATH/Controllers/Applicant.php(208): CodeIgniter\Debug\Exceptions->errorHandler(2, 'Trying to access array offset on value of type null', '/home/prtald/public_html/admissions/app/Controllers/Applicant.php', 208)
 2 SYSTEMPATH/CodeIgniter.php(933): App\Controllers\Applicant->paynow()
 3 SYSTEMPATH/CodeIgniter.php(509): CodeIgniter\CodeIgniter->runController(Object(App\Controllers\Applicant))
 4 SYSTEMPATH/CodeIgniter.php(355): CodeIgniter\CodeIgniter->handleRequest(null, Object(Config\Cache), false)
 5 SYSTEMPATH/Boot.php(325): CodeIgniter\CodeIgniter->run()
 6 SYSTEMPATH/Boot.php(67): CodeIgniter\Boot::runCodeIgniter(Object(CodeIgniter\CodeIgniter))
 7 FCPATH/index.php(56): CodeIgniter\Boot::bootWeb(Object(Config\Paths))
CRITICAL - 2024-08-25 14:36:09 --> ErrorException: Trying to access array offset on value of type null
[Method: POST, Route: applicant/paynow]
in APPPATH/Controllers/Applicant.php on line 208.
 1 APPPATH/Controllers/Applicant.php(208): CodeIgniter\Debug\Exceptions->errorHandler(2, 'Trying to access array offset on value of type null', '/home/prtald/public_html/admissions/app/Controllers/Applicant.php', 208)
 2 SYSTEMPATH/CodeIgniter.php(933): App\Controllers\Applicant->paynow()
 3 SYSTEMPATH/CodeIgniter.php(509): CodeIgniter\CodeIgniter->runController(Object(App\Controllers\Applicant))
 4 SYSTEMPATH/CodeIgniter.php(355): CodeIgniter\CodeIgniter->handleRequest(null, Object(Config\Cache), false)
 5 SYSTEMPATH/Boot.php(325): CodeIgniter\CodeIgniter->run()
 6 SYSTEMPATH/Boot.php(67): CodeIgniter\Boot::runCodeIgniter(Object(CodeIgniter\CodeIgniter))
 7 FCPATH/index.php(56): CodeIgniter\Boot::bootWeb(Object(Config\Paths))
CRITICAL - 2024-08-25 14:36:13 --> ErrorException: Trying to access array offset on value of type null
[Method: POST, Route: applicant/paynow]
in APPPATH/Controllers/Applicant.php on line 208.
 1 APPPATH/Controllers/Applicant.php(208): CodeIgniter\Debug\Exceptions->errorHandler(2, 'Trying to access array offset on value of type null', '/home/prtald/public_html/admissions/app/Controllers/Applicant.php', 208)
 2 SYSTEMPATH/CodeIgniter.php(933): App\Controllers\Applicant->paynow()
 3 SYSTEMPATH/CodeIgniter.php(509): CodeIgniter\CodeIgniter->runController(Object(App\Controllers\Applicant))
 4 SYSTEMPATH/CodeIgniter.php(355): CodeIgniter\CodeIgniter->handleRequest(null, Object(Config\Cache), false)
 5 SYSTEMPATH/Boot.php(325): CodeIgniter\CodeIgniter->run()
 6 SYSTEMPATH/Boot.php(67): CodeIgniter\Boot::runCodeIgniter(Object(CodeIgniter\CodeIgniter))
 7 FCPATH/index.php(56): CodeIgniter\Boot::bootWeb(Object(Config\Paths))
CRITICAL - 2024-08-25 14:36:18 --> ErrorException: Trying to access array offset on value of type null
[Method: POST, Route: applicant/paynow]
in APPPATH/Controllers/Applicant.php on line 208.
 1 APPPATH/Controllers/Applicant.php(208): CodeIgniter\Debug\Exceptions->errorHandler(2, 'Trying to access array offset on value of type null', '/home/prtald/public_html/admissions/app/Controllers/Applicant.php', 208)
 2 SYSTEMPATH/CodeIgniter.php(933): App\Controllers\Applicant->paynow()
 3 SYSTEMPATH/CodeIgniter.php(509): CodeIgniter\CodeIgniter->runController(Object(App\Controllers\Applicant))
 4 SYSTEMPATH/CodeIgniter.php(355): CodeIgniter\CodeIgniter->handleRequest(null, Object(Config\Cache), false)
 5 SYSTEMPATH/Boot.php(325): CodeIgniter\CodeIgniter->run()
 6 SYSTEMPATH/Boot.php(67): CodeIgniter\Boot::runCodeIgniter(Object(CodeIgniter\CodeIgniter))
 7 FCPATH/index.php(56): CodeIgniter\Boot::bootWeb(Object(Config\Paths))
CRITICAL - 2024-08-25 14:39:27 --> ErrorException: Trying to access array offset on value of type null
[Method: POST, Route: applicant/paynow]
in APPPATH/Controllers/Applicant.php on line 208.
 1 APPPATH/Controllers/Applicant.php(208): CodeIgniter\Debug\Exceptions->errorHandler(2, 'Trying to access array offset on value of type null', '/home/prtald/public_html/admissions/app/Controllers/Applicant.php', 208)
 2 SYSTEMPATH/CodeIgniter.php(933): App\Controllers\Applicant->paynow()
 3 SYSTEMPATH/CodeIgniter.php(509): CodeIgniter\CodeIgniter->runController(Object(App\Controllers\Applicant))
 4 SYSTEMPATH/CodeIgniter.php(355): CodeIgniter\CodeIgniter->handleRequest(null, Object(Config\Cache), false)
 5 SYSTEMPATH/Boot.php(325): CodeIgniter\CodeIgniter->run()
 6 SYSTEMPATH/Boot.php(67): CodeIgniter\Boot::runCodeIgniter(Object(CodeIgniter\CodeIgniter))
 7 FCPATH/index.php(56): CodeIgniter\Boot::bootWeb(Object(Config\Paths))
CRITICAL - 2024-08-25 14:39:33 --> ErrorException: Trying to access array offset on value of type null
[Method: POST, Route: applicant/paynow]
in APPPATH/Controllers/Applicant.php on line 208.
 1 APPPATH/Controllers/Applicant.php(208): CodeIgniter\Debug\Exceptions->errorHandler(2, 'Trying to access array offset on value of type null', '/home/prtald/public_html/admissions/app/Controllers/Applicant.php', 208)
 2 SYSTEMPATH/CodeIgniter.php(933): App\Controllers\Applicant->paynow()
 3 SYSTEMPATH/CodeIgniter.php(509): CodeIgniter\CodeIgniter->runController(Object(App\Controllers\Applicant))
 4 SYSTEMPATH/CodeIgniter.php(355): CodeIgniter\CodeIgniter->handleRequest(null, Object(Config\Cache), false)
 5 SYSTEMPATH/Boot.php(325): CodeIgniter\CodeIgniter->run()
 6 SYSTEMPATH/Boot.php(67): CodeIgniter\Boot::runCodeIgniter(Object(CodeIgniter\CodeIgniter))
 7 FCPATH/index.php(56): CodeIgniter\Boot::bootWeb(Object(Config\Paths))
CRITICAL - 2024-08-25 14:39:45 --> ErrorException: Trying to access array offset on value of type null
[Method: POST, Route: applicant/paynow]
in APPPATH/Controllers/Applicant.php on line 208.
 1 APPPATH/Controllers/Applicant.php(208): CodeIgniter\Debug\Exceptions->errorHandler(2, 'Trying to access array offset on value of type null', '/home/prtald/public_html/admissions/app/Controllers/Applicant.php', 208)
 2 SYSTEMPATH/CodeIgniter.php(933): App\Controllers\Applicant->paynow()
 3 SYSTEMPATH/CodeIgniter.php(509): CodeIgniter\CodeIgniter->runController(Object(App\Controllers\Applicant))
 4 SYSTEMPATH/CodeIgniter.php(355): CodeIgniter\CodeIgniter->handleRequest(null, Object(Config\Cache), false)
 5 SYSTEMPATH/Boot.php(325): CodeIgniter\CodeIgniter->run()
 6 SYSTEMPATH/Boot.php(67): CodeIgniter\Boot::runCodeIgniter(Object(CodeIgniter\CodeIgniter))
 7 FCPATH/index.php(56): CodeIgniter\Boot::bootWeb(Object(Config\Paths))
CRITICAL - 2024-08-25 14:39:50 --> ErrorException: Trying to access array offset on value of type null
[Method: POST, Route: applicant/paynow]
in APPPATH/Controllers/Applicant.php on line 208.
 1 APPPATH/Controllers/Applicant.php(208): CodeIgniter\Debug\Exceptions->errorHandler(2, 'Trying to access array offset on value of type null', '/home/prtald/public_html/admissions/app/Controllers/Applicant.php', 208)
 2 SYSTEMPATH/CodeIgniter.php(933): App\Controllers\Applicant->paynow()
 3 SYSTEMPATH/CodeIgniter.php(509): CodeIgniter\CodeIgniter->runController(Object(App\Controllers\Applicant))
 4 SYSTEMPATH/CodeIgniter.php(355): CodeIgniter\CodeIgniter->handleRequest(null, Object(Config\Cache), false)
 5 SYSTEMPATH/Boot.php(325): CodeIgniter\CodeIgniter->run()
 6 SYSTEMPATH/Boot.php(67): CodeIgniter\Boot::runCodeIgniter(Object(CodeIgniter\CodeIgniter))
 7 FCPATH/index.php(56): CodeIgniter\Boot::bootWeb(Object(Config\Paths))
CRITICAL - 2024-08-25 14:39:54 --> ErrorException: Trying to access array offset on value of type null
[Method: POST, Route: applicant/paynow]
in APPPATH/Controllers/Applicant.php on line 208.
 1 APPPATH/Controllers/Applicant.php(208): CodeIgniter\Debug\Exceptions->errorHandler(2, 'Trying to access array offset on value of type null', '/home/prtald/public_html/admissions/app/Controllers/Applicant.php', 208)
 2 SYSTEMPATH/CodeIgniter.php(933): App\Controllers\Applicant->paynow()
 3 SYSTEMPATH/CodeIgniter.php(509): CodeIgniter\CodeIgniter->runController(Object(App\Controllers\Applicant))
 4 SYSTEMPATH/CodeIgniter.php(355): CodeIgniter\CodeIgniter->handleRequest(null, Object(Config\Cache), false)
 5 SYSTEMPATH/Boot.php(325): CodeIgniter\CodeIgniter->run()
 6 SYSTEMPATH/Boot.php(67): CodeIgniter\Boot::runCodeIgniter(Object(CodeIgniter\CodeIgniter))
 7 FCPATH/index.php(56): CodeIgniter\Boot::bootWeb(Object(Config\Paths))
CRITICAL - 2024-08-25 14:39:59 --> ErrorException: Trying to access array offset on value of type null
[Method: POST, Route: applicant/paynow]
in APPPATH/Controllers/Applicant.php on line 208.
 1 APPPATH/Controllers/Applicant.php(208): CodeIgniter\Debug\Exceptions->errorHandler(2, 'Trying to access array offset on value of type null', '/home/prtald/public_html/admissions/app/Controllers/Applicant.php', 208)
 2 SYSTEMPATH/CodeIgniter.php(933): App\Controllers\Applicant->paynow()
 3 SYSTEMPATH/CodeIgniter.php(509): CodeIgniter\CodeIgniter->runController(Object(App\Controllers\Applicant))
 4 SYSTEMPATH/CodeIgniter.php(355): CodeIgniter\CodeIgniter->handleRequest(null, Object(Config\Cache), false)
 5 SYSTEMPATH/Boot.php(325): CodeIgniter\CodeIgniter->run()
 6 SYSTEMPATH/Boot.php(67): CodeIgniter\Boot::runCodeIgniter(Object(CodeIgniter\CodeIgniter))
 7 FCPATH/index.php(56): CodeIgniter\Boot::bootWeb(Object(Config\Paths))
CRITICAL - 2024-08-25 14:43:25 --> ErrorException: Trying to access array offset on value of type null
[Method: POST, Route: applicant/paynow]
in APPPATH/Controllers/Applicant.php on line 208.
 1 APPPATH/Controllers/Applicant.php(208): CodeIgniter\Debug\Exceptions->errorHandler(2, 'Trying to access array offset on value of type null', '/home/prtald/public_html/admissions/app/Controllers/Applicant.php', 208)
 2 SYSTEMPATH/CodeIgniter.php(933): App\Controllers\Applicant->paynow()
 3 SYSTEMPATH/CodeIgniter.php(509): CodeIgniter\CodeIgniter->runController(Object(App\Controllers\Applicant))
 4 SYSTEMPATH/CodeIgniter.php(355): CodeIgniter\CodeIgniter->handleRequest(null, Object(Config\Cache), false)
 5 SYSTEMPATH/Boot.php(325): CodeIgniter\CodeIgniter->run()
 6 SYSTEMPATH/Boot.php(67): CodeIgniter\Boot::runCodeIgniter(Object(CodeIgniter\CodeIgniter))
 7 FCPATH/index.php(56): CodeIgniter\Boot::bootWeb(Object(Config\Paths))
CRITICAL - 2024-08-25 14:43:34 --> ErrorException: Trying to access array offset on value of type null
[Method: POST, Route: applicant/paynow]
in APPPATH/Controllers/Applicant.php on line 208.
 1 APPPATH/Controllers/Applicant.php(208): CodeIgniter\Debug\Exceptions->errorHandler(2, 'Trying to access array offset on value of type null', '/home/prtald/public_html/admissions/app/Controllers/Applicant.php', 208)
 2 SYSTEMPATH/CodeIgniter.php(933): App\Controllers\Applicant->paynow()
 3 SYSTEMPATH/CodeIgniter.php(509): CodeIgniter\CodeIgniter->runController(Object(App\Controllers\Applicant))
 4 SYSTEMPATH/CodeIgniter.php(355): CodeIgniter\CodeIgniter->handleRequest(null, Object(Config\Cache), false)
 5 SYSTEMPATH/Boot.php(325): CodeIgniter\CodeIgniter->run()
 6 SYSTEMPATH/Boot.php(67): CodeIgniter\Boot::runCodeIgniter(Object(CodeIgniter\CodeIgniter))
 7 FCPATH/index.php(56): CodeIgniter\Boot::bootWeb(Object(Config\Paths))
CRITICAL - 2024-08-25 14:43:40 --> ErrorException: Trying to access array offset on value of type null
[Method: POST, Route: applicant/paynow]
in APPPATH/Controllers/Applicant.php on line 208.
 1 APPPATH/Controllers/Applicant.php(208): CodeIgniter\Debug\Exceptions->errorHandler(2, 'Trying to access array offset on value of type null', '/home/prtald/public_html/admissions/app/Controllers/Applicant.php', 208)
 2 SYSTEMPATH/CodeIgniter.php(933): App\Controllers\Applicant->paynow()
 3 SYSTEMPATH/CodeIgniter.php(509): CodeIgniter\CodeIgniter->runController(Object(App\Controllers\Applicant))
 4 SYSTEMPATH/CodeIgniter.php(355): CodeIgniter\CodeIgniter->handleRequest(null, Object(Config\Cache), false)
 5 SYSTEMPATH/Boot.php(325): CodeIgniter\CodeIgniter->run()
 6 SYSTEMPATH/Boot.php(67): CodeIgniter\Boot::runCodeIgniter(Object(CodeIgniter\CodeIgniter))
 7 FCPATH/index.php(56): CodeIgniter\Boot::bootWeb(Object(Config\Paths))
CRITICAL - 2024-08-25 14:44:24 --> ErrorException: Trying to access array offset on value of type null
[Method: POST, Route: applicant/paynow]
in APPPATH/Controllers/Applicant.php on line 208.
 1 APPPATH/Controllers/Applicant.php(208): CodeIgniter\Debug\Exceptions->errorHandler(2, 'Trying to access array offset on value of type null', '/home/prtald/public_html/admissions/app/Controllers/Applicant.php', 208)
 2 SYSTEMPATH/CodeIgniter.php(933): App\Controllers\Applicant->paynow()
 3 SYSTEMPATH/CodeIgniter.php(509): CodeIgniter\CodeIgniter->runController(Object(App\Controllers\Applicant))
 4 SYSTEMPATH/CodeIgniter.php(355): CodeIgniter\CodeIgniter->handleRequest(null, Object(Config\Cache), false)
 5 SYSTEMPATH/Boot.php(325): CodeIgniter\CodeIgniter->run()
 6 SYSTEMPATH/Boot.php(67): CodeIgniter\Boot::runCodeIgniter(Object(CodeIgniter\CodeIgniter))
 7 FCPATH/index.php(56): CodeIgniter\Boot::bootWeb(Object(Config\Paths))
CRITICAL - 2024-08-25 14:44:31 --> ErrorException: Trying to access array offset on value of type null
[Method: POST, Route: applicant/paynow]
in APPPATH/Controllers/Applicant.php on line 208.
 1 APPPATH/Controllers/Applicant.php(208): CodeIgniter\Debug\Exceptions->errorHandler(2, 'Trying to access array offset on value of type null', '/home/prtald/public_html/admissions/app/Controllers/Applicant.php', 208)
 2 SYSTEMPATH/CodeIgniter.php(933): App\Controllers\Applicant->paynow()
 3 SYSTEMPATH/CodeIgniter.php(509): CodeIgniter\CodeIgniter->runController(Object(App\Controllers\Applicant))
 4 SYSTEMPATH/CodeIgniter.php(355): CodeIgniter\CodeIgniter->handleRequest(null, Object(Config\Cache), false)
 5 SYSTEMPATH/Boot.php(325): CodeIgniter\CodeIgniter->run()
 6 SYSTEMPATH/Boot.php(67): CodeIgniter\Boot::runCodeIgniter(Object(CodeIgniter\CodeIgniter))
 7 FCPATH/index.php(56): CodeIgniter\Boot::bootWeb(Object(Config\Paths))
CRITICAL - 2024-08-25 14:44:41 --> ErrorException: Trying to access array offset on value of type null
[Method: POST, Route: applicant/paynow]
in APPPATH/Controllers/Applicant.php on line 208.
 1 APPPATH/Controllers/Applicant.php(208): CodeIgniter\Debug\Exceptions->errorHandler(2, 'Trying to access array offset on value of type null', '/home/prtald/public_html/admissions/app/Controllers/Applicant.php', 208)
 2 SYSTEMPATH/CodeIgniter.php(933): App\Controllers\Applicant->paynow()
 3 SYSTEMPATH/CodeIgniter.php(509): CodeIgniter\CodeIgniter->runController(Object(App\Controllers\Applicant))
 4 SYSTEMPATH/CodeIgniter.php(355): CodeIgniter\CodeIgniter->handleRequest(null, Object(Config\Cache), false)
 5 SYSTEMPATH/Boot.php(325): CodeIgniter\CodeIgniter->run()
 6 SYSTEMPATH/Boot.php(67): CodeIgniter\Boot::runCodeIgniter(Object(CodeIgniter\CodeIgniter))
 7 FCPATH/index.php(56): CodeIgniter\Boot::bootWeb(Object(Config\Paths))
CRITICAL - 2024-08-25 14:45:30 --> ErrorException: Trying to access array offset on value of type null
[Method: POST, Route: applicant/paynow]
in APPPATH/Controllers/Applicant.php on line 208.
 1 APPPATH/Controllers/Applicant.php(208): CodeIgniter\Debug\Exceptions->errorHandler(2, 'Trying to access array offset on value of type null', '/home/prtald/public_html/admissions/app/Controllers/Applicant.php', 208)
 2 SYSTEMPATH/CodeIgniter.php(933): App\Controllers\Applicant->paynow()
 3 SYSTEMPATH/CodeIgniter.php(509): CodeIgniter\CodeIgniter->runController(Object(App\Controllers\Applicant))
 4 SYSTEMPATH/CodeIgniter.php(355): CodeIgniter\CodeIgniter->handleRequest(null, Object(Config\Cache), false)
 5 SYSTEMPATH/Boot.php(325): CodeIgniter\CodeIgniter->run()
 6 SYSTEMPATH/Boot.php(67): CodeIgniter\Boot::runCodeIgniter(Object(CodeIgniter\CodeIgniter))
 7 FCPATH/index.php(56): CodeIgniter\Boot::bootWeb(Object(Config\Paths))
CRITICAL - 2024-08-25 14:51:45 --> ErrorException: Trying to access array offset on value of type null
[Method: POST, Route: applicant/paynow]
in APPPATH/Controllers/Applicant.php on line 208.
 1 APPPATH/Controllers/Applicant.php(208): CodeIgniter\Debug\Exceptions->errorHandler(2, 'Trying to access array offset on value of type null', '/home/prtald/public_html/admissions/app/Controllers/Applicant.php', 208)
 2 SYSTEMPATH/CodeIgniter.php(933): App\Controllers\Applicant->paynow()
 3 SYSTEMPATH/CodeIgniter.php(509): CodeIgniter\CodeIgniter->runController(Object(App\Controllers\Applicant))
 4 SYSTEMPATH/CodeIgniter.php(355): CodeIgniter\CodeIgniter->handleRequest(null, Object(Config\Cache), false)
 5 SYSTEMPATH/Boot.php(325): CodeIgniter\CodeIgniter->run()
 6 SYSTEMPATH/Boot.php(67): CodeIgniter\Boot::runCodeIgniter(Object(CodeIgniter\CodeIgniter))
 7 FCPATH/index.php(56): CodeIgniter\Boot::bootWeb(Object(Config\Paths))
CRITICAL - 2024-08-25 14:51:56 --> ErrorException: Undefined array key 0
[Method: GET, Route: applicant/phistory]
in APPPATH/Views/applicants/mypayments.php on line 56.
 1 APPPATH/Views/applicants/mypayments.php(56): CodeIgniter\Debug\Exceptions->errorHandler(2, 'Undefined array key 0', '/home/prtald/public_html/admissions/app/Views/applicants/mypayments.php', 56)
 2 SYSTEMPATH/View/View.php(234): include('/home/prtald/public_html/admissions/app/Views/applicants/mypayments.php')
 3 SYSTEMPATH/View/View.php(237): CodeIgniter\View\View->CodeIgniter\View\{closure}()
 4 SYSTEMPATH/Common.php(1171): CodeIgniter\View\View->render('applicants/mypayments', [], true)
 5 APPPATH/Controllers/Applicant.php(386): view('applicants/mypayments', [...])
 6 SYSTEMPATH/CodeIgniter.php(933): App\Controllers\Applicant->phistory()
 7 SYSTEMPATH/CodeIgniter.php(509): CodeIgniter\CodeIgniter->runController(Object(App\Controllers\Applicant))
 8 SYSTEMPATH/CodeIgniter.php(355): CodeIgniter\CodeIgniter->handleRequest(null, Object(Config\Cache), false)
 9 SYSTEMPATH/Boot.php(325): CodeIgniter\CodeIgniter->run()
10 SYSTEMPATH/Boot.php(67): CodeIgniter\Boot::runCodeIgniter(Object(CodeIgniter\CodeIgniter))
11 FCPATH/index.php(56): CodeIgniter\Boot::bootWeb(Object(Config\Paths))
CRITICAL - 2024-08-25 15:40:21 --> ErrorException: Undefined variable $semail
[Method: POST, Route: account/forgetpass]
in APPPATH/Controllers/Account.php on line 316.
 1 APPPATH/Controllers/Account.php(316): CodeIgniter\Debug\Exceptions->errorHandler(2, 'Undefined variable $semail', '/home/prtald/public_html/admissions/app/Controllers/Account.php', 316)
 2 SYSTEMPATH/CodeIgniter.php(933): App\Controllers\Account->forgetpass()
 3 SYSTEMPATH/CodeIgniter.php(509): CodeIgniter\CodeIgniter->runController(Object(App\Controllers\Account))
 4 SYSTEMPATH/CodeIgniter.php(355): CodeIgniter\CodeIgniter->handleRequest(null, Object(Config\Cache), false)
 5 SYSTEMPATH/Boot.php(325): CodeIgniter\CodeIgniter->run()
 6 SYSTEMPATH/Boot.php(67): CodeIgniter\Boot::runCodeIgniter(Object(CodeIgniter\CodeIgniter))
 7 FCPATH/index.php(56): CodeIgniter\Boot::bootWeb(Object(Config\Paths))
CRITICAL - 2024-08-25 15:40:32 --> ErrorException: Undefined variable $semail
[Method: POST, Route: account/forgetpass]
in APPPATH/Controllers/Account.php on line 316.
 1 APPPATH/Controllers/Account.php(316): CodeIgniter\Debug\Exceptions->errorHandler(2, 'Undefined variable $semail', '/home/prtald/public_html/admissions/app/Controllers/Account.php', 316)
 2 SYSTEMPATH/CodeIgniter.php(933): App\Controllers\Account->forgetpass()
 3 SYSTEMPATH/CodeIgniter.php(509): CodeIgniter\CodeIgniter->runController(Object(App\Controllers\Account))
 4 SYSTEMPATH/CodeIgniter.php(355): CodeIgniter\CodeIgniter->handleRequest(null, Object(Config\Cache), false)
 5 SYSTEMPATH/Boot.php(325): CodeIgniter\CodeIgniter->run()
 6 SYSTEMPATH/Boot.php(67): CodeIgniter\Boot::runCodeIgniter(Object(CodeIgniter\CodeIgniter))
 7 FCPATH/index.php(56): CodeIgniter\Boot::bootWeb(Object(Config\Paths))
CRITICAL - 2024-08-25 15:41:34 --> ErrorException: Undefined variable $semail
[Method: POST, Route: account/forgetpass]
in APPPATH/Controllers/Account.php on line 316.
 1 APPPATH/Controllers/Account.php(316): CodeIgniter\Debug\Exceptions->errorHandler(2, 'Undefined variable $semail', '/home/prtald/public_html/admissions/app/Controllers/Account.php', 316)
 2 SYSTEMPATH/CodeIgniter.php(933): App\Controllers\Account->forgetpass()
 3 SYSTEMPATH/CodeIgniter.php(509): CodeIgniter\CodeIgniter->runController(Object(App\Controllers\Account))
 4 SYSTEMPATH/CodeIgniter.php(355): CodeIgniter\CodeIgniter->handleRequest(null, Object(Config\Cache), false)
 5 SYSTEMPATH/Boot.php(325): CodeIgniter\CodeIgniter->run()
 6 SYSTEMPATH/Boot.php(67): CodeIgniter\Boot::runCodeIgniter(Object(CodeIgniter\CodeIgniter))
 7 FCPATH/index.php(56): CodeIgniter\Boot::bootWeb(Object(Config\Paths))
CRITICAL - 2024-08-25 16:06:45 --> ErrorException: Undefined array key 0
[Method: GET, Route: applicant/phistory]
in APPPATH/Views/applicants/mypayments.php on line 56.
 1 APPPATH/Views/applicants/mypayments.php(56): CodeIgniter\Debug\Exceptions->errorHandler(2, 'Undefined array key 0', '/home/prtald/public_html/admissions/app/Views/applicants/mypayments.php', 56)
 2 SYSTEMPATH/View/View.php(234): include('/home/prtald/public_html/admissions/app/Views/applicants/mypayments.php')
 3 SYSTEMPATH/View/View.php(237): CodeIgniter\View\View->CodeIgniter\View\{closure}()
 4 SYSTEMPATH/Common.php(1171): CodeIgniter\View\View->render('applicants/mypayments', [], true)
 5 APPPATH/Controllers/Applicant.php(386): view('applicants/mypayments', [...])
 6 SYSTEMPATH/CodeIgniter.php(933): App\Controllers\Applicant->phistory()
 7 SYSTEMPATH/CodeIgniter.php(509): CodeIgniter\CodeIgniter->runController(Object(App\Controllers\Applicant))
 8 SYSTEMPATH/CodeIgniter.php(355): CodeIgniter\CodeIgniter->handleRequest(null, Object(Config\Cache), false)
 9 SYSTEMPATH/Boot.php(325): CodeIgniter\CodeIgniter->run()
10 SYSTEMPATH/Boot.php(67): CodeIgniter\Boot::runCodeIgniter(Object(CodeIgniter\CodeIgniter))
11 FCPATH/index.php(56): CodeIgniter\Boot::bootWeb(Object(Config\Paths))
CRITICAL - 2024-08-25 17:41:18 --> ErrorException: Undefined array key 0
[Method: GET, Route: applicant/declares]
in APPPATH/Views/applicants/declares.php on line 34.
 1 APPPATH/Views/applicants/declares.php(34): CodeIgniter\Debug\Exceptions->errorHandler(2, 'Undefined array key 0', '/home/prtald/public_html/admissions/app/Views/applicants/declares.php', 34)
 2 SYSTEMPATH/View/View.php(234): include('/home/prtald/public_html/admissions/app/Views/applicants/declares.php')
 3 SYSTEMPATH/View/View.php(237): CodeIgniter\View\View->CodeIgniter\View\{closure}()
 4 SYSTEMPATH/Common.php(1171): CodeIgniter\View\View->render('applicants/declares', [], true)
 5 APPPATH/Controllers/Applicant.php(909): view('applicants/declares', [...])
 6 SYSTEMPATH/CodeIgniter.php(933): App\Controllers\Applicant->declares()
 7 SYSTEMPATH/CodeIgniter.php(509): CodeIgniter\CodeIgniter->runController(Object(App\Controllers\Applicant))
 8 SYSTEMPATH/CodeIgniter.php(355): CodeIgniter\CodeIgniter->handleRequest(null, Object(Config\Cache), false)
 9 SYSTEMPATH/Boot.php(325): CodeIgniter\CodeIgniter->run()
10 SYSTEMPATH/Boot.php(67): CodeIgniter\Boot::runCodeIgniter(Object(CodeIgniter\CodeIgniter))
11 FCPATH/index.php(56): CodeIgniter\Boot::bootWeb(Object(Config\Paths))
CRITICAL - 2024-08-25 19:32:21 --> ErrorException: Undefined variable $semail
[Method: POST, Route: account/forgetpass]
in APPPATH/Controllers/Account.php on line 316.
 1 APPPATH/Controllers/Account.php(316): CodeIgniter\Debug\Exceptions->errorHandler(2, 'Undefined variable $semail', '/home/prtald/public_html/admissions/app/Controllers/Account.php', 316)
 2 SYSTEMPATH/CodeIgniter.php(933): App\Controllers\Account->forgetpass()
 3 SYSTEMPATH/CodeIgniter.php(509): CodeIgniter\CodeIgniter->runController(Object(App\Controllers\Account))
 4 SYSTEMPATH/CodeIgniter.php(355): CodeIgniter\CodeIgniter->handleRequest(null, Object(Config\Cache), false)
 5 SYSTEMPATH/Boot.php(325): CodeIgniter\CodeIgniter->run()
 6 SYSTEMPATH/Boot.php(67): CodeIgniter\Boot::runCodeIgniter(Object(CodeIgniter\CodeIgniter))
 7 FCPATH/index.php(56): CodeIgniter\Boot::bootWeb(Object(Config\Paths))
CRITICAL - 2024-08-25 19:32:31 --> ErrorException: Undefined variable $semail
[Method: POST, Route: account/forgetpass]
in APPPATH/Controllers/Account.php on line 316.
 1 APPPATH/Controllers/Account.php(316): CodeIgniter\Debug\Exceptions->errorHandler(2, 'Undefined variable $semail', '/home/prtald/public_html/admissions/app/Controllers/Account.php', 316)
 2 SYSTEMPATH/CodeIgniter.php(933): App\Controllers\Account->forgetpass()
 3 SYSTEMPATH/CodeIgniter.php(509): CodeIgniter\CodeIgniter->runController(Object(App\Controllers\Account))
 4 SYSTEMPATH/CodeIgniter.php(355): CodeIgniter\CodeIgniter->handleRequest(null, Object(Config\Cache), false)
 5 SYSTEMPATH/Boot.php(325): CodeIgniter\CodeIgniter->run()
 6 SYSTEMPATH/Boot.php(67): CodeIgniter\Boot::runCodeIgniter(Object(CodeIgniter\CodeIgniter))
 7 FCPATH/index.php(56): CodeIgniter\Boot::bootWeb(Object(Config\Paths))
CRITICAL - 2024-08-25 19:32:48 --> ErrorException: Undefined variable $semail
[Method: POST, Route: account/forgetpass]
in APPPATH/Controllers/Account.php on line 316.
 1 APPPATH/Controllers/Account.php(316): CodeIgniter\Debug\Exceptions->errorHandler(2, 'Undefined variable $semail', '/home/prtald/public_html/admissions/app/Controllers/Account.php', 316)
 2 SYSTEMPATH/CodeIgniter.php(933): App\Controllers\Account->forgetpass()
 3 SYSTEMPATH/CodeIgniter.php(509): CodeIgniter\CodeIgniter->runController(Object(App\Controllers\Account))
 4 SYSTEMPATH/CodeIgniter.php(355): CodeIgniter\CodeIgniter->handleRequest(null, Object(Config\Cache), false)
 5 SYSTEMPATH/Boot.php(325): CodeIgniter\CodeIgniter->run()
 6 SYSTEMPATH/Boot.php(67): CodeIgniter\Boot::runCodeIgniter(Object(CodeIgniter\CodeIgniter))
 7 FCPATH/index.php(56): CodeIgniter\Boot::bootWeb(Object(Config\Paths))
CRITICAL - 2024-08-25 19:33:13 --> ErrorException: Undefined variable $semail
[Method: POST, Route: account/forgetpass]
in APPPATH/Controllers/Account.php on line 316.
 1 APPPATH/Controllers/Account.php(316): CodeIgniter\Debug\Exceptions->errorHandler(2, 'Undefined variable $semail', '/home/prtald/public_html/admissions/app/Controllers/Account.php', 316)
 2 SYSTEMPATH/CodeIgniter.php(933): App\Controllers\Account->forgetpass()
 3 SYSTEMPATH/CodeIgniter.php(509): CodeIgniter\CodeIgniter->runController(Object(App\Controllers\Account))
 4 SYSTEMPATH/CodeIgniter.php(355): CodeIgniter\CodeIgniter->handleRequest(null, Object(Config\Cache), false)
 5 SYSTEMPATH/Boot.php(325): CodeIgniter\CodeIgniter->run()
 6 SYSTEMPATH/Boot.php(67): CodeIgniter\Boot::runCodeIgniter(Object(CodeIgniter\CodeIgniter))
 7 FCPATH/index.php(56): CodeIgniter\Boot::bootWeb(Object(Config\Paths))
