CRITICAL - 2024-08-20 05:12:52 --> ErrorException: Trying to access array offset on value of type null
[Method: GET, Route: applicant/remitaresponse]
in APPPATH/Controllers/Applicant.php on line 313.
 1 APPPATH/Controllers/Applicant.php(313): CodeIgniter\Debug\Exceptions->errorHandler(2, 'Trying to access array offset on value of type null', '/home/prtald/public_html/admissions/app/Controllers/Applicant.php', 313)
 2 SYSTEMPATH/CodeIgniter.php(933): App\Controllers\Applicant->remitaresponse()
 3 SYSTEMPATH/CodeIgniter.php(509): CodeIgniter\CodeIgniter->runController(Object(App\Controllers\Applicant))
 4 SYSTEMPATH/CodeIgniter.php(355): CodeIgniter\CodeIgniter->handleRequest(null, Object(Config\Cache), false)
 5 SYSTEMPATH/Boot.php(325): CodeIgniter\CodeIgniter->run()
 6 SYSTEMPATH/Boot.php(67): CodeIgniter\Boot::runCodeIgniter(Object(CodeIgniter\CodeIgniter))
 7 FCPATH/index.php(56): CodeIgniter\Boot::bootWeb(Object(Config\Paths))
CRITICAL - 2024-08-20 06:00:31 --> ErrorException: Undefined array key 0
[Method: GET, Route: applicant/phistory]
in APPPATH/Views/applicants/mypayments.php on line 56.
 1 APPPATH/Views/applicants/mypayments.php(56): CodeIgniter\Debug\Exceptions->errorHandler(2, 'Undefined array key 0', '/home/prtald/public_html/admissions/app/Views/applicants/mypayments.php', 56)
 2 SYSTEMPATH/View/View.php(234): include('/home/prtald/public_html/admissions/app/Views/applicants/mypayments.php')
 3 SYSTEMPATH/View/View.php(237): CodeIgniter\View\View->CodeIgniter\View\{closure}()
 4 SYSTEMPATH/Common.php(1171): CodeIgniter\View\View->render('applicants/mypayments', [], true)
 5 APPPATH/Controllers/Applicant.php(386): view('applicants/mypayments', [...])
 6 SYSTEMPATH/CodeIgniter.php(933): App\Controllers\Applicant->phistory()
 7 SYSTEMPATH/CodeIgniter.php(509): CodeIgniter\CodeIgniter->runController(Object(App\Controllers\Applicant))
 8 SYSTEMPATH/CodeIgniter.php(355): CodeIgniter\CodeIgniter->handleRequest(null, Object(Config\Cache), false)
 9 SYSTEMPATH/Boot.php(325): CodeIgniter\CodeIgniter->run()
10 SYSTEMPATH/Boot.php(67): CodeIgniter\Boot::runCodeIgniter(Object(CodeIgniter\CodeIgniter))
11 FCPATH/index.php(56): CodeIgniter\Boot::bootWeb(Object(Config\Paths))
CRITICAL - 2024-08-20 06:14:56 --> ErrorException: Undefined array key 0
[Method: GET, Route: applicant/phistory]
in APPPATH/Views/applicants/mypayments.php on line 56.
 1 APPPATH/Views/applicants/mypayments.php(56): CodeIgniter\Debug\Exceptions->errorHandler(2, 'Undefined array key 0', '/home/prtald/public_html/admissions/app/Views/applicants/mypayments.php', 56)
 2 SYSTEMPATH/View/View.php(234): include('/home/prtald/public_html/admissions/app/Views/applicants/mypayments.php')
 3 SYSTEMPATH/View/View.php(237): CodeIgniter\View\View->CodeIgniter\View\{closure}()
 4 SYSTEMPATH/Common.php(1171): CodeIgniter\View\View->render('applicants/mypayments', [], true)
 5 APPPATH/Controllers/Applicant.php(386): view('applicants/mypayments', [...])
 6 SYSTEMPATH/CodeIgniter.php(933): App\Controllers\Applicant->phistory()
 7 SYSTEMPATH/CodeIgniter.php(509): CodeIgniter\CodeIgniter->runController(Object(App\Controllers\Applicant))
 8 SYSTEMPATH/CodeIgniter.php(355): CodeIgniter\CodeIgniter->handleRequest(null, Object(Config\Cache), false)
 9 SYSTEMPATH/Boot.php(325): CodeIgniter\CodeIgniter->run()
10 SYSTEMPATH/Boot.php(67): CodeIgniter\Boot::runCodeIgniter(Object(CodeIgniter\CodeIgniter))
11 FCPATH/index.php(56): CodeIgniter\Boot::bootWeb(Object(Config\Paths))
CRITICAL - 2024-08-20 09:14:03 --> ErrorException: Trying to access array offset on value of type null
[Method: GET, Route: applicant/remitaresponse]
in APPPATH/Controllers/Applicant.php on line 313.
 1 APPPATH/Controllers/Applicant.php(313): CodeIgniter\Debug\Exceptions->errorHandler(2, 'Trying to access array offset on value of type null', '/home/prtald/public_html/admissions/app/Controllers/Applicant.php', 313)
 2 SYSTEMPATH/CodeIgniter.php(933): App\Controllers\Applicant->remitaresponse()
 3 SYSTEMPATH/CodeIgniter.php(509): CodeIgniter\CodeIgniter->runController(Object(App\Controllers\Applicant))
 4 SYSTEMPATH/CodeIgniter.php(355): CodeIgniter\CodeIgniter->handleRequest(null, Object(Config\Cache), false)
 5 SYSTEMPATH/Boot.php(325): CodeIgniter\CodeIgniter->run()
 6 SYSTEMPATH/Boot.php(67): CodeIgniter\Boot::runCodeIgniter(Object(CodeIgniter\CodeIgniter))
 7 FCPATH/index.php(56): CodeIgniter\Boot::bootWeb(Object(Config\Paths))
CRITICAL - 2024-08-20 10:04:53 --> ErrorException: Undefined array key 0
[Method: GET, Route: applicant/phistory]
in APPPATH/Views/applicants/mypayments.php on line 56.
 1 APPPATH/Views/applicants/mypayments.php(56): CodeIgniter\Debug\Exceptions->errorHandler(2, 'Undefined array key 0', '/home/prtald/public_html/admissions/app/Views/applicants/mypayments.php', 56)
 2 SYSTEMPATH/View/View.php(234): include('/home/prtald/public_html/admissions/app/Views/applicants/mypayments.php')
 3 SYSTEMPATH/View/View.php(237): CodeIgniter\View\View->CodeIgniter\View\{closure}()
 4 SYSTEMPATH/Common.php(1171): CodeIgniter\View\View->render('applicants/mypayments', [], true)
 5 APPPATH/Controllers/Applicant.php(386): view('applicants/mypayments', [...])
 6 SYSTEMPATH/CodeIgniter.php(933): App\Controllers\Applicant->phistory()
 7 SYSTEMPATH/CodeIgniter.php(509): CodeIgniter\CodeIgniter->runController(Object(App\Controllers\Applicant))
 8 SYSTEMPATH/CodeIgniter.php(355): CodeIgniter\CodeIgniter->handleRequest(null, Object(Config\Cache), false)
 9 SYSTEMPATH/Boot.php(325): CodeIgniter\CodeIgniter->run()
10 SYSTEMPATH/Boot.php(67): CodeIgniter\Boot::runCodeIgniter(Object(CodeIgniter\CodeIgniter))
11 FCPATH/index.php(56): CodeIgniter\Boot::bootWeb(Object(Config\Paths))
CRITICAL - 2024-08-20 10:08:18 --> ErrorException: Trying to access array offset on value of type null
[Method: GET, Route: applicant/remitaresponse]
in APPPATH/Controllers/Applicant.php on line 313.
 1 APPPATH/Controllers/Applicant.php(313): CodeIgniter\Debug\Exceptions->errorHandler(2, 'Trying to access array offset on value of type null', '/home/prtald/public_html/admissions/app/Controllers/Applicant.php', 313)
 2 SYSTEMPATH/CodeIgniter.php(933): App\Controllers\Applicant->remitaresponse()
 3 SYSTEMPATH/CodeIgniter.php(509): CodeIgniter\CodeIgniter->runController(Object(App\Controllers\Applicant))
 4 SYSTEMPATH/CodeIgniter.php(355): CodeIgniter\CodeIgniter->handleRequest(null, Object(Config\Cache), false)
 5 SYSTEMPATH/Boot.php(325): CodeIgniter\CodeIgniter->run()
 6 SYSTEMPATH/Boot.php(67): CodeIgniter\Boot::runCodeIgniter(Object(CodeIgniter\CodeIgniter))
 7 FCPATH/index.php(56): CodeIgniter\Boot::bootWeb(Object(Config\Paths))
CRITICAL - 2024-08-20 10:58:50 --> ErrorException: Undefined array key 0
[Method: GET, Route: applicant/phistory]
in APPPATH/Views/applicants/mypayments.php on line 56.
 1 APPPATH/Views/applicants/mypayments.php(56): CodeIgniter\Debug\Exceptions->errorHandler(2, 'Undefined array key 0', '/home/prtald/public_html/admissions/app/Views/applicants/mypayments.php', 56)
 2 SYSTEMPATH/View/View.php(234): include('/home/prtald/public_html/admissions/app/Views/applicants/mypayments.php')
 3 SYSTEMPATH/View/View.php(237): CodeIgniter\View\View->CodeIgniter\View\{closure}()
 4 SYSTEMPATH/Common.php(1171): CodeIgniter\View\View->render('applicants/mypayments', [], true)
 5 APPPATH/Controllers/Applicant.php(386): view('applicants/mypayments', [...])
 6 SYSTEMPATH/CodeIgniter.php(933): App\Controllers\Applicant->phistory()
 7 SYSTEMPATH/CodeIgniter.php(509): CodeIgniter\CodeIgniter->runController(Object(App\Controllers\Applicant))
 8 SYSTEMPATH/CodeIgniter.php(355): CodeIgniter\CodeIgniter->handleRequest(null, Object(Config\Cache), false)
 9 SYSTEMPATH/Boot.php(325): CodeIgniter\CodeIgniter->run()
10 SYSTEMPATH/Boot.php(67): CodeIgniter\Boot::runCodeIgniter(Object(CodeIgniter\CodeIgniter))
11 FCPATH/index.php(56): CodeIgniter\Boot::bootWeb(Object(Config\Paths))
CRITICAL - 2024-08-20 11:16:48 --> ErrorException: Undefined array key 0
[Method: GET, Route: applicant/phistory]
in APPPATH/Views/applicants/mypayments.php on line 56.
 1 APPPATH/Views/applicants/mypayments.php(56): CodeIgniter\Debug\Exceptions->errorHandler(2, 'Undefined array key 0', '/home/prtald/public_html/admissions/app/Views/applicants/mypayments.php', 56)
 2 SYSTEMPATH/View/View.php(234): include('/home/prtald/public_html/admissions/app/Views/applicants/mypayments.php')
 3 SYSTEMPATH/View/View.php(237): CodeIgniter\View\View->CodeIgniter\View\{closure}()
 4 SYSTEMPATH/Common.php(1171): CodeIgniter\View\View->render('applicants/mypayments', [], true)
 5 APPPATH/Controllers/Applicant.php(386): view('applicants/mypayments', [...])
 6 SYSTEMPATH/CodeIgniter.php(933): App\Controllers\Applicant->phistory()
 7 SYSTEMPATH/CodeIgniter.php(509): CodeIgniter\CodeIgniter->runController(Object(App\Controllers\Applicant))
 8 SYSTEMPATH/CodeIgniter.php(355): CodeIgniter\CodeIgniter->handleRequest(null, Object(Config\Cache), false)
 9 SYSTEMPATH/Boot.php(325): CodeIgniter\CodeIgniter->run()
10 SYSTEMPATH/Boot.php(67): CodeIgniter\Boot::runCodeIgniter(Object(CodeIgniter\CodeIgniter))
11 FCPATH/index.php(56): CodeIgniter\Boot::bootWeb(Object(Config\Paths))
CRITICAL - 2024-08-20 11:18:04 --> ErrorException: Undefined array key 0
[Method: GET, Route: applicant/phistory]
in APPPATH/Views/applicants/mypayments.php on line 56.
 1 APPPATH/Views/applicants/mypayments.php(56): CodeIgniter\Debug\Exceptions->errorHandler(2, 'Undefined array key 0', '/home/prtald/public_html/admissions/app/Views/applicants/mypayments.php', 56)
 2 SYSTEMPATH/View/View.php(234): include('/home/prtald/public_html/admissions/app/Views/applicants/mypayments.php')
 3 SYSTEMPATH/View/View.php(237): CodeIgniter\View\View->CodeIgniter\View\{closure}()
 4 SYSTEMPATH/Common.php(1171): CodeIgniter\View\View->render('applicants/mypayments', [], true)
 5 APPPATH/Controllers/Applicant.php(386): view('applicants/mypayments', [...])
 6 SYSTEMPATH/CodeIgniter.php(933): App\Controllers\Applicant->phistory()
 7 SYSTEMPATH/CodeIgniter.php(509): CodeIgniter\CodeIgniter->runController(Object(App\Controllers\Applicant))
 8 SYSTEMPATH/CodeIgniter.php(355): CodeIgniter\CodeIgniter->handleRequest(null, Object(Config\Cache), false)
 9 SYSTEMPATH/Boot.php(325): CodeIgniter\CodeIgniter->run()
10 SYSTEMPATH/Boot.php(67): CodeIgniter\Boot::runCodeIgniter(Object(CodeIgniter\CodeIgniter))
11 FCPATH/index.php(56): CodeIgniter\Boot::bootWeb(Object(Config\Paths))
CRITICAL - 2024-08-20 11:22:19 --> ErrorException: Undefined array key 0
[Method: GET, Route: applicant/phistory]
in APPPATH/Views/applicants/mypayments.php on line 56.
 1 APPPATH/Views/applicants/mypayments.php(56): CodeIgniter\Debug\Exceptions->errorHandler(2, 'Undefined array key 0', '/home/prtald/public_html/admissions/app/Views/applicants/mypayments.php', 56)
 2 SYSTEMPATH/View/View.php(234): include('/home/prtald/public_html/admissions/app/Views/applicants/mypayments.php')
 3 SYSTEMPATH/View/View.php(237): CodeIgniter\View\View->CodeIgniter\View\{closure}()
 4 SYSTEMPATH/Common.php(1171): CodeIgniter\View\View->render('applicants/mypayments', [], true)
 5 APPPATH/Controllers/Applicant.php(386): view('applicants/mypayments', [...])
 6 SYSTEMPATH/CodeIgniter.php(933): App\Controllers\Applicant->phistory()
 7 SYSTEMPATH/CodeIgniter.php(509): CodeIgniter\CodeIgniter->runController(Object(App\Controllers\Applicant))
 8 SYSTEMPATH/CodeIgniter.php(355): CodeIgniter\CodeIgniter->handleRequest(null, Object(Config\Cache), false)
 9 SYSTEMPATH/Boot.php(325): CodeIgniter\CodeIgniter->run()
10 SYSTEMPATH/Boot.php(67): CodeIgniter\Boot::runCodeIgniter(Object(CodeIgniter\CodeIgniter))
11 FCPATH/index.php(56): CodeIgniter\Boot::bootWeb(Object(Config\Paths))
CRITICAL - 2024-08-20 11:34:14 --> ErrorException: Undefined array key 0
[Method: GET, Route: applicant/phistory]
in APPPATH/Views/applicants/mypayments.php on line 56.
 1 APPPATH/Views/applicants/mypayments.php(56): CodeIgniter\Debug\Exceptions->errorHandler(2, 'Undefined array key 0', '/home/prtald/public_html/admissions/app/Views/applicants/mypayments.php', 56)
 2 SYSTEMPATH/View/View.php(234): include('/home/prtald/public_html/admissions/app/Views/applicants/mypayments.php')
 3 SYSTEMPATH/View/View.php(237): CodeIgniter\View\View->CodeIgniter\View\{closure}()
 4 SYSTEMPATH/Common.php(1171): CodeIgniter\View\View->render('applicants/mypayments', [], true)
 5 APPPATH/Controllers/Applicant.php(386): view('applicants/mypayments', [...])
 6 SYSTEMPATH/CodeIgniter.php(933): App\Controllers\Applicant->phistory()
 7 SYSTEMPATH/CodeIgniter.php(509): CodeIgniter\CodeIgniter->runController(Object(App\Controllers\Applicant))
 8 SYSTEMPATH/CodeIgniter.php(355): CodeIgniter\CodeIgniter->handleRequest(null, Object(Config\Cache), false)
 9 SYSTEMPATH/Boot.php(325): CodeIgniter\CodeIgniter->run()
10 SYSTEMPATH/Boot.php(67): CodeIgniter\Boot::runCodeIgniter(Object(CodeIgniter\CodeIgniter))
11 FCPATH/index.php(56): CodeIgniter\Boot::bootWeb(Object(Config\Paths))
CRITICAL - 2024-08-20 11:40:57 --> ErrorException: Undefined array key 0
[Method: GET, Route: applicant/olevel]
in APPPATH/Controllers/Applicant.php on line 749.
 1 APPPATH/Controllers/Applicant.php(749): CodeIgniter\Debug\Exceptions->errorHandler(2, 'Undefined array key 0', '/home/prtald/public_html/admissions/app/Controllers/Applicant.php', 749)
 2 SYSTEMPATH/CodeIgniter.php(933): App\Controllers\Applicant->olevel()
 3 SYSTEMPATH/CodeIgniter.php(509): CodeIgniter\CodeIgniter->runController(Object(App\Controllers\Applicant))
 4 SYSTEMPATH/CodeIgniter.php(355): CodeIgniter\CodeIgniter->handleRequest(null, Object(Config\Cache), false)
 5 SYSTEMPATH/Boot.php(325): CodeIgniter\CodeIgniter->run()
 6 SYSTEMPATH/Boot.php(67): CodeIgniter\Boot::runCodeIgniter(Object(CodeIgniter\CodeIgniter))
 7 FCPATH/index.php(56): CodeIgniter\Boot::bootWeb(Object(Config\Paths))
CRITICAL - 2024-08-20 11:41:08 --> ErrorException: Undefined array key 0
[Method: GET, Route: applicant/olevel]
in APPPATH/Controllers/Applicant.php on line 749.
 1 APPPATH/Controllers/Applicant.php(749): CodeIgniter\Debug\Exceptions->errorHandler(2, 'Undefined array key 0', '/home/prtald/public_html/admissions/app/Controllers/Applicant.php', 749)
 2 SYSTEMPATH/CodeIgniter.php(933): App\Controllers\Applicant->olevel()
 3 SYSTEMPATH/CodeIgniter.php(509): CodeIgniter\CodeIgniter->runController(Object(App\Controllers\Applicant))
 4 SYSTEMPATH/CodeIgniter.php(355): CodeIgniter\CodeIgniter->handleRequest(null, Object(Config\Cache), false)
 5 SYSTEMPATH/Boot.php(325): CodeIgniter\CodeIgniter->run()
 6 SYSTEMPATH/Boot.php(67): CodeIgniter\Boot::runCodeIgniter(Object(CodeIgniter\CodeIgniter))
 7 FCPATH/index.php(56): CodeIgniter\Boot::bootWeb(Object(Config\Paths))
CRITICAL - 2024-08-20 11:42:39 --> ErrorException: Undefined array key 0
[Method: GET, Route: applicant/phistory]
in APPPATH/Views/applicants/mypayments.php on line 56.
 1 APPPATH/Views/applicants/mypayments.php(56): CodeIgniter\Debug\Exceptions->errorHandler(2, 'Undefined array key 0', '/home/prtald/public_html/admissions/app/Views/applicants/mypayments.php', 56)
 2 SYSTEMPATH/View/View.php(234): include('/home/prtald/public_html/admissions/app/Views/applicants/mypayments.php')
 3 SYSTEMPATH/View/View.php(237): CodeIgniter\View\View->CodeIgniter\View\{closure}()
 4 SYSTEMPATH/Common.php(1171): CodeIgniter\View\View->render('applicants/mypayments', [], true)
 5 APPPATH/Controllers/Applicant.php(386): view('applicants/mypayments', [...])
 6 SYSTEMPATH/CodeIgniter.php(933): App\Controllers\Applicant->phistory()
 7 SYSTEMPATH/CodeIgniter.php(509): CodeIgniter\CodeIgniter->runController(Object(App\Controllers\Applicant))
 8 SYSTEMPATH/CodeIgniter.php(355): CodeIgniter\CodeIgniter->handleRequest(null, Object(Config\Cache), false)
 9 SYSTEMPATH/Boot.php(325): CodeIgniter\CodeIgniter->run()
10 SYSTEMPATH/Boot.php(67): CodeIgniter\Boot::runCodeIgniter(Object(CodeIgniter\CodeIgniter))
11 FCPATH/index.php(56): CodeIgniter\Boot::bootWeb(Object(Config\Paths))
CRITICAL - 2024-08-20 11:50:21 --> ErrorException: Undefined array key 0
[Method: GET, Route: applicant/olevel]
in APPPATH/Controllers/Applicant.php on line 749.
 1 APPPATH/Controllers/Applicant.php(749): CodeIgniter\Debug\Exceptions->errorHandler(2, 'Undefined array key 0', '/home/prtald/public_html/admissions/app/Controllers/Applicant.php', 749)
 2 SYSTEMPATH/CodeIgniter.php(933): App\Controllers\Applicant->olevel()
 3 SYSTEMPATH/CodeIgniter.php(509): CodeIgniter\CodeIgniter->runController(Object(App\Controllers\Applicant))
 4 SYSTEMPATH/CodeIgniter.php(355): CodeIgniter\CodeIgniter->handleRequest(null, Object(Config\Cache), false)
 5 SYSTEMPATH/Boot.php(325): CodeIgniter\CodeIgniter->run()
 6 SYSTEMPATH/Boot.php(67): CodeIgniter\Boot::runCodeIgniter(Object(CodeIgniter\CodeIgniter))
 7 FCPATH/index.php(56): CodeIgniter\Boot::bootWeb(Object(Config\Paths))
CRITICAL - 2024-08-20 11:50:34 --> ErrorException: Undefined array key 0
[Method: GET, Route: applicant/school]
in APPPATH/Controllers/Applicant.php on line 875.
 1 APPPATH/Controllers/Applicant.php(875): CodeIgniter\Debug\Exceptions->errorHandler(2, 'Undefined array key 0', '/home/prtald/public_html/admissions/app/Controllers/Applicant.php', 875)
 2 SYSTEMPATH/CodeIgniter.php(933): App\Controllers\Applicant->school()
 3 SYSTEMPATH/CodeIgniter.php(509): CodeIgniter\CodeIgniter->runController(Object(App\Controllers\Applicant))
 4 SYSTEMPATH/CodeIgniter.php(355): CodeIgniter\CodeIgniter->handleRequest(null, Object(Config\Cache), false)
 5 SYSTEMPATH/Boot.php(325): CodeIgniter\CodeIgniter->run()
 6 SYSTEMPATH/Boot.php(67): CodeIgniter\Boot::runCodeIgniter(Object(CodeIgniter\CodeIgniter))
 7 FCPATH/index.php(56): CodeIgniter\Boot::bootWeb(Object(Config\Paths))
CRITICAL - 2024-08-20 11:50:53 --> ErrorException: Undefined array key 0
[Method: GET, Route: applicant/declares]
in APPPATH/Views/applicants/declares.php on line 34.
 1 APPPATH/Views/applicants/declares.php(34): CodeIgniter\Debug\Exceptions->errorHandler(2, 'Undefined array key 0', '/home/prtald/public_html/admissions/app/Views/applicants/declares.php', 34)
 2 SYSTEMPATH/View/View.php(234): include('/home/prtald/public_html/admissions/app/Views/applicants/declares.php')
 3 SYSTEMPATH/View/View.php(237): CodeIgniter\View\View->CodeIgniter\View\{closure}()
 4 SYSTEMPATH/Common.php(1171): CodeIgniter\View\View->render('applicants/declares', [], true)
 5 APPPATH/Controllers/Applicant.php(909): view('applicants/declares', [...])
 6 SYSTEMPATH/CodeIgniter.php(933): App\Controllers\Applicant->declares()
 7 SYSTEMPATH/CodeIgniter.php(509): CodeIgniter\CodeIgniter->runController(Object(App\Controllers\Applicant))
 8 SYSTEMPATH/CodeIgniter.php(355): CodeIgniter\CodeIgniter->handleRequest(null, Object(Config\Cache), false)
 9 SYSTEMPATH/Boot.php(325): CodeIgniter\CodeIgniter->run()
10 SYSTEMPATH/Boot.php(67): CodeIgniter\Boot::runCodeIgniter(Object(CodeIgniter\CodeIgniter))
11 FCPATH/index.php(56): CodeIgniter\Boot::bootWeb(Object(Config\Paths))
CRITICAL - 2024-08-20 11:51:04 --> ErrorException: Undefined array key 0
[Method: GET, Route: applicant/phistory]
in APPPATH/Views/applicants/mypayments.php on line 56.
 1 APPPATH/Views/applicants/mypayments.php(56): CodeIgniter\Debug\Exceptions->errorHandler(2, 'Undefined array key 0', '/home/prtald/public_html/admissions/app/Views/applicants/mypayments.php', 56)
 2 SYSTEMPATH/View/View.php(234): include('/home/prtald/public_html/admissions/app/Views/applicants/mypayments.php')
 3 SYSTEMPATH/View/View.php(237): CodeIgniter\View\View->CodeIgniter\View\{closure}()
 4 SYSTEMPATH/Common.php(1171): CodeIgniter\View\View->render('applicants/mypayments', [], true)
 5 APPPATH/Controllers/Applicant.php(386): view('applicants/mypayments', [...])
 6 SYSTEMPATH/CodeIgniter.php(933): App\Controllers\Applicant->phistory()
 7 SYSTEMPATH/CodeIgniter.php(509): CodeIgniter\CodeIgniter->runController(Object(App\Controllers\Applicant))
 8 SYSTEMPATH/CodeIgniter.php(355): CodeIgniter\CodeIgniter->handleRequest(null, Object(Config\Cache), false)
 9 SYSTEMPATH/Boot.php(325): CodeIgniter\CodeIgniter->run()
10 SYSTEMPATH/Boot.php(67): CodeIgniter\Boot::runCodeIgniter(Object(CodeIgniter\CodeIgniter))
11 FCPATH/index.php(56): CodeIgniter\Boot::bootWeb(Object(Config\Paths))
CRITICAL - 2024-08-20 12:14:13 --> ErrorException: Undefined array key 0
[Method: GET, Route: applicant/olevel]
in APPPATH/Controllers/Applicant.php on line 749.
 1 APPPATH/Controllers/Applicant.php(749): CodeIgniter\Debug\Exceptions->errorHandler(2, 'Undefined array key 0', '/home/prtald/public_html/admissions/app/Controllers/Applicant.php', 749)
 2 SYSTEMPATH/CodeIgniter.php(933): App\Controllers\Applicant->olevel()
 3 SYSTEMPATH/CodeIgniter.php(509): CodeIgniter\CodeIgniter->runController(Object(App\Controllers\Applicant))
 4 SYSTEMPATH/CodeIgniter.php(355): CodeIgniter\CodeIgniter->handleRequest(null, Object(Config\Cache), false)
 5 SYSTEMPATH/Boot.php(325): CodeIgniter\CodeIgniter->run()
 6 SYSTEMPATH/Boot.php(67): CodeIgniter\Boot::runCodeIgniter(Object(CodeIgniter\CodeIgniter))
 7 FCPATH/index.php(56): CodeIgniter\Boot::bootWeb(Object(Config\Paths))
CRITICAL - 2024-08-20 12:14:18 --> ErrorException: Undefined array key 0
[Method: GET, Route: applicant/olevel]
in APPPATH/Controllers/Applicant.php on line 749.
 1 APPPATH/Controllers/Applicant.php(749): CodeIgniter\Debug\Exceptions->errorHandler(2, 'Undefined array key 0', '/home/prtald/public_html/admissions/app/Controllers/Applicant.php', 749)
 2 SYSTEMPATH/CodeIgniter.php(933): App\Controllers\Applicant->olevel()
 3 SYSTEMPATH/CodeIgniter.php(509): CodeIgniter\CodeIgniter->runController(Object(App\Controllers\Applicant))
 4 SYSTEMPATH/CodeIgniter.php(355): CodeIgniter\CodeIgniter->handleRequest(null, Object(Config\Cache), false)
 5 SYSTEMPATH/Boot.php(325): CodeIgniter\CodeIgniter->run()
 6 SYSTEMPATH/Boot.php(67): CodeIgniter\Boot::runCodeIgniter(Object(CodeIgniter\CodeIgniter))
 7 FCPATH/index.php(56): CodeIgniter\Boot::bootWeb(Object(Config\Paths))
CRITICAL - 2024-08-20 12:14:27 --> ErrorException: Undefined array key 0
[Method: GET, Route: applicant/olevel]
in APPPATH/Controllers/Applicant.php on line 749.
 1 APPPATH/Controllers/Applicant.php(749): CodeIgniter\Debug\Exceptions->errorHandler(2, 'Undefined array key 0', '/home/prtald/public_html/admissions/app/Controllers/Applicant.php', 749)
 2 SYSTEMPATH/CodeIgniter.php(933): App\Controllers\Applicant->olevel()
 3 SYSTEMPATH/CodeIgniter.php(509): CodeIgniter\CodeIgniter->runController(Object(App\Controllers\Applicant))
 4 SYSTEMPATH/CodeIgniter.php(355): CodeIgniter\CodeIgniter->handleRequest(null, Object(Config\Cache), false)
 5 SYSTEMPATH/Boot.php(325): CodeIgniter\CodeIgniter->run()
 6 SYSTEMPATH/Boot.php(67): CodeIgniter\Boot::runCodeIgniter(Object(CodeIgniter\CodeIgniter))
 7 FCPATH/index.php(56): CodeIgniter\Boot::bootWeb(Object(Config\Paths))
CRITICAL - 2024-08-20 12:35:34 --> ErrorException: Undefined array key 0
[Method: GET, Route: applicant/phistory]
in APPPATH/Views/applicants/mypayments.php on line 56.
 1 APPPATH/Views/applicants/mypayments.php(56): CodeIgniter\Debug\Exceptions->errorHandler(2, 'Undefined array key 0', '/home/prtald/public_html/admissions/app/Views/applicants/mypayments.php', 56)
 2 SYSTEMPATH/View/View.php(234): include('/home/prtald/public_html/admissions/app/Views/applicants/mypayments.php')
 3 SYSTEMPATH/View/View.php(237): CodeIgniter\View\View->CodeIgniter\View\{closure}()
 4 SYSTEMPATH/Common.php(1171): CodeIgniter\View\View->render('applicants/mypayments', [], true)
 5 APPPATH/Controllers/Applicant.php(386): view('applicants/mypayments', [...])
 6 SYSTEMPATH/CodeIgniter.php(933): App\Controllers\Applicant->phistory()
 7 SYSTEMPATH/CodeIgniter.php(509): CodeIgniter\CodeIgniter->runController(Object(App\Controllers\Applicant))
 8 SYSTEMPATH/CodeIgniter.php(355): CodeIgniter\CodeIgniter->handleRequest(null, Object(Config\Cache), false)
 9 SYSTEMPATH/Boot.php(325): CodeIgniter\CodeIgniter->run()
10 SYSTEMPATH/Boot.php(67): CodeIgniter\Boot::runCodeIgniter(Object(CodeIgniter\CodeIgniter))
11 FCPATH/index.php(56): CodeIgniter\Boot::bootWeb(Object(Config\Paths))
CRITICAL - 2024-08-20 13:06:02 --> ErrorException: Trying to access array offset on value of type null
[Method: GET, Route: applicant/remitaresponse]
in APPPATH/Controllers/Applicant.php on line 313.
 1 APPPATH/Controllers/Applicant.php(313): CodeIgniter\Debug\Exceptions->errorHandler(2, 'Trying to access array offset on value of type null', '/home/prtald/public_html/admissions/app/Controllers/Applicant.php', 313)
 2 SYSTEMPATH/CodeIgniter.php(933): App\Controllers\Applicant->remitaresponse()
 3 SYSTEMPATH/CodeIgniter.php(509): CodeIgniter\CodeIgniter->runController(Object(App\Controllers\Applicant))
 4 SYSTEMPATH/CodeIgniter.php(355): CodeIgniter\CodeIgniter->handleRequest(null, Object(Config\Cache), false)
 5 SYSTEMPATH/Boot.php(325): CodeIgniter\CodeIgniter->run()
 6 SYSTEMPATH/Boot.php(67): CodeIgniter\Boot::runCodeIgniter(Object(CodeIgniter\CodeIgniter))
 7 FCPATH/index.php(56): CodeIgniter\Boot::bootWeb(Object(Config\Paths))
CRITICAL - 2024-08-20 13:48:12 --> ErrorException: Undefined array key 0
[Method: GET, Route: applicant/phistory]
in APPPATH/Views/applicants/mypayments.php on line 56.
 1 APPPATH/Views/applicants/mypayments.php(56): CodeIgniter\Debug\Exceptions->errorHandler(2, 'Undefined array key 0', '/home/prtald/public_html/admissions/app/Views/applicants/mypayments.php', 56)
 2 SYSTEMPATH/View/View.php(234): include('/home/prtald/public_html/admissions/app/Views/applicants/mypayments.php')
 3 SYSTEMPATH/View/View.php(237): CodeIgniter\View\View->CodeIgniter\View\{closure}()
 4 SYSTEMPATH/Common.php(1171): CodeIgniter\View\View->render('applicants/mypayments', [], true)
 5 APPPATH/Controllers/Applicant.php(386): view('applicants/mypayments', [...])
 6 SYSTEMPATH/CodeIgniter.php(933): App\Controllers\Applicant->phistory()
 7 SYSTEMPATH/CodeIgniter.php(509): CodeIgniter\CodeIgniter->runController(Object(App\Controllers\Applicant))
 8 SYSTEMPATH/CodeIgniter.php(355): CodeIgniter\CodeIgniter->handleRequest(null, Object(Config\Cache), false)
 9 SYSTEMPATH/Boot.php(325): CodeIgniter\CodeIgniter->run()
10 SYSTEMPATH/Boot.php(67): CodeIgniter\Boot::runCodeIgniter(Object(CodeIgniter\CodeIgniter))
11 FCPATH/index.php(56): CodeIgniter\Boot::bootWeb(Object(Config\Paths))
CRITICAL - 2024-08-20 13:48:27 --> ErrorException: Undefined array key 0
[Method: GET, Route: applicant/phistory]
in APPPATH/Views/applicants/mypayments.php on line 56.
 1 APPPATH/Views/applicants/mypayments.php(56): CodeIgniter\Debug\Exceptions->errorHandler(2, 'Undefined array key 0', '/home/prtald/public_html/admissions/app/Views/applicants/mypayments.php', 56)
 2 SYSTEMPATH/View/View.php(234): include('/home/prtald/public_html/admissions/app/Views/applicants/mypayments.php')
 3 SYSTEMPATH/View/View.php(237): CodeIgniter\View\View->CodeIgniter\View\{closure}()
 4 SYSTEMPATH/Common.php(1171): CodeIgniter\View\View->render('applicants/mypayments', [], true)
 5 APPPATH/Controllers/Applicant.php(386): view('applicants/mypayments', [...])
 6 SYSTEMPATH/CodeIgniter.php(933): App\Controllers\Applicant->phistory()
 7 SYSTEMPATH/CodeIgniter.php(509): CodeIgniter\CodeIgniter->runController(Object(App\Controllers\Applicant))
 8 SYSTEMPATH/CodeIgniter.php(355): CodeIgniter\CodeIgniter->handleRequest(null, Object(Config\Cache), false)
 9 SYSTEMPATH/Boot.php(325): CodeIgniter\CodeIgniter->run()
10 SYSTEMPATH/Boot.php(67): CodeIgniter\Boot::runCodeIgniter(Object(CodeIgniter\CodeIgniter))
11 FCPATH/index.php(56): CodeIgniter\Boot::bootWeb(Object(Config\Paths))
CRITICAL - 2024-08-20 14:18:40 --> ErrorException: Undefined array key 0
[Method: GET, Route: applicant/phistory]
in APPPATH/Views/applicants/mypayments.php on line 56.
 1 APPPATH/Views/applicants/mypayments.php(56): CodeIgniter\Debug\Exceptions->errorHandler(2, 'Undefined array key 0', '/home/prtald/public_html/admissions/app/Views/applicants/mypayments.php', 56)
 2 SYSTEMPATH/View/View.php(234): include('/home/prtald/public_html/admissions/app/Views/applicants/mypayments.php')
 3 SYSTEMPATH/View/View.php(237): CodeIgniter\View\View->CodeIgniter\View\{closure}()
 4 SYSTEMPATH/Common.php(1171): CodeIgniter\View\View->render('applicants/mypayments', [], true)
 5 APPPATH/Controllers/Applicant.php(386): view('applicants/mypayments', [...])
 6 SYSTEMPATH/CodeIgniter.php(933): App\Controllers\Applicant->phistory()
 7 SYSTEMPATH/CodeIgniter.php(509): CodeIgniter\CodeIgniter->runController(Object(App\Controllers\Applicant))
 8 SYSTEMPATH/CodeIgniter.php(355): CodeIgniter\CodeIgniter->handleRequest(null, Object(Config\Cache), false)
 9 SYSTEMPATH/Boot.php(325): CodeIgniter\CodeIgniter->run()
10 SYSTEMPATH/Boot.php(67): CodeIgniter\Boot::runCodeIgniter(Object(CodeIgniter\CodeIgniter))
11 FCPATH/index.php(56): CodeIgniter\Boot::bootWeb(Object(Config\Paths))
CRITICAL - 2024-08-20 14:45:15 --> ErrorException: Undefined array key 0
[Method: GET, Route: applicant/phistory]
in APPPATH/Views/applicants/mypayments.php on line 56.
 1 APPPATH/Views/applicants/mypayments.php(56): CodeIgniter\Debug\Exceptions->errorHandler(2, 'Undefined array key 0', '/home/prtald/public_html/admissions/app/Views/applicants/mypayments.php', 56)
 2 SYSTEMPATH/View/View.php(234): include('/home/prtald/public_html/admissions/app/Views/applicants/mypayments.php')
 3 SYSTEMPATH/View/View.php(237): CodeIgniter\View\View->CodeIgniter\View\{closure}()
 4 SYSTEMPATH/Common.php(1171): CodeIgniter\View\View->render('applicants/mypayments', [], true)
 5 APPPATH/Controllers/Applicant.php(386): view('applicants/mypayments', [...])
 6 SYSTEMPATH/CodeIgniter.php(933): App\Controllers\Applicant->phistory()
 7 SYSTEMPATH/CodeIgniter.php(509): CodeIgniter\CodeIgniter->runController(Object(App\Controllers\Applicant))
 8 SYSTEMPATH/CodeIgniter.php(355): CodeIgniter\CodeIgniter->handleRequest(null, Object(Config\Cache), false)
 9 SYSTEMPATH/Boot.php(325): CodeIgniter\CodeIgniter->run()
10 SYSTEMPATH/Boot.php(67): CodeIgniter\Boot::runCodeIgniter(Object(CodeIgniter\CodeIgniter))
11 FCPATH/index.php(56): CodeIgniter\Boot::bootWeb(Object(Config\Paths))
CRITICAL - 2024-08-20 16:10:22 --> ErrorException: Undefined array key 0
[Method: GET, Route: applicant/olevel]
in APPPATH/Controllers/Applicant.php on line 749.
 1 APPPATH/Controllers/Applicant.php(749): CodeIgniter\Debug\Exceptions->errorHandler(2, 'Undefined array key 0', '/home/prtald/public_html/admissions/app/Controllers/Applicant.php', 749)
 2 SYSTEMPATH/CodeIgniter.php(933): App\Controllers\Applicant->olevel()
 3 SYSTEMPATH/CodeIgniter.php(509): CodeIgniter\CodeIgniter->runController(Object(App\Controllers\Applicant))
 4 SYSTEMPATH/CodeIgniter.php(355): CodeIgniter\CodeIgniter->handleRequest(null, Object(Config\Cache), false)
 5 SYSTEMPATH/Boot.php(325): CodeIgniter\CodeIgniter->run()
 6 SYSTEMPATH/Boot.php(67): CodeIgniter\Boot::runCodeIgniter(Object(CodeIgniter\CodeIgniter))
 7 FCPATH/index.php(56): CodeIgniter\Boot::bootWeb(Object(Config\Paths))
CRITICAL - 2024-08-20 17:09:05 --> ErrorException: Undefined array key 0
[Method: GET, Route: applicant/phistory]
in APPPATH/Views/applicants/mypayments.php on line 56.
 1 APPPATH/Views/applicants/mypayments.php(56): CodeIgniter\Debug\Exceptions->errorHandler(2, 'Undefined array key 0', '/home/prtald/public_html/admissions/app/Views/applicants/mypayments.php', 56)
 2 SYSTEMPATH/View/View.php(234): include('/home/prtald/public_html/admissions/app/Views/applicants/mypayments.php')
 3 SYSTEMPATH/View/View.php(237): CodeIgniter\View\View->CodeIgniter\View\{closure}()
 4 SYSTEMPATH/Common.php(1171): CodeIgniter\View\View->render('applicants/mypayments', [], true)
 5 APPPATH/Controllers/Applicant.php(386): view('applicants/mypayments', [...])
 6 SYSTEMPATH/CodeIgniter.php(933): App\Controllers\Applicant->phistory()
 7 SYSTEMPATH/CodeIgniter.php(509): CodeIgniter\CodeIgniter->runController(Object(App\Controllers\Applicant))
 8 SYSTEMPATH/CodeIgniter.php(355): CodeIgniter\CodeIgniter->handleRequest(null, Object(Config\Cache), false)
 9 SYSTEMPATH/Boot.php(325): CodeIgniter\CodeIgniter->run()
10 SYSTEMPATH/Boot.php(67): CodeIgniter\Boot::runCodeIgniter(Object(CodeIgniter\CodeIgniter))
11 FCPATH/index.php(56): CodeIgniter\Boot::bootWeb(Object(Config\Paths))
CRITICAL - 2024-08-20 17:11:51 --> ErrorException: Undefined array key 0
[Method: GET, Route: applicant/school]
in APPPATH/Controllers/Applicant.php on line 875.
 1 APPPATH/Controllers/Applicant.php(875): CodeIgniter\Debug\Exceptions->errorHandler(2, 'Undefined array key 0', '/home/prtald/public_html/admissions/app/Controllers/Applicant.php', 875)
 2 SYSTEMPATH/CodeIgniter.php(933): App\Controllers\Applicant->school()
 3 SYSTEMPATH/CodeIgniter.php(509): CodeIgniter\CodeIgniter->runController(Object(App\Controllers\Applicant))
 4 SYSTEMPATH/CodeIgniter.php(355): CodeIgniter\CodeIgniter->handleRequest(null, Object(Config\Cache), false)
 5 SYSTEMPATH/Boot.php(325): CodeIgniter\CodeIgniter->run()
 6 SYSTEMPATH/Boot.php(67): CodeIgniter\Boot::runCodeIgniter(Object(CodeIgniter\CodeIgniter))
 7 FCPATH/index.php(56): CodeIgniter\Boot::bootWeb(Object(Config\Paths))
CRITICAL - 2024-08-20 19:11:45 --> ErrorException: Undefined array key 0
[Method: GET, Route: applicant/phistory]
in APPPATH/Views/applicants/mypayments.php on line 56.
 1 APPPATH/Views/applicants/mypayments.php(56): CodeIgniter\Debug\Exceptions->errorHandler(2, 'Undefined array key 0', '/home/prtald/public_html/admissions/app/Views/applicants/mypayments.php', 56)
 2 SYSTEMPATH/View/View.php(234): include('/home/prtald/public_html/admissions/app/Views/applicants/mypayments.php')
 3 SYSTEMPATH/View/View.php(237): CodeIgniter\View\View->CodeIgniter\View\{closure}()
 4 SYSTEMPATH/Common.php(1171): CodeIgniter\View\View->render('applicants/mypayments', [], true)
 5 APPPATH/Controllers/Applicant.php(386): view('applicants/mypayments', [...])
 6 SYSTEMPATH/CodeIgniter.php(933): App\Controllers\Applicant->phistory()
 7 SYSTEMPATH/CodeIgniter.php(509): CodeIgniter\CodeIgniter->runController(Object(App\Controllers\Applicant))
 8 SYSTEMPATH/CodeIgniter.php(355): CodeIgniter\CodeIgniter->handleRequest(null, Object(Config\Cache), false)
 9 SYSTEMPATH/Boot.php(325): CodeIgniter\CodeIgniter->run()
10 SYSTEMPATH/Boot.php(67): CodeIgniter\Boot::runCodeIgniter(Object(CodeIgniter\CodeIgniter))
11 FCPATH/index.php(56): CodeIgniter\Boot::bootWeb(Object(Config\Paths))
CRITICAL - 2024-08-20 19:29:00 --> ErrorException: Undefined variable $semail
[Method: POST, Route: account/forgetpass]
in APPPATH/Controllers/Account.php on line 316.
 1 APPPATH/Controllers/Account.php(316): CodeIgniter\Debug\Exceptions->errorHandler(2, 'Undefined variable $semail', '/home/prtald/public_html/admissions/app/Controllers/Account.php', 316)
 2 SYSTEMPATH/CodeIgniter.php(933): App\Controllers\Account->forgetpass()
 3 SYSTEMPATH/CodeIgniter.php(509): CodeIgniter\CodeIgniter->runController(Object(App\Controllers\Account))
 4 SYSTEMPATH/CodeIgniter.php(355): CodeIgniter\CodeIgniter->handleRequest(null, Object(Config\Cache), false)
 5 SYSTEMPATH/Boot.php(325): CodeIgniter\CodeIgniter->run()
 6 SYSTEMPATH/Boot.php(67): CodeIgniter\Boot::runCodeIgniter(Object(CodeIgniter\CodeIgniter))
 7 FCPATH/index.php(56): CodeIgniter\Boot::bootWeb(Object(Config\Paths))
CRITICAL - 2024-08-20 19:57:56 --> ErrorException: Trying to access array offset on value of type null
[Method: POST, Route: applicant/paynow]
in APPPATH/Controllers/Applicant.php on line 208.
 1 APPPATH/Controllers/Applicant.php(208): CodeIgniter\Debug\Exceptions->errorHandler(2, 'Trying to access array offset on value of type null', '/home/prtald/public_html/admissions/app/Controllers/Applicant.php', 208)
 2 SYSTEMPATH/CodeIgniter.php(933): App\Controllers\Applicant->paynow()
 3 SYSTEMPATH/CodeIgniter.php(509): CodeIgniter\CodeIgniter->runController(Object(App\Controllers\Applicant))
 4 SYSTEMPATH/CodeIgniter.php(355): CodeIgniter\CodeIgniter->handleRequest(null, Object(Config\Cache), false)
 5 SYSTEMPATH/Boot.php(325): CodeIgniter\CodeIgniter->run()
 6 SYSTEMPATH/Boot.php(67): CodeIgniter\Boot::runCodeIgniter(Object(CodeIgniter\CodeIgniter))
 7 FCPATH/index.php(56): CodeIgniter\Boot::bootWeb(Object(Config\Paths))
CRITICAL - 2024-08-20 19:57:57 --> ErrorException: Trying to access array offset on value of type null
[Method: POST, Route: applicant/paynow]
in APPPATH/Controllers/Applicant.php on line 208.
 1 APPPATH/Controllers/Applicant.php(208): CodeIgniter\Debug\Exceptions->errorHandler(2, 'Trying to access array offset on value of type null', '/home/prtald/public_html/admissions/app/Controllers/Applicant.php', 208)
 2 SYSTEMPATH/CodeIgniter.php(933): App\Controllers\Applicant->paynow()
 3 SYSTEMPATH/CodeIgniter.php(509): CodeIgniter\CodeIgniter->runController(Object(App\Controllers\Applicant))
 4 SYSTEMPATH/CodeIgniter.php(355): CodeIgniter\CodeIgniter->handleRequest(null, Object(Config\Cache), false)
 5 SYSTEMPATH/Boot.php(325): CodeIgniter\CodeIgniter->run()
 6 SYSTEMPATH/Boot.php(67): CodeIgniter\Boot::runCodeIgniter(Object(CodeIgniter\CodeIgniter))
 7 FCPATH/index.php(56): CodeIgniter\Boot::bootWeb(Object(Config\Paths))
CRITICAL - 2024-08-20 19:57:57 --> ErrorException: Trying to access array offset on value of type null
[Method: POST, Route: applicant/paynow]
in APPPATH/Controllers/Applicant.php on line 208.
 1 APPPATH/Controllers/Applicant.php(208): CodeIgniter\Debug\Exceptions->errorHandler(2, 'Trying to access array offset on value of type null', '/home/prtald/public_html/admissions/app/Controllers/Applicant.php', 208)
 2 SYSTEMPATH/CodeIgniter.php(933): App\Controllers\Applicant->paynow()
 3 SYSTEMPATH/CodeIgniter.php(509): CodeIgniter\CodeIgniter->runController(Object(App\Controllers\Applicant))
 4 SYSTEMPATH/CodeIgniter.php(355): CodeIgniter\CodeIgniter->handleRequest(null, Object(Config\Cache), false)
 5 SYSTEMPATH/Boot.php(325): CodeIgniter\CodeIgniter->run()
 6 SYSTEMPATH/Boot.php(67): CodeIgniter\Boot::runCodeIgniter(Object(CodeIgniter\CodeIgniter))
 7 FCPATH/index.php(56): CodeIgniter\Boot::bootWeb(Object(Config\Paths))
CRITICAL - 2024-08-20 19:57:57 --> ErrorException: Trying to access array offset on value of type null
[Method: POST, Route: applicant/paynow]
in APPPATH/Controllers/Applicant.php on line 208.
 1 APPPATH/Controllers/Applicant.php(208): CodeIgniter\Debug\Exceptions->errorHandler(2, 'Trying to access array offset on value of type null', '/home/prtald/public_html/admissions/app/Controllers/Applicant.php', 208)
 2 SYSTEMPATH/CodeIgniter.php(933): App\Controllers\Applicant->paynow()
 3 SYSTEMPATH/CodeIgniter.php(509): CodeIgniter\CodeIgniter->runController(Object(App\Controllers\Applicant))
 4 SYSTEMPATH/CodeIgniter.php(355): CodeIgniter\CodeIgniter->handleRequest(null, Object(Config\Cache), false)
 5 SYSTEMPATH/Boot.php(325): CodeIgniter\CodeIgniter->run()
 6 SYSTEMPATH/Boot.php(67): CodeIgniter\Boot::runCodeIgniter(Object(CodeIgniter\CodeIgniter))
 7 FCPATH/index.php(56): CodeIgniter\Boot::bootWeb(Object(Config\Paths))
CRITICAL - 2024-08-20 19:57:58 --> ErrorException: Trying to access array offset on value of type null
[Method: POST, Route: applicant/paynow]
in APPPATH/Controllers/Applicant.php on line 208.
 1 APPPATH/Controllers/Applicant.php(208): CodeIgniter\Debug\Exceptions->errorHandler(2, 'Trying to access array offset on value of type null', '/home/prtald/public_html/admissions/app/Controllers/Applicant.php', 208)
 2 SYSTEMPATH/CodeIgniter.php(933): App\Controllers\Applicant->paynow()
 3 SYSTEMPATH/CodeIgniter.php(509): CodeIgniter\CodeIgniter->runController(Object(App\Controllers\Applicant))
 4 SYSTEMPATH/CodeIgniter.php(355): CodeIgniter\CodeIgniter->handleRequest(null, Object(Config\Cache), false)
 5 SYSTEMPATH/Boot.php(325): CodeIgniter\CodeIgniter->run()
 6 SYSTEMPATH/Boot.php(67): CodeIgniter\Boot::runCodeIgniter(Object(CodeIgniter\CodeIgniter))
 7 FCPATH/index.php(56): CodeIgniter\Boot::bootWeb(Object(Config\Paths))
CRITICAL - 2024-08-20 19:57:59 --> ErrorException: Trying to access array offset on value of type null
[Method: POST, Route: applicant/paynow]
in APPPATH/Controllers/Applicant.php on line 208.
 1 APPPATH/Controllers/Applicant.php(208): CodeIgniter\Debug\Exceptions->errorHandler(2, 'Trying to access array offset on value of type null', '/home/prtald/public_html/admissions/app/Controllers/Applicant.php', 208)
 2 SYSTEMPATH/CodeIgniter.php(933): App\Controllers\Applicant->paynow()
 3 SYSTEMPATH/CodeIgniter.php(509): CodeIgniter\CodeIgniter->runController(Object(App\Controllers\Applicant))
 4 SYSTEMPATH/CodeIgniter.php(355): CodeIgniter\CodeIgniter->handleRequest(null, Object(Config\Cache), false)
 5 SYSTEMPATH/Boot.php(325): CodeIgniter\CodeIgniter->run()
 6 SYSTEMPATH/Boot.php(67): CodeIgniter\Boot::runCodeIgniter(Object(CodeIgniter\CodeIgniter))
 7 FCPATH/index.php(56): CodeIgniter\Boot::bootWeb(Object(Config\Paths))
CRITICAL - 2024-08-20 20:01:11 --> ErrorException: Trying to access array offset on value of type null
[Method: POST, Route: applicant/paynow]
in APPPATH/Controllers/Applicant.php on line 208.
 1 APPPATH/Controllers/Applicant.php(208): CodeIgniter\Debug\Exceptions->errorHandler(2, 'Trying to access array offset on value of type null', '/home/prtald/public_html/admissions/app/Controllers/Applicant.php', 208)
 2 SYSTEMPATH/CodeIgniter.php(933): App\Controllers\Applicant->paynow()
 3 SYSTEMPATH/CodeIgniter.php(509): CodeIgniter\CodeIgniter->runController(Object(App\Controllers\Applicant))
 4 SYSTEMPATH/CodeIgniter.php(355): CodeIgniter\CodeIgniter->handleRequest(null, Object(Config\Cache), false)
 5 SYSTEMPATH/Boot.php(325): CodeIgniter\CodeIgniter->run()
 6 SYSTEMPATH/Boot.php(67): CodeIgniter\Boot::runCodeIgniter(Object(CodeIgniter\CodeIgniter))
 7 FCPATH/index.php(56): CodeIgniter\Boot::bootWeb(Object(Config\Paths))
CRITICAL - 2024-08-20 20:01:14 --> ErrorException: Trying to access array offset on value of type null
[Method: POST, Route: applicant/paynow]
in APPPATH/Controllers/Applicant.php on line 208.
 1 APPPATH/Controllers/Applicant.php(208): CodeIgniter\Debug\Exceptions->errorHandler(2, 'Trying to access array offset on value of type null', '/home/prtald/public_html/admissions/app/Controllers/Applicant.php', 208)
 2 SYSTEMPATH/CodeIgniter.php(933): App\Controllers\Applicant->paynow()
 3 SYSTEMPATH/CodeIgniter.php(509): CodeIgniter\CodeIgniter->runController(Object(App\Controllers\Applicant))
 4 SYSTEMPATH/CodeIgniter.php(355): CodeIgniter\CodeIgniter->handleRequest(null, Object(Config\Cache), false)
 5 SYSTEMPATH/Boot.php(325): CodeIgniter\CodeIgniter->run()
 6 SYSTEMPATH/Boot.php(67): CodeIgniter\Boot::runCodeIgniter(Object(CodeIgniter\CodeIgniter))
 7 FCPATH/index.php(56): CodeIgniter\Boot::bootWeb(Object(Config\Paths))
CRITICAL - 2024-08-20 20:02:18 --> ErrorException: Trying to access array offset on value of type null
[Method: POST, Route: applicant/paynow]
in APPPATH/Controllers/Applicant.php on line 208.
 1 APPPATH/Controllers/Applicant.php(208): CodeIgniter\Debug\Exceptions->errorHandler(2, 'Trying to access array offset on value of type null', '/home/prtald/public_html/admissions/app/Controllers/Applicant.php', 208)
 2 SYSTEMPATH/CodeIgniter.php(933): App\Controllers\Applicant->paynow()
 3 SYSTEMPATH/CodeIgniter.php(509): CodeIgniter\CodeIgniter->runController(Object(App\Controllers\Applicant))
 4 SYSTEMPATH/CodeIgniter.php(355): CodeIgniter\CodeIgniter->handleRequest(null, Object(Config\Cache), false)
 5 SYSTEMPATH/Boot.php(325): CodeIgniter\CodeIgniter->run()
 6 SYSTEMPATH/Boot.php(67): CodeIgniter\Boot::runCodeIgniter(Object(CodeIgniter\CodeIgniter))
 7 FCPATH/index.php(56): CodeIgniter\Boot::bootWeb(Object(Config\Paths))
CRITICAL - 2024-08-20 20:03:46 --> ErrorException: Trying to access array offset on value of type null
[Method: POST, Route: applicant/paynow]
in APPPATH/Controllers/Applicant.php on line 208.
 1 APPPATH/Controllers/Applicant.php(208): CodeIgniter\Debug\Exceptions->errorHandler(2, 'Trying to access array offset on value of type null', '/home/prtald/public_html/admissions/app/Controllers/Applicant.php', 208)
 2 SYSTEMPATH/CodeIgniter.php(933): App\Controllers\Applicant->paynow()
 3 SYSTEMPATH/CodeIgniter.php(509): CodeIgniter\CodeIgniter->runController(Object(App\Controllers\Applicant))
 4 SYSTEMPATH/CodeIgniter.php(355): CodeIgniter\CodeIgniter->handleRequest(null, Object(Config\Cache), false)
 5 SYSTEMPATH/Boot.php(325): CodeIgniter\CodeIgniter->run()
 6 SYSTEMPATH/Boot.php(67): CodeIgniter\Boot::runCodeIgniter(Object(CodeIgniter\CodeIgniter))
 7 FCPATH/index.php(56): CodeIgniter\Boot::bootWeb(Object(Config\Paths))
CRITICAL - 2024-08-20 20:03:56 --> ErrorException: Trying to access array offset on value of type null
[Method: POST, Route: applicant/paynow]
in APPPATH/Controllers/Applicant.php on line 208.
 1 APPPATH/Controllers/Applicant.php(208): CodeIgniter\Debug\Exceptions->errorHandler(2, 'Trying to access array offset on value of type null', '/home/prtald/public_html/admissions/app/Controllers/Applicant.php', 208)
 2 SYSTEMPATH/CodeIgniter.php(933): App\Controllers\Applicant->paynow()
 3 SYSTEMPATH/CodeIgniter.php(509): CodeIgniter\CodeIgniter->runController(Object(App\Controllers\Applicant))
 4 SYSTEMPATH/CodeIgniter.php(355): CodeIgniter\CodeIgniter->handleRequest(null, Object(Config\Cache), false)
 5 SYSTEMPATH/Boot.php(325): CodeIgniter\CodeIgniter->run()
 6 SYSTEMPATH/Boot.php(67): CodeIgniter\Boot::runCodeIgniter(Object(CodeIgniter\CodeIgniter))
 7 FCPATH/index.php(56): CodeIgniter\Boot::bootWeb(Object(Config\Paths))
CRITICAL - 2024-08-20 20:04:38 --> ErrorException: Trying to access array offset on value of type null
[Method: POST, Route: applicant/paynow]
in APPPATH/Controllers/Applicant.php on line 208.
 1 APPPATH/Controllers/Applicant.php(208): CodeIgniter\Debug\Exceptions->errorHandler(2, 'Trying to access array offset on value of type null', '/home/prtald/public_html/admissions/app/Controllers/Applicant.php', 208)
 2 SYSTEMPATH/CodeIgniter.php(933): App\Controllers\Applicant->paynow()
 3 SYSTEMPATH/CodeIgniter.php(509): CodeIgniter\CodeIgniter->runController(Object(App\Controllers\Applicant))
 4 SYSTEMPATH/CodeIgniter.php(355): CodeIgniter\CodeIgniter->handleRequest(null, Object(Config\Cache), false)
 5 SYSTEMPATH/Boot.php(325): CodeIgniter\CodeIgniter->run()
 6 SYSTEMPATH/Boot.php(67): CodeIgniter\Boot::runCodeIgniter(Object(CodeIgniter\CodeIgniter))
 7 FCPATH/index.php(56): CodeIgniter\Boot::bootWeb(Object(Config\Paths))
CRITICAL - 2024-08-20 20:05:17 --> ErrorException: Trying to access array offset on value of type null
[Method: POST, Route: applicant/paynow]
in APPPATH/Controllers/Applicant.php on line 208.
 1 APPPATH/Controllers/Applicant.php(208): CodeIgniter\Debug\Exceptions->errorHandler(2, 'Trying to access array offset on value of type null', '/home/prtald/public_html/admissions/app/Controllers/Applicant.php', 208)
 2 SYSTEMPATH/CodeIgniter.php(933): App\Controllers\Applicant->paynow()
 3 SYSTEMPATH/CodeIgniter.php(509): CodeIgniter\CodeIgniter->runController(Object(App\Controllers\Applicant))
 4 SYSTEMPATH/CodeIgniter.php(355): CodeIgniter\CodeIgniter->handleRequest(null, Object(Config\Cache), false)
 5 SYSTEMPATH/Boot.php(325): CodeIgniter\CodeIgniter->run()
 6 SYSTEMPATH/Boot.php(67): CodeIgniter\Boot::runCodeIgniter(Object(CodeIgniter\CodeIgniter))
 7 FCPATH/index.php(56): CodeIgniter\Boot::bootWeb(Object(Config\Paths))
CRITICAL - 2024-08-20 20:09:10 --> ErrorException: Trying to access array offset on value of type null
[Method: POST, Route: applicant/paynow]
in APPPATH/Controllers/Applicant.php on line 208.
 1 APPPATH/Controllers/Applicant.php(208): CodeIgniter\Debug\Exceptions->errorHandler(2, 'Trying to access array offset on value of type null', '/home/prtald/public_html/admissions/app/Controllers/Applicant.php', 208)
 2 SYSTEMPATH/CodeIgniter.php(933): App\Controllers\Applicant->paynow()
 3 SYSTEMPATH/CodeIgniter.php(509): CodeIgniter\CodeIgniter->runController(Object(App\Controllers\Applicant))
 4 SYSTEMPATH/CodeIgniter.php(355): CodeIgniter\CodeIgniter->handleRequest(null, Object(Config\Cache), false)
 5 SYSTEMPATH/Boot.php(325): CodeIgniter\CodeIgniter->run()
 6 SYSTEMPATH/Boot.php(67): CodeIgniter\Boot::runCodeIgniter(Object(CodeIgniter\CodeIgniter))
 7 FCPATH/index.php(56): CodeIgniter\Boot::bootWeb(Object(Config\Paths))
CRITICAL - 2024-08-20 20:09:15 --> ErrorException: Trying to access array offset on value of type null
[Method: POST, Route: applicant/paynow]
in APPPATH/Controllers/Applicant.php on line 208.
 1 APPPATH/Controllers/Applicant.php(208): CodeIgniter\Debug\Exceptions->errorHandler(2, 'Trying to access array offset on value of type null', '/home/prtald/public_html/admissions/app/Controllers/Applicant.php', 208)
 2 SYSTEMPATH/CodeIgniter.php(933): App\Controllers\Applicant->paynow()
 3 SYSTEMPATH/CodeIgniter.php(509): CodeIgniter\CodeIgniter->runController(Object(App\Controllers\Applicant))
 4 SYSTEMPATH/CodeIgniter.php(355): CodeIgniter\CodeIgniter->handleRequest(null, Object(Config\Cache), false)
 5 SYSTEMPATH/Boot.php(325): CodeIgniter\CodeIgniter->run()
 6 SYSTEMPATH/Boot.php(67): CodeIgniter\Boot::runCodeIgniter(Object(CodeIgniter\CodeIgniter))
 7 FCPATH/index.php(56): CodeIgniter\Boot::bootWeb(Object(Config\Paths))
CRITICAL - 2024-08-20 20:09:24 --> ErrorException: Trying to access array offset on value of type null
[Method: POST, Route: applicant/paynow]
in APPPATH/Controllers/Applicant.php on line 208.
 1 APPPATH/Controllers/Applicant.php(208): CodeIgniter\Debug\Exceptions->errorHandler(2, 'Trying to access array offset on value of type null', '/home/prtald/public_html/admissions/app/Controllers/Applicant.php', 208)
 2 SYSTEMPATH/CodeIgniter.php(933): App\Controllers\Applicant->paynow()
 3 SYSTEMPATH/CodeIgniter.php(509): CodeIgniter\CodeIgniter->runController(Object(App\Controllers\Applicant))
 4 SYSTEMPATH/CodeIgniter.php(355): CodeIgniter\CodeIgniter->handleRequest(null, Object(Config\Cache), false)
 5 SYSTEMPATH/Boot.php(325): CodeIgniter\CodeIgniter->run()
 6 SYSTEMPATH/Boot.php(67): CodeIgniter\Boot::runCodeIgniter(Object(CodeIgniter\CodeIgniter))
 7 FCPATH/index.php(56): CodeIgniter\Boot::bootWeb(Object(Config\Paths))
CRITICAL - 2024-08-20 20:09:31 --> ErrorException: Trying to access array offset on value of type null
[Method: POST, Route: applicant/paynow]
in APPPATH/Controllers/Applicant.php on line 208.
 1 APPPATH/Controllers/Applicant.php(208): CodeIgniter\Debug\Exceptions->errorHandler(2, 'Trying to access array offset on value of type null', '/home/prtald/public_html/admissions/app/Controllers/Applicant.php', 208)
 2 SYSTEMPATH/CodeIgniter.php(933): App\Controllers\Applicant->paynow()
 3 SYSTEMPATH/CodeIgniter.php(509): CodeIgniter\CodeIgniter->runController(Object(App\Controllers\Applicant))
 4 SYSTEMPATH/CodeIgniter.php(355): CodeIgniter\CodeIgniter->handleRequest(null, Object(Config\Cache), false)
 5 SYSTEMPATH/Boot.php(325): CodeIgniter\CodeIgniter->run()
 6 SYSTEMPATH/Boot.php(67): CodeIgniter\Boot::runCodeIgniter(Object(CodeIgniter\CodeIgniter))
 7 FCPATH/index.php(56): CodeIgniter\Boot::bootWeb(Object(Config\Paths))
CRITICAL - 2024-08-20 20:09:49 --> ErrorException: Undefined array key 0
[Method: GET, Route: applicant/phistory]
in APPPATH/Views/applicants/mypayments.php on line 56.
 1 APPPATH/Views/applicants/mypayments.php(56): CodeIgniter\Debug\Exceptions->errorHandler(2, 'Undefined array key 0', '/home/prtald/public_html/admissions/app/Views/applicants/mypayments.php', 56)
 2 SYSTEMPATH/View/View.php(234): include('/home/prtald/public_html/admissions/app/Views/applicants/mypayments.php')
 3 SYSTEMPATH/View/View.php(237): CodeIgniter\View\View->CodeIgniter\View\{closure}()
 4 SYSTEMPATH/Common.php(1171): CodeIgniter\View\View->render('applicants/mypayments', [], true)
 5 APPPATH/Controllers/Applicant.php(386): view('applicants/mypayments', [...])
 6 SYSTEMPATH/CodeIgniter.php(933): App\Controllers\Applicant->phistory()
 7 SYSTEMPATH/CodeIgniter.php(509): CodeIgniter\CodeIgniter->runController(Object(App\Controllers\Applicant))
 8 SYSTEMPATH/CodeIgniter.php(355): CodeIgniter\CodeIgniter->handleRequest(null, Object(Config\Cache), false)
 9 SYSTEMPATH/Boot.php(325): CodeIgniter\CodeIgniter->run()
10 SYSTEMPATH/Boot.php(67): CodeIgniter\Boot::runCodeIgniter(Object(CodeIgniter\CodeIgniter))
11 FCPATH/index.php(56): CodeIgniter\Boot::bootWeb(Object(Config\Paths))
CRITICAL - 2024-08-20 20:10:01 --> ErrorException: Trying to access array offset on value of type null
[Method: POST, Route: applicant/paynow]
in APPPATH/Controllers/Applicant.php on line 208.
 1 APPPATH/Controllers/Applicant.php(208): CodeIgniter\Debug\Exceptions->errorHandler(2, 'Trying to access array offset on value of type null', '/home/prtald/public_html/admissions/app/Controllers/Applicant.php', 208)
 2 SYSTEMPATH/CodeIgniter.php(933): App\Controllers\Applicant->paynow()
 3 SYSTEMPATH/CodeIgniter.php(509): CodeIgniter\CodeIgniter->runController(Object(App\Controllers\Applicant))
 4 SYSTEMPATH/CodeIgniter.php(355): CodeIgniter\CodeIgniter->handleRequest(null, Object(Config\Cache), false)
 5 SYSTEMPATH/Boot.php(325): CodeIgniter\CodeIgniter->run()
 6 SYSTEMPATH/Boot.php(67): CodeIgniter\Boot::runCodeIgniter(Object(CodeIgniter\CodeIgniter))
 7 FCPATH/index.php(56): CodeIgniter\Boot::bootWeb(Object(Config\Paths))
CRITICAL - 2024-08-20 20:13:25 --> ErrorException: Trying to access array offset on value of type null
[Method: POST, Route: applicant/paynow]
in APPPATH/Controllers/Applicant.php on line 208.
 1 APPPATH/Controllers/Applicant.php(208): CodeIgniter\Debug\Exceptions->errorHandler(2, 'Trying to access array offset on value of type null', '/home/prtald/public_html/admissions/app/Controllers/Applicant.php', 208)
 2 SYSTEMPATH/CodeIgniter.php(933): App\Controllers\Applicant->paynow()
 3 SYSTEMPATH/CodeIgniter.php(509): CodeIgniter\CodeIgniter->runController(Object(App\Controllers\Applicant))
 4 SYSTEMPATH/CodeIgniter.php(355): CodeIgniter\CodeIgniter->handleRequest(null, Object(Config\Cache), false)
 5 SYSTEMPATH/Boot.php(325): CodeIgniter\CodeIgniter->run()
 6 SYSTEMPATH/Boot.php(67): CodeIgniter\Boot::runCodeIgniter(Object(CodeIgniter\CodeIgniter))
 7 FCPATH/index.php(56): CodeIgniter\Boot::bootWeb(Object(Config\Paths))
CRITICAL - 2024-08-20 20:15:29 --> ErrorException: Trying to access array offset on value of type null
[Method: POST, Route: applicant/paynow]
in APPPATH/Controllers/Applicant.php on line 208.
 1 APPPATH/Controllers/Applicant.php(208): CodeIgniter\Debug\Exceptions->errorHandler(2, 'Trying to access array offset on value of type null', '/home/prtald/public_html/admissions/app/Controllers/Applicant.php', 208)
 2 SYSTEMPATH/CodeIgniter.php(933): App\Controllers\Applicant->paynow()
 3 SYSTEMPATH/CodeIgniter.php(509): CodeIgniter\CodeIgniter->runController(Object(App\Controllers\Applicant))
 4 SYSTEMPATH/CodeIgniter.php(355): CodeIgniter\CodeIgniter->handleRequest(null, Object(Config\Cache), false)
 5 SYSTEMPATH/Boot.php(325): CodeIgniter\CodeIgniter->run()
 6 SYSTEMPATH/Boot.php(67): CodeIgniter\Boot::runCodeIgniter(Object(CodeIgniter\CodeIgniter))
 7 FCPATH/index.php(56): CodeIgniter\Boot::bootWeb(Object(Config\Paths))
CRITICAL - 2024-08-20 20:18:30 --> ErrorException: Trying to access array offset on value of type null
[Method: POST, Route: applicant/paynow]
in APPPATH/Controllers/Applicant.php on line 208.
 1 APPPATH/Controllers/Applicant.php(208): CodeIgniter\Debug\Exceptions->errorHandler(2, 'Trying to access array offset on value of type null', '/home/prtald/public_html/admissions/app/Controllers/Applicant.php', 208)
 2 SYSTEMPATH/CodeIgniter.php(933): App\Controllers\Applicant->paynow()
 3 SYSTEMPATH/CodeIgniter.php(509): CodeIgniter\CodeIgniter->runController(Object(App\Controllers\Applicant))
 4 SYSTEMPATH/CodeIgniter.php(355): CodeIgniter\CodeIgniter->handleRequest(null, Object(Config\Cache), false)
 5 SYSTEMPATH/Boot.php(325): CodeIgniter\CodeIgniter->run()
 6 SYSTEMPATH/Boot.php(67): CodeIgniter\Boot::runCodeIgniter(Object(CodeIgniter\CodeIgniter))
 7 FCPATH/index.php(56): CodeIgniter\Boot::bootWeb(Object(Config\Paths))
CRITICAL - 2024-08-20 21:02:35 --> ErrorException: Trying to access array offset on value of type null
[Method: POST, Route: applicant/paynow]
in APPPATH/Controllers/Applicant.php on line 208.
 1 APPPATH/Controllers/Applicant.php(208): CodeIgniter\Debug\Exceptions->errorHandler(2, 'Trying to access array offset on value of type null', '/home/prtald/public_html/admissions/app/Controllers/Applicant.php', 208)
 2 SYSTEMPATH/CodeIgniter.php(933): App\Controllers\Applicant->paynow()
 3 SYSTEMPATH/CodeIgniter.php(509): CodeIgniter\CodeIgniter->runController(Object(App\Controllers\Applicant))
 4 SYSTEMPATH/CodeIgniter.php(355): CodeIgniter\CodeIgniter->handleRequest(null, Object(Config\Cache), false)
 5 SYSTEMPATH/Boot.php(325): CodeIgniter\CodeIgniter->run()
 6 SYSTEMPATH/Boot.php(67): CodeIgniter\Boot::runCodeIgniter(Object(CodeIgniter\CodeIgniter))
 7 FCPATH/index.php(56): CodeIgniter\Boot::bootWeb(Object(Config\Paths))
CRITICAL - 2024-08-20 21:03:27 --> ErrorException: Trying to access array offset on value of type null
[Method: POST, Route: applicant/paynow]
in APPPATH/Controllers/Applicant.php on line 208.
 1 APPPATH/Controllers/Applicant.php(208): CodeIgniter\Debug\Exceptions->errorHandler(2, 'Trying to access array offset on value of type null', '/home/prtald/public_html/admissions/app/Controllers/Applicant.php', 208)
 2 SYSTEMPATH/CodeIgniter.php(933): App\Controllers\Applicant->paynow()
 3 SYSTEMPATH/CodeIgniter.php(509): CodeIgniter\CodeIgniter->runController(Object(App\Controllers\Applicant))
 4 SYSTEMPATH/CodeIgniter.php(355): CodeIgniter\CodeIgniter->handleRequest(null, Object(Config\Cache), false)
 5 SYSTEMPATH/Boot.php(325): CodeIgniter\CodeIgniter->run()
 6 SYSTEMPATH/Boot.php(67): CodeIgniter\Boot::runCodeIgniter(Object(CodeIgniter\CodeIgniter))
 7 FCPATH/index.php(56): CodeIgniter\Boot::bootWeb(Object(Config\Paths))
CRITICAL - 2024-08-20 21:03:37 --> ErrorException: Trying to access array offset on value of type null
[Method: POST, Route: applicant/paynow]
in APPPATH/Controllers/Applicant.php on line 208.
 1 APPPATH/Controllers/Applicant.php(208): CodeIgniter\Debug\Exceptions->errorHandler(2, 'Trying to access array offset on value of type null', '/home/prtald/public_html/admissions/app/Controllers/Applicant.php', 208)
 2 SYSTEMPATH/CodeIgniter.php(933): App\Controllers\Applicant->paynow()
 3 SYSTEMPATH/CodeIgniter.php(509): CodeIgniter\CodeIgniter->runController(Object(App\Controllers\Applicant))
 4 SYSTEMPATH/CodeIgniter.php(355): CodeIgniter\CodeIgniter->handleRequest(null, Object(Config\Cache), false)
 5 SYSTEMPATH/Boot.php(325): CodeIgniter\CodeIgniter->run()
 6 SYSTEMPATH/Boot.php(67): CodeIgniter\Boot::runCodeIgniter(Object(CodeIgniter\CodeIgniter))
 7 FCPATH/index.php(56): CodeIgniter\Boot::bootWeb(Object(Config\Paths))
CRITICAL - 2024-08-20 21:03:37 --> ErrorException: Trying to access array offset on value of type null
[Method: POST, Route: applicant/paynow]
in APPPATH/Controllers/Applicant.php on line 208.
 1 APPPATH/Controllers/Applicant.php(208): CodeIgniter\Debug\Exceptions->errorHandler(2, 'Trying to access array offset on value of type null', '/home/prtald/public_html/admissions/app/Controllers/Applicant.php', 208)
 2 SYSTEMPATH/CodeIgniter.php(933): App\Controllers\Applicant->paynow()
 3 SYSTEMPATH/CodeIgniter.php(509): CodeIgniter\CodeIgniter->runController(Object(App\Controllers\Applicant))
 4 SYSTEMPATH/CodeIgniter.php(355): CodeIgniter\CodeIgniter->handleRequest(null, Object(Config\Cache), false)
 5 SYSTEMPATH/Boot.php(325): CodeIgniter\CodeIgniter->run()
 6 SYSTEMPATH/Boot.php(67): CodeIgniter\Boot::runCodeIgniter(Object(CodeIgniter\CodeIgniter))
 7 FCPATH/index.php(56): CodeIgniter\Boot::bootWeb(Object(Config\Paths))
CRITICAL - 2024-08-20 21:03:38 --> ErrorException: Trying to access array offset on value of type null
[Method: POST, Route: applicant/paynow]
in APPPATH/Controllers/Applicant.php on line 208.
 1 APPPATH/Controllers/Applicant.php(208): CodeIgniter\Debug\Exceptions->errorHandler(2, 'Trying to access array offset on value of type null', '/home/prtald/public_html/admissions/app/Controllers/Applicant.php', 208)
 2 SYSTEMPATH/CodeIgniter.php(933): App\Controllers\Applicant->paynow()
 3 SYSTEMPATH/CodeIgniter.php(509): CodeIgniter\CodeIgniter->runController(Object(App\Controllers\Applicant))
 4 SYSTEMPATH/CodeIgniter.php(355): CodeIgniter\CodeIgniter->handleRequest(null, Object(Config\Cache), false)
 5 SYSTEMPATH/Boot.php(325): CodeIgniter\CodeIgniter->run()
 6 SYSTEMPATH/Boot.php(67): CodeIgniter\Boot::runCodeIgniter(Object(CodeIgniter\CodeIgniter))
 7 FCPATH/index.php(56): CodeIgniter\Boot::bootWeb(Object(Config\Paths))
CRITICAL - 2024-08-20 21:03:38 --> ErrorException: Trying to access array offset on value of type null
[Method: POST, Route: applicant/paynow]
in APPPATH/Controllers/Applicant.php on line 208.
 1 APPPATH/Controllers/Applicant.php(208): CodeIgniter\Debug\Exceptions->errorHandler(2, 'Trying to access array offset on value of type null', '/home/prtald/public_html/admissions/app/Controllers/Applicant.php', 208)
 2 SYSTEMPATH/CodeIgniter.php(933): App\Controllers\Applicant->paynow()
 3 SYSTEMPATH/CodeIgniter.php(509): CodeIgniter\CodeIgniter->runController(Object(App\Controllers\Applicant))
 4 SYSTEMPATH/CodeIgniter.php(355): CodeIgniter\CodeIgniter->handleRequest(null, Object(Config\Cache), false)
 5 SYSTEMPATH/Boot.php(325): CodeIgniter\CodeIgniter->run()
 6 SYSTEMPATH/Boot.php(67): CodeIgniter\Boot::runCodeIgniter(Object(CodeIgniter\CodeIgniter))
 7 FCPATH/index.php(56): CodeIgniter\Boot::bootWeb(Object(Config\Paths))
CRITICAL - 2024-08-20 21:03:39 --> ErrorException: Trying to access array offset on value of type null
[Method: POST, Route: applicant/paynow]
in APPPATH/Controllers/Applicant.php on line 208.
 1 APPPATH/Controllers/Applicant.php(208): CodeIgniter\Debug\Exceptions->errorHandler(2, 'Trying to access array offset on value of type null', '/home/prtald/public_html/admissions/app/Controllers/Applicant.php', 208)
 2 SYSTEMPATH/CodeIgniter.php(933): App\Controllers\Applicant->paynow()
 3 SYSTEMPATH/CodeIgniter.php(509): CodeIgniter\CodeIgniter->runController(Object(App\Controllers\Applicant))
 4 SYSTEMPATH/CodeIgniter.php(355): CodeIgniter\CodeIgniter->handleRequest(null, Object(Config\Cache), false)
 5 SYSTEMPATH/Boot.php(325): CodeIgniter\CodeIgniter->run()
 6 SYSTEMPATH/Boot.php(67): CodeIgniter\Boot::runCodeIgniter(Object(CodeIgniter\CodeIgniter))
 7 FCPATH/index.php(56): CodeIgniter\Boot::bootWeb(Object(Config\Paths))
CRITICAL - 2024-08-20 21:03:39 --> ErrorException: Trying to access array offset on value of type null
[Method: POST, Route: applicant/paynow]
in APPPATH/Controllers/Applicant.php on line 208.
 1 APPPATH/Controllers/Applicant.php(208): CodeIgniter\Debug\Exceptions->errorHandler(2, 'Trying to access array offset on value of type null', '/home/prtald/public_html/admissions/app/Controllers/Applicant.php', 208)
 2 SYSTEMPATH/CodeIgniter.php(933): App\Controllers\Applicant->paynow()
 3 SYSTEMPATH/CodeIgniter.php(509): CodeIgniter\CodeIgniter->runController(Object(App\Controllers\Applicant))
 4 SYSTEMPATH/CodeIgniter.php(355): CodeIgniter\CodeIgniter->handleRequest(null, Object(Config\Cache), false)
 5 SYSTEMPATH/Boot.php(325): CodeIgniter\CodeIgniter->run()
 6 SYSTEMPATH/Boot.php(67): CodeIgniter\Boot::runCodeIgniter(Object(CodeIgniter\CodeIgniter))
 7 FCPATH/index.php(56): CodeIgniter\Boot::bootWeb(Object(Config\Paths))
CRITICAL - 2024-08-20 21:03:44 --> ErrorException: Trying to access array offset on value of type null
[Method: POST, Route: applicant/paynow]
in APPPATH/Controllers/Applicant.php on line 208.
 1 APPPATH/Controllers/Applicant.php(208): CodeIgniter\Debug\Exceptions->errorHandler(2, 'Trying to access array offset on value of type null', '/home/prtald/public_html/admissions/app/Controllers/Applicant.php', 208)
 2 SYSTEMPATH/CodeIgniter.php(933): App\Controllers\Applicant->paynow()
 3 SYSTEMPATH/CodeIgniter.php(509): CodeIgniter\CodeIgniter->runController(Object(App\Controllers\Applicant))
 4 SYSTEMPATH/CodeIgniter.php(355): CodeIgniter\CodeIgniter->handleRequest(null, Object(Config\Cache), false)
 5 SYSTEMPATH/Boot.php(325): CodeIgniter\CodeIgniter->run()
 6 SYSTEMPATH/Boot.php(67): CodeIgniter\Boot::runCodeIgniter(Object(CodeIgniter\CodeIgniter))
 7 FCPATH/index.php(56): CodeIgniter\Boot::bootWeb(Object(Config\Paths))
CRITICAL - 2024-08-20 21:03:48 --> ErrorException: Trying to access array offset on value of type null
[Method: POST, Route: applicant/paynow]
in APPPATH/Controllers/Applicant.php on line 208.
 1 APPPATH/Controllers/Applicant.php(208): CodeIgniter\Debug\Exceptions->errorHandler(2, 'Trying to access array offset on value of type null', '/home/prtald/public_html/admissions/app/Controllers/Applicant.php', 208)
 2 SYSTEMPATH/CodeIgniter.php(933): App\Controllers\Applicant->paynow()
 3 SYSTEMPATH/CodeIgniter.php(509): CodeIgniter\CodeIgniter->runController(Object(App\Controllers\Applicant))
 4 SYSTEMPATH/CodeIgniter.php(355): CodeIgniter\CodeIgniter->handleRequest(null, Object(Config\Cache), false)
 5 SYSTEMPATH/Boot.php(325): CodeIgniter\CodeIgniter->run()
 6 SYSTEMPATH/Boot.php(67): CodeIgniter\Boot::runCodeIgniter(Object(CodeIgniter\CodeIgniter))
 7 FCPATH/index.php(56): CodeIgniter\Boot::bootWeb(Object(Config\Paths))
CRITICAL - 2024-08-20 21:05:40 --> ErrorException: Trying to access array offset on value of type null
[Method: POST, Route: applicant/paynow]
in APPPATH/Controllers/Applicant.php on line 208.
 1 APPPATH/Controllers/Applicant.php(208): CodeIgniter\Debug\Exceptions->errorHandler(2, 'Trying to access array offset on value of type null', '/home/prtald/public_html/admissions/app/Controllers/Applicant.php', 208)
 2 SYSTEMPATH/CodeIgniter.php(933): App\Controllers\Applicant->paynow()
 3 SYSTEMPATH/CodeIgniter.php(509): CodeIgniter\CodeIgniter->runController(Object(App\Controllers\Applicant))
 4 SYSTEMPATH/CodeIgniter.php(355): CodeIgniter\CodeIgniter->handleRequest(null, Object(Config\Cache), false)
 5 SYSTEMPATH/Boot.php(325): CodeIgniter\CodeIgniter->run()
 6 SYSTEMPATH/Boot.php(67): CodeIgniter\Boot::runCodeIgniter(Object(CodeIgniter\CodeIgniter))
 7 FCPATH/index.php(56): CodeIgniter\Boot::bootWeb(Object(Config\Paths))
CRITICAL - 2024-08-20 21:12:26 --> ErrorException: Trying to access array offset on value of type null
[Method: POST, Route: applicant/paynow]
in APPPATH/Controllers/Applicant.php on line 208.
 1 APPPATH/Controllers/Applicant.php(208): CodeIgniter\Debug\Exceptions->errorHandler(2, 'Trying to access array offset on value of type null', '/home/prtald/public_html/admissions/app/Controllers/Applicant.php', 208)
 2 SYSTEMPATH/CodeIgniter.php(933): App\Controllers\Applicant->paynow()
 3 SYSTEMPATH/CodeIgniter.php(509): CodeIgniter\CodeIgniter->runController(Object(App\Controllers\Applicant))
 4 SYSTEMPATH/CodeIgniter.php(355): CodeIgniter\CodeIgniter->handleRequest(null, Object(Config\Cache), false)
 5 SYSTEMPATH/Boot.php(325): CodeIgniter\CodeIgniter->run()
 6 SYSTEMPATH/Boot.php(67): CodeIgniter\Boot::runCodeIgniter(Object(CodeIgniter\CodeIgniter))
 7 FCPATH/index.php(56): CodeIgniter\Boot::bootWeb(Object(Config\Paths))
CRITICAL - 2024-08-20 21:35:36 --> ErrorException: Undefined array key 0
[Method: GET, Route: applicant/school]
in APPPATH/Controllers/Applicant.php on line 875.
 1 APPPATH/Controllers/Applicant.php(875): CodeIgniter\Debug\Exceptions->errorHandler(2, 'Undefined array key 0', '/home/prtald/public_html/admissions/app/Controllers/Applicant.php', 875)
 2 SYSTEMPATH/CodeIgniter.php(933): App\Controllers\Applicant->school()
 3 SYSTEMPATH/CodeIgniter.php(509): CodeIgniter\CodeIgniter->runController(Object(App\Controllers\Applicant))
 4 SYSTEMPATH/CodeIgniter.php(355): CodeIgniter\CodeIgniter->handleRequest(null, Object(Config\Cache), false)
 5 SYSTEMPATH/Boot.php(325): CodeIgniter\CodeIgniter->run()
 6 SYSTEMPATH/Boot.php(67): CodeIgniter\Boot::runCodeIgniter(Object(CodeIgniter\CodeIgniter))
 7 FCPATH/index.php(56): CodeIgniter\Boot::bootWeb(Object(Config\Paths))
CRITICAL - 2024-08-20 21:54:35 --> ErrorException: Undefined array key 0
[Method: GET, Route: applicant/olevel]
in APPPATH/Controllers/Applicant.php on line 749.
 1 APPPATH/Controllers/Applicant.php(749): CodeIgniter\Debug\Exceptions->errorHandler(2, 'Undefined array key 0', '/home/prtald/public_html/admissions/app/Controllers/Applicant.php', 749)
 2 SYSTEMPATH/CodeIgniter.php(933): App\Controllers\Applicant->olevel()
 3 SYSTEMPATH/CodeIgniter.php(509): CodeIgniter\CodeIgniter->runController(Object(App\Controllers\Applicant))
 4 SYSTEMPATH/CodeIgniter.php(355): CodeIgniter\CodeIgniter->handleRequest(null, Object(Config\Cache), false)
 5 SYSTEMPATH/Boot.php(325): CodeIgniter\CodeIgniter->run()
 6 SYSTEMPATH/Boot.php(67): CodeIgniter\Boot::runCodeIgniter(Object(CodeIgniter\CodeIgniter))
 7 FCPATH/index.php(56): CodeIgniter\Boot::bootWeb(Object(Config\Paths))
