CRITICAL - 2024-08-18 00:45:15 --> ErrorException: Undefined array key 0
[Method: GET, Route: applicant/application_form]
in APPPATH/Views/applicants/application_form.php on line 266.
 1 APPPATH/Views/applicants/application_form.php(266): CodeIgniter\Debug\Exceptions->errorHandler(2, 'Undefined array key 0', '/home/prtald/public_html/admissions/app/Views/applicants/application_form.php', 266)
 2 SYSTEMPATH/View/View.php(234): include('/home/prtald/public_html/admissions/app/Views/applicants/application_form.php')
 3 SYSTEMPATH/View/View.php(237): CodeIgniter\View\View->CodeIgniter\View\{closure}()
 4 SYSTEMPATH/Common.php(1171): CodeIgniter\View\View->render('applicants/application_form', [], true)
 5 APPPATH/Controllers/Applicant.php(1077): view('applicants/application_form', [...])
 6 SYSTEMPATH/CodeIgniter.php(933): App\Controllers\Applicant->application_form()
 7 SYSTEMPATH/CodeIgniter.php(509): CodeIgniter\CodeIgniter->runController(Object(App\Controllers\Applicant))
 8 SYSTEMPATH/CodeIgniter.php(355): CodeIgniter\CodeIgniter->handleRequest(null, Object(Config\Cache), false)
 9 SYSTEMPATH/Boot.php(325): CodeIgniter\CodeIgniter->run()
10 SYSTEMPATH/Boot.php(67): CodeIgniter\Boot::runCodeIgniter(Object(CodeIgniter\CodeIgniter))
11 FCPATH/index.php(56): CodeIgniter\Boot::bootWeb(Object(Config\Paths))
CRITICAL - 2024-08-18 00:49:06 --> ErrorException: Undefined array key 0
[Method: GET, Route: applicant/application_form]
in APPPATH/Views/applicants/application_form.php on line 266.
 1 APPPATH/Views/applicants/application_form.php(266): CodeIgniter\Debug\Exceptions->errorHandler(2, 'Undefined array key 0', '/home/prtald/public_html/admissions/app/Views/applicants/application_form.php', 266)
 2 SYSTEMPATH/View/View.php(234): include('/home/prtald/public_html/admissions/app/Views/applicants/application_form.php')
 3 SYSTEMPATH/View/View.php(237): CodeIgniter\View\View->CodeIgniter\View\{closure}()
 4 SYSTEMPATH/Common.php(1171): CodeIgniter\View\View->render('applicants/application_form', [], true)
 5 APPPATH/Controllers/Applicant.php(1077): view('applicants/application_form', [...])
 6 SYSTEMPATH/CodeIgniter.php(933): App\Controllers\Applicant->application_form()
 7 SYSTEMPATH/CodeIgniter.php(509): CodeIgniter\CodeIgniter->runController(Object(App\Controllers\Applicant))
 8 SYSTEMPATH/CodeIgniter.php(355): CodeIgniter\CodeIgniter->handleRequest(null, Object(Config\Cache), false)
 9 SYSTEMPATH/Boot.php(325): CodeIgniter\CodeIgniter->run()
10 SYSTEMPATH/Boot.php(67): CodeIgniter\Boot::runCodeIgniter(Object(CodeIgniter\CodeIgniter))
11 FCPATH/index.php(56): CodeIgniter\Boot::bootWeb(Object(Config\Paths))
CRITICAL - 2024-08-18 00:50:37 --> ErrorException: Undefined array key 0
[Method: GET, Route: applicant/application_form]
in APPPATH/Views/applicants/application_form.php on line 266.
 1 APPPATH/Views/applicants/application_form.php(266): CodeIgniter\Debug\Exceptions->errorHandler(2, 'Undefined array key 0', '/home/prtald/public_html/admissions/app/Views/applicants/application_form.php', 266)
 2 SYSTEMPATH/View/View.php(234): include('/home/prtald/public_html/admissions/app/Views/applicants/application_form.php')
 3 SYSTEMPATH/View/View.php(237): CodeIgniter\View\View->CodeIgniter\View\{closure}()
 4 SYSTEMPATH/Common.php(1171): CodeIgniter\View\View->render('applicants/application_form', [], true)
 5 APPPATH/Controllers/Applicant.php(1077): view('applicants/application_form', [...])
 6 SYSTEMPATH/CodeIgniter.php(933): App\Controllers\Applicant->application_form()
 7 SYSTEMPATH/CodeIgniter.php(509): CodeIgniter\CodeIgniter->runController(Object(App\Controllers\Applicant))
 8 SYSTEMPATH/CodeIgniter.php(355): CodeIgniter\CodeIgniter->handleRequest(null, Object(Config\Cache), false)
 9 SYSTEMPATH/Boot.php(325): CodeIgniter\CodeIgniter->run()
10 SYSTEMPATH/Boot.php(67): CodeIgniter\Boot::runCodeIgniter(Object(CodeIgniter\CodeIgniter))
11 FCPATH/index.php(56): CodeIgniter\Boot::bootWeb(Object(Config\Paths))
CRITICAL - 2024-08-18 01:17:01 --> ErrorException: Undefined array key 0
[Method: GET, Route: applicant/application_form]
in APPPATH/Views/applicants/application_form.php on line 266.
 1 APPPATH/Views/applicants/application_form.php(266): CodeIgniter\Debug\Exceptions->errorHandler(2, 'Undefined array key 0', '/home/prtald/public_html/admissions/app/Views/applicants/application_form.php', 266)
 2 SYSTEMPATH/View/View.php(234): include('/home/prtald/public_html/admissions/app/Views/applicants/application_form.php')
 3 SYSTEMPATH/View/View.php(237): CodeIgniter\View\View->CodeIgniter\View\{closure}()
 4 SYSTEMPATH/Common.php(1171): CodeIgniter\View\View->render('applicants/application_form', [], true)
 5 APPPATH/Controllers/Applicant.php(1077): view('applicants/application_form', [...])
 6 SYSTEMPATH/CodeIgniter.php(933): App\Controllers\Applicant->application_form()
 7 SYSTEMPATH/CodeIgniter.php(509): CodeIgniter\CodeIgniter->runController(Object(App\Controllers\Applicant))
 8 SYSTEMPATH/CodeIgniter.php(355): CodeIgniter\CodeIgniter->handleRequest(null, Object(Config\Cache), false)
 9 SYSTEMPATH/Boot.php(325): CodeIgniter\CodeIgniter->run()
10 SYSTEMPATH/Boot.php(67): CodeIgniter\Boot::runCodeIgniter(Object(CodeIgniter\CodeIgniter))
11 FCPATH/index.php(56): CodeIgniter\Boot::bootWeb(Object(Config\Paths))
CRITICAL - 2024-08-18 01:17:18 --> ErrorException: Undefined array key 0
[Method: GET, Route: applicant/application_form]
in APPPATH/Views/applicants/application_form.php on line 266.
 1 APPPATH/Views/applicants/application_form.php(266): CodeIgniter\Debug\Exceptions->errorHandler(2, 'Undefined array key 0', '/home/prtald/public_html/admissions/app/Views/applicants/application_form.php', 266)
 2 SYSTEMPATH/View/View.php(234): include('/home/prtald/public_html/admissions/app/Views/applicants/application_form.php')
 3 SYSTEMPATH/View/View.php(237): CodeIgniter\View\View->CodeIgniter\View\{closure}()
 4 SYSTEMPATH/Common.php(1171): CodeIgniter\View\View->render('applicants/application_form', [], true)
 5 APPPATH/Controllers/Applicant.php(1077): view('applicants/application_form', [...])
 6 SYSTEMPATH/CodeIgniter.php(933): App\Controllers\Applicant->application_form()
 7 SYSTEMPATH/CodeIgniter.php(509): CodeIgniter\CodeIgniter->runController(Object(App\Controllers\Applicant))
 8 SYSTEMPATH/CodeIgniter.php(355): CodeIgniter\CodeIgniter->handleRequest(null, Object(Config\Cache), false)
 9 SYSTEMPATH/Boot.php(325): CodeIgniter\CodeIgniter->run()
10 SYSTEMPATH/Boot.php(67): CodeIgniter\Boot::runCodeIgniter(Object(CodeIgniter\CodeIgniter))
11 FCPATH/index.php(56): CodeIgniter\Boot::bootWeb(Object(Config\Paths))
CRITICAL - 2024-08-18 01:18:12 --> ErrorException: Undefined array key 0
[Method: GET, Route: applicant/application_form]
in APPPATH/Views/applicants/application_form.php on line 266.
 1 APPPATH/Views/applicants/application_form.php(266): CodeIgniter\Debug\Exceptions->errorHandler(2, 'Undefined array key 0', '/home/prtald/public_html/admissions/app/Views/applicants/application_form.php', 266)
 2 SYSTEMPATH/View/View.php(234): include('/home/prtald/public_html/admissions/app/Views/applicants/application_form.php')
 3 SYSTEMPATH/View/View.php(237): CodeIgniter\View\View->CodeIgniter\View\{closure}()
 4 SYSTEMPATH/Common.php(1171): CodeIgniter\View\View->render('applicants/application_form', [], true)
 5 APPPATH/Controllers/Applicant.php(1077): view('applicants/application_form', [...])
 6 SYSTEMPATH/CodeIgniter.php(933): App\Controllers\Applicant->application_form()
 7 SYSTEMPATH/CodeIgniter.php(509): CodeIgniter\CodeIgniter->runController(Object(App\Controllers\Applicant))
 8 SYSTEMPATH/CodeIgniter.php(355): CodeIgniter\CodeIgniter->handleRequest(null, Object(Config\Cache), false)
 9 SYSTEMPATH/Boot.php(325): CodeIgniter\CodeIgniter->run()
10 SYSTEMPATH/Boot.php(67): CodeIgniter\Boot::runCodeIgniter(Object(CodeIgniter\CodeIgniter))
11 FCPATH/index.php(56): CodeIgniter\Boot::bootWeb(Object(Config\Paths))
CRITICAL - 2024-08-18 01:19:37 --> ErrorException: Undefined array key 0
[Method: GET, Route: applicant/olevel]
in APPPATH/Controllers/Applicant.php on line 749.
 1 APPPATH/Controllers/Applicant.php(749): CodeIgniter\Debug\Exceptions->errorHandler(2, 'Undefined array key 0', '/home/prtald/public_html/admissions/app/Controllers/Applicant.php', 749)
 2 SYSTEMPATH/CodeIgniter.php(933): App\Controllers\Applicant->olevel()
 3 SYSTEMPATH/CodeIgniter.php(509): CodeIgniter\CodeIgniter->runController(Object(App\Controllers\Applicant))
 4 SYSTEMPATH/CodeIgniter.php(355): CodeIgniter\CodeIgniter->handleRequest(null, Object(Config\Cache), false)
 5 SYSTEMPATH/Boot.php(325): CodeIgniter\CodeIgniter->run()
 6 SYSTEMPATH/Boot.php(67): CodeIgniter\Boot::runCodeIgniter(Object(CodeIgniter\CodeIgniter))
 7 FCPATH/index.php(56): CodeIgniter\Boot::bootWeb(Object(Config\Paths))
CRITICAL - 2024-08-18 01:38:13 --> ErrorException: Undefined array key 0
[Method: GET, Route: applicant/application_form]
in APPPATH/Views/applicants/application_form.php on line 266.
 1 APPPATH/Views/applicants/application_form.php(266): CodeIgniter\Debug\Exceptions->errorHandler(2, 'Undefined array key 0', '/home/prtald/public_html/admissions/app/Views/applicants/application_form.php', 266)
 2 SYSTEMPATH/View/View.php(234): include('/home/prtald/public_html/admissions/app/Views/applicants/application_form.php')
 3 SYSTEMPATH/View/View.php(237): CodeIgniter\View\View->CodeIgniter\View\{closure}()
 4 SYSTEMPATH/Common.php(1171): CodeIgniter\View\View->render('applicants/application_form', [], true)
 5 APPPATH/Controllers/Applicant.php(1077): view('applicants/application_form', [...])
 6 SYSTEMPATH/CodeIgniter.php(933): App\Controllers\Applicant->application_form()
 7 SYSTEMPATH/CodeIgniter.php(509): CodeIgniter\CodeIgniter->runController(Object(App\Controllers\Applicant))
 8 SYSTEMPATH/CodeIgniter.php(355): CodeIgniter\CodeIgniter->handleRequest(null, Object(Config\Cache), false)
 9 SYSTEMPATH/Boot.php(325): CodeIgniter\CodeIgniter->run()
10 SYSTEMPATH/Boot.php(67): CodeIgniter\Boot::runCodeIgniter(Object(CodeIgniter\CodeIgniter))
11 FCPATH/index.php(56): CodeIgniter\Boot::bootWeb(Object(Config\Paths))
CRITICAL - 2024-08-18 01:51:57 --> ErrorException: Undefined array key 0
[Method: GET, Route: applicant/application_form]
in APPPATH/Views/applicants/application_form.php on line 266.
 1 APPPATH/Views/applicants/application_form.php(266): CodeIgniter\Debug\Exceptions->errorHandler(2, 'Undefined array key 0', '/home/prtald/public_html/admissions/app/Views/applicants/application_form.php', 266)
 2 SYSTEMPATH/View/View.php(234): include('/home/prtald/public_html/admissions/app/Views/applicants/application_form.php')
 3 SYSTEMPATH/View/View.php(237): CodeIgniter\View\View->CodeIgniter\View\{closure}()
 4 SYSTEMPATH/Common.php(1171): CodeIgniter\View\View->render('applicants/application_form', [], true)
 5 APPPATH/Controllers/Applicant.php(1077): view('applicants/application_form', [...])
 6 SYSTEMPATH/CodeIgniter.php(933): App\Controllers\Applicant->application_form()
 7 SYSTEMPATH/CodeIgniter.php(509): CodeIgniter\CodeIgniter->runController(Object(App\Controllers\Applicant))
 8 SYSTEMPATH/CodeIgniter.php(355): CodeIgniter\CodeIgniter->handleRequest(null, Object(Config\Cache), false)
 9 SYSTEMPATH/Boot.php(325): CodeIgniter\CodeIgniter->run()
10 SYSTEMPATH/Boot.php(67): CodeIgniter\Boot::runCodeIgniter(Object(CodeIgniter\CodeIgniter))
11 FCPATH/index.php(56): CodeIgniter\Boot::bootWeb(Object(Config\Paths))
CRITICAL - 2024-08-18 08:48:50 --> ErrorException: Undefined array key 0
[Method: GET, Route: applicant/application_form]
in APPPATH/Views/applicants/application_form.php on line 266.
 1 APPPATH/Views/applicants/application_form.php(266): CodeIgniter\Debug\Exceptions->errorHandler(2, 'Undefined array key 0', '/home/prtald/public_html/admissions/app/Views/applicants/application_form.php', 266)
 2 SYSTEMPATH/View/View.php(234): include('/home/prtald/public_html/admissions/app/Views/applicants/application_form.php')
 3 SYSTEMPATH/View/View.php(237): CodeIgniter\View\View->CodeIgniter\View\{closure}()
 4 SYSTEMPATH/Common.php(1171): CodeIgniter\View\View->render('applicants/application_form', [], true)
 5 APPPATH/Controllers/Applicant.php(1077): view('applicants/application_form', [...])
 6 SYSTEMPATH/CodeIgniter.php(933): App\Controllers\Applicant->application_form()
 7 SYSTEMPATH/CodeIgniter.php(509): CodeIgniter\CodeIgniter->runController(Object(App\Controllers\Applicant))
 8 SYSTEMPATH/CodeIgniter.php(355): CodeIgniter\CodeIgniter->handleRequest(null, Object(Config\Cache), false)
 9 SYSTEMPATH/Boot.php(325): CodeIgniter\CodeIgniter->run()
10 SYSTEMPATH/Boot.php(67): CodeIgniter\Boot::runCodeIgniter(Object(CodeIgniter\CodeIgniter))
11 FCPATH/index.php(56): CodeIgniter\Boot::bootWeb(Object(Config\Paths))
CRITICAL - 2024-08-18 08:49:09 --> ErrorException: Undefined array key 0
[Method: GET, Route: applicant/application_form]
in APPPATH/Views/applicants/application_form.php on line 266.
 1 APPPATH/Views/applicants/application_form.php(266): CodeIgniter\Debug\Exceptions->errorHandler(2, 'Undefined array key 0', '/home/prtald/public_html/admissions/app/Views/applicants/application_form.php', 266)
 2 SYSTEMPATH/View/View.php(234): include('/home/prtald/public_html/admissions/app/Views/applicants/application_form.php')
 3 SYSTEMPATH/View/View.php(237): CodeIgniter\View\View->CodeIgniter\View\{closure}()
 4 SYSTEMPATH/Common.php(1171): CodeIgniter\View\View->render('applicants/application_form', [], true)
 5 APPPATH/Controllers/Applicant.php(1077): view('applicants/application_form', [...])
 6 SYSTEMPATH/CodeIgniter.php(933): App\Controllers\Applicant->application_form()
 7 SYSTEMPATH/CodeIgniter.php(509): CodeIgniter\CodeIgniter->runController(Object(App\Controllers\Applicant))
 8 SYSTEMPATH/CodeIgniter.php(355): CodeIgniter\CodeIgniter->handleRequest(null, Object(Config\Cache), false)
 9 SYSTEMPATH/Boot.php(325): CodeIgniter\CodeIgniter->run()
10 SYSTEMPATH/Boot.php(67): CodeIgniter\Boot::runCodeIgniter(Object(CodeIgniter\CodeIgniter))
11 FCPATH/index.php(56): CodeIgniter\Boot::bootWeb(Object(Config\Paths))
CRITICAL - 2024-08-18 08:50:15 --> ErrorException: Undefined array key 0
[Method: GET, Route: applicant/application_form]
in APPPATH/Views/applicants/application_form.php on line 266.
 1 APPPATH/Views/applicants/application_form.php(266): CodeIgniter\Debug\Exceptions->errorHandler(2, 'Undefined array key 0', '/home/prtald/public_html/admissions/app/Views/applicants/application_form.php', 266)
 2 SYSTEMPATH/View/View.php(234): include('/home/prtald/public_html/admissions/app/Views/applicants/application_form.php')
 3 SYSTEMPATH/View/View.php(237): CodeIgniter\View\View->CodeIgniter\View\{closure}()
 4 SYSTEMPATH/Common.php(1171): CodeIgniter\View\View->render('applicants/application_form', [], true)
 5 APPPATH/Controllers/Applicant.php(1077): view('applicants/application_form', [...])
 6 SYSTEMPATH/CodeIgniter.php(933): App\Controllers\Applicant->application_form()
 7 SYSTEMPATH/CodeIgniter.php(509): CodeIgniter\CodeIgniter->runController(Object(App\Controllers\Applicant))
 8 SYSTEMPATH/CodeIgniter.php(355): CodeIgniter\CodeIgniter->handleRequest(null, Object(Config\Cache), false)
 9 SYSTEMPATH/Boot.php(325): CodeIgniter\CodeIgniter->run()
10 SYSTEMPATH/Boot.php(67): CodeIgniter\Boot::runCodeIgniter(Object(CodeIgniter\CodeIgniter))
11 FCPATH/index.php(56): CodeIgniter\Boot::bootWeb(Object(Config\Paths))
CRITICAL - 2024-08-18 10:48:21 --> ErrorException: Undefined array key 0
[Method: GET, Route: applicant/application_form]
in APPPATH/Views/applicants/application_form.php on line 266.
 1 APPPATH/Views/applicants/application_form.php(266): CodeIgniter\Debug\Exceptions->errorHandler(2, 'Undefined array key 0', '/home/prtald/public_html/admissions/app/Views/applicants/application_form.php', 266)
 2 SYSTEMPATH/View/View.php(234): include('/home/prtald/public_html/admissions/app/Views/applicants/application_form.php')
 3 SYSTEMPATH/View/View.php(237): CodeIgniter\View\View->CodeIgniter\View\{closure}()
 4 SYSTEMPATH/Common.php(1171): CodeIgniter\View\View->render('applicants/application_form', [], true)
 5 APPPATH/Controllers/Applicant.php(1077): view('applicants/application_form', [...])
 6 SYSTEMPATH/CodeIgniter.php(933): App\Controllers\Applicant->application_form()
 7 SYSTEMPATH/CodeIgniter.php(509): CodeIgniter\CodeIgniter->runController(Object(App\Controllers\Applicant))
 8 SYSTEMPATH/CodeIgniter.php(355): CodeIgniter\CodeIgniter->handleRequest(null, Object(Config\Cache), false)
 9 SYSTEMPATH/Boot.php(325): CodeIgniter\CodeIgniter->run()
10 SYSTEMPATH/Boot.php(67): CodeIgniter\Boot::runCodeIgniter(Object(CodeIgniter\CodeIgniter))
11 FCPATH/index.php(56): CodeIgniter\Boot::bootWeb(Object(Config\Paths))
CRITICAL - 2024-08-18 10:48:37 --> ErrorException: Undefined array key 0
[Method: GET, Route: applicant/application_form]
in APPPATH/Views/applicants/application_form.php on line 266.
 1 APPPATH/Views/applicants/application_form.php(266): CodeIgniter\Debug\Exceptions->errorHandler(2, 'Undefined array key 0', '/home/prtald/public_html/admissions/app/Views/applicants/application_form.php', 266)
 2 SYSTEMPATH/View/View.php(234): include('/home/prtald/public_html/admissions/app/Views/applicants/application_form.php')
 3 SYSTEMPATH/View/View.php(237): CodeIgniter\View\View->CodeIgniter\View\{closure}()
 4 SYSTEMPATH/Common.php(1171): CodeIgniter\View\View->render('applicants/application_form', [], true)
 5 APPPATH/Controllers/Applicant.php(1077): view('applicants/application_form', [...])
 6 SYSTEMPATH/CodeIgniter.php(933): App\Controllers\Applicant->application_form()
 7 SYSTEMPATH/CodeIgniter.php(509): CodeIgniter\CodeIgniter->runController(Object(App\Controllers\Applicant))
 8 SYSTEMPATH/CodeIgniter.php(355): CodeIgniter\CodeIgniter->handleRequest(null, Object(Config\Cache), false)
 9 SYSTEMPATH/Boot.php(325): CodeIgniter\CodeIgniter->run()
10 SYSTEMPATH/Boot.php(67): CodeIgniter\Boot::runCodeIgniter(Object(CodeIgniter\CodeIgniter))
11 FCPATH/index.php(56): CodeIgniter\Boot::bootWeb(Object(Config\Paths))
CRITICAL - 2024-08-18 10:50:04 --> ErrorException: Undefined array key 0
[Method: GET, Route: applicant/application_form]
in APPPATH/Views/applicants/application_form.php on line 266.
 1 APPPATH/Views/applicants/application_form.php(266): CodeIgniter\Debug\Exceptions->errorHandler(2, 'Undefined array key 0', '/home/prtald/public_html/admissions/app/Views/applicants/application_form.php', 266)
 2 SYSTEMPATH/View/View.php(234): include('/home/prtald/public_html/admissions/app/Views/applicants/application_form.php')
 3 SYSTEMPATH/View/View.php(237): CodeIgniter\View\View->CodeIgniter\View\{closure}()
 4 SYSTEMPATH/Common.php(1171): CodeIgniter\View\View->render('applicants/application_form', [], true)
 5 APPPATH/Controllers/Applicant.php(1077): view('applicants/application_form', [...])
 6 SYSTEMPATH/CodeIgniter.php(933): App\Controllers\Applicant->application_form()
 7 SYSTEMPATH/CodeIgniter.php(509): CodeIgniter\CodeIgniter->runController(Object(App\Controllers\Applicant))
 8 SYSTEMPATH/CodeIgniter.php(355): CodeIgniter\CodeIgniter->handleRequest(null, Object(Config\Cache), false)
 9 SYSTEMPATH/Boot.php(325): CodeIgniter\CodeIgniter->run()
10 SYSTEMPATH/Boot.php(67): CodeIgniter\Boot::runCodeIgniter(Object(CodeIgniter\CodeIgniter))
11 FCPATH/index.php(56): CodeIgniter\Boot::bootWeb(Object(Config\Paths))
CRITICAL - 2024-08-18 10:50:21 --> ErrorException: Undefined array key 0
[Method: GET, Route: applicant/application_form]
in APPPATH/Views/applicants/application_form.php on line 266.
 1 APPPATH/Views/applicants/application_form.php(266): CodeIgniter\Debug\Exceptions->errorHandler(2, 'Undefined array key 0', '/home/prtald/public_html/admissions/app/Views/applicants/application_form.php', 266)
 2 SYSTEMPATH/View/View.php(234): include('/home/prtald/public_html/admissions/app/Views/applicants/application_form.php')
 3 SYSTEMPATH/View/View.php(237): CodeIgniter\View\View->CodeIgniter\View\{closure}()
 4 SYSTEMPATH/Common.php(1171): CodeIgniter\View\View->render('applicants/application_form', [], true)
 5 APPPATH/Controllers/Applicant.php(1077): view('applicants/application_form', [...])
 6 SYSTEMPATH/CodeIgniter.php(933): App\Controllers\Applicant->application_form()
 7 SYSTEMPATH/CodeIgniter.php(509): CodeIgniter\CodeIgniter->runController(Object(App\Controllers\Applicant))
 8 SYSTEMPATH/CodeIgniter.php(355): CodeIgniter\CodeIgniter->handleRequest(null, Object(Config\Cache), false)
 9 SYSTEMPATH/Boot.php(325): CodeIgniter\CodeIgniter->run()
10 SYSTEMPATH/Boot.php(67): CodeIgniter\Boot::runCodeIgniter(Object(CodeIgniter\CodeIgniter))
11 FCPATH/index.php(56): CodeIgniter\Boot::bootWeb(Object(Config\Paths))
CRITICAL - 2024-08-18 10:52:19 --> ErrorException: Undefined array key 0
[Method: GET, Route: applicant/application_form]
in APPPATH/Views/applicants/application_form.php on line 266.
 1 APPPATH/Views/applicants/application_form.php(266): CodeIgniter\Debug\Exceptions->errorHandler(2, 'Undefined array key 0', '/home/prtald/public_html/admissions/app/Views/applicants/application_form.php', 266)
 2 SYSTEMPATH/View/View.php(234): include('/home/prtald/public_html/admissions/app/Views/applicants/application_form.php')
 3 SYSTEMPATH/View/View.php(237): CodeIgniter\View\View->CodeIgniter\View\{closure}()
 4 SYSTEMPATH/Common.php(1171): CodeIgniter\View\View->render('applicants/application_form', [], true)
 5 APPPATH/Controllers/Applicant.php(1077): view('applicants/application_form', [...])
 6 SYSTEMPATH/CodeIgniter.php(933): App\Controllers\Applicant->application_form()
 7 SYSTEMPATH/CodeIgniter.php(509): CodeIgniter\CodeIgniter->runController(Object(App\Controllers\Applicant))
 8 SYSTEMPATH/CodeIgniter.php(355): CodeIgniter\CodeIgniter->handleRequest(null, Object(Config\Cache), false)
 9 SYSTEMPATH/Boot.php(325): CodeIgniter\CodeIgniter->run()
10 SYSTEMPATH/Boot.php(67): CodeIgniter\Boot::runCodeIgniter(Object(CodeIgniter\CodeIgniter))
11 FCPATH/index.php(56): CodeIgniter\Boot::bootWeb(Object(Config\Paths))
CRITICAL - 2024-08-18 10:52:22 --> ErrorException: Undefined array key 0
[Method: GET, Route: applicant/application_form]
in APPPATH/Views/applicants/application_form.php on line 266.
 1 APPPATH/Views/applicants/application_form.php(266): CodeIgniter\Debug\Exceptions->errorHandler(2, 'Undefined array key 0', '/home/prtald/public_html/admissions/app/Views/applicants/application_form.php', 266)
 2 SYSTEMPATH/View/View.php(234): include('/home/prtald/public_html/admissions/app/Views/applicants/application_form.php')
 3 SYSTEMPATH/View/View.php(237): CodeIgniter\View\View->CodeIgniter\View\{closure}()
 4 SYSTEMPATH/Common.php(1171): CodeIgniter\View\View->render('applicants/application_form', [], true)
 5 APPPATH/Controllers/Applicant.php(1077): view('applicants/application_form', [...])
 6 SYSTEMPATH/CodeIgniter.php(933): App\Controllers\Applicant->application_form()
 7 SYSTEMPATH/CodeIgniter.php(509): CodeIgniter\CodeIgniter->runController(Object(App\Controllers\Applicant))
 8 SYSTEMPATH/CodeIgniter.php(355): CodeIgniter\CodeIgniter->handleRequest(null, Object(Config\Cache), false)
 9 SYSTEMPATH/Boot.php(325): CodeIgniter\CodeIgniter->run()
10 SYSTEMPATH/Boot.php(67): CodeIgniter\Boot::runCodeIgniter(Object(CodeIgniter\CodeIgniter))
11 FCPATH/index.php(56): CodeIgniter\Boot::bootWeb(Object(Config\Paths))
CRITICAL - 2024-08-18 10:54:33 --> ErrorException: Undefined array key 0
[Method: GET, Route: applicant/application_form]
in APPPATH/Views/applicants/application_form.php on line 266.
 1 APPPATH/Views/applicants/application_form.php(266): CodeIgniter\Debug\Exceptions->errorHandler(2, 'Undefined array key 0', '/home/prtald/public_html/admissions/app/Views/applicants/application_form.php', 266)
 2 SYSTEMPATH/View/View.php(234): include('/home/prtald/public_html/admissions/app/Views/applicants/application_form.php')
 3 SYSTEMPATH/View/View.php(237): CodeIgniter\View\View->CodeIgniter\View\{closure}()
 4 SYSTEMPATH/Common.php(1171): CodeIgniter\View\View->render('applicants/application_form', [], true)
 5 APPPATH/Controllers/Applicant.php(1077): view('applicants/application_form', [...])
 6 SYSTEMPATH/CodeIgniter.php(933): App\Controllers\Applicant->application_form()
 7 SYSTEMPATH/CodeIgniter.php(509): CodeIgniter\CodeIgniter->runController(Object(App\Controllers\Applicant))
 8 SYSTEMPATH/CodeIgniter.php(355): CodeIgniter\CodeIgniter->handleRequest(null, Object(Config\Cache), false)
 9 SYSTEMPATH/Boot.php(325): CodeIgniter\CodeIgniter->run()
10 SYSTEMPATH/Boot.php(67): CodeIgniter\Boot::runCodeIgniter(Object(CodeIgniter\CodeIgniter))
11 FCPATH/index.php(56): CodeIgniter\Boot::bootWeb(Object(Config\Paths))
CRITICAL - 2024-08-18 11:09:07 --> ErrorException: Undefined array key 0
[Method: GET, Route: applicant/application_form]
in APPPATH/Views/applicants/application_form.php on line 266.
 1 APPPATH/Views/applicants/application_form.php(266): CodeIgniter\Debug\Exceptions->errorHandler(2, 'Undefined array key 0', '/home/prtald/public_html/admissions/app/Views/applicants/application_form.php', 266)
 2 SYSTEMPATH/View/View.php(234): include('/home/prtald/public_html/admissions/app/Views/applicants/application_form.php')
 3 SYSTEMPATH/View/View.php(237): CodeIgniter\View\View->CodeIgniter\View\{closure}()
 4 SYSTEMPATH/Common.php(1171): CodeIgniter\View\View->render('applicants/application_form', [], true)
 5 APPPATH/Controllers/Applicant.php(1077): view('applicants/application_form', [...])
 6 SYSTEMPATH/CodeIgniter.php(933): App\Controllers\Applicant->application_form()
 7 SYSTEMPATH/CodeIgniter.php(509): CodeIgniter\CodeIgniter->runController(Object(App\Controllers\Applicant))
 8 SYSTEMPATH/CodeIgniter.php(355): CodeIgniter\CodeIgniter->handleRequest(null, Object(Config\Cache), false)
 9 SYSTEMPATH/Boot.php(325): CodeIgniter\CodeIgniter->run()
10 SYSTEMPATH/Boot.php(67): CodeIgniter\Boot::runCodeIgniter(Object(CodeIgniter\CodeIgniter))
11 FCPATH/index.php(56): CodeIgniter\Boot::bootWeb(Object(Config\Paths))
CRITICAL - 2024-08-18 11:47:55 --> ErrorException: Undefined array key 0
[Method: GET, Route: applicant/application_form]
in APPPATH/Views/applicants/application_form.php on line 266.
 1 APPPATH/Views/applicants/application_form.php(266): CodeIgniter\Debug\Exceptions->errorHandler(2, 'Undefined array key 0', '/home/prtald/public_html/admissions/app/Views/applicants/application_form.php', 266)
 2 SYSTEMPATH/View/View.php(234): include('/home/prtald/public_html/admissions/app/Views/applicants/application_form.php')
 3 SYSTEMPATH/View/View.php(237): CodeIgniter\View\View->CodeIgniter\View\{closure}()
 4 SYSTEMPATH/Common.php(1171): CodeIgniter\View\View->render('applicants/application_form', [], true)
 5 APPPATH/Controllers/Applicant.php(1077): view('applicants/application_form', [...])
 6 SYSTEMPATH/CodeIgniter.php(933): App\Controllers\Applicant->application_form()
 7 SYSTEMPATH/CodeIgniter.php(509): CodeIgniter\CodeIgniter->runController(Object(App\Controllers\Applicant))
 8 SYSTEMPATH/CodeIgniter.php(355): CodeIgniter\CodeIgniter->handleRequest(null, Object(Config\Cache), false)
 9 SYSTEMPATH/Boot.php(325): CodeIgniter\CodeIgniter->run()
10 SYSTEMPATH/Boot.php(67): CodeIgniter\Boot::runCodeIgniter(Object(CodeIgniter\CodeIgniter))
11 FCPATH/index.php(56): CodeIgniter\Boot::bootWeb(Object(Config\Paths))
CRITICAL - 2024-08-18 11:48:05 --> ErrorException: Undefined array key 0
[Method: GET, Route: applicant/application_form]
in APPPATH/Views/applicants/application_form.php on line 266.
 1 APPPATH/Views/applicants/application_form.php(266): CodeIgniter\Debug\Exceptions->errorHandler(2, 'Undefined array key 0', '/home/prtald/public_html/admissions/app/Views/applicants/application_form.php', 266)
 2 SYSTEMPATH/View/View.php(234): include('/home/prtald/public_html/admissions/app/Views/applicants/application_form.php')
 3 SYSTEMPATH/View/View.php(237): CodeIgniter\View\View->CodeIgniter\View\{closure}()
 4 SYSTEMPATH/Common.php(1171): CodeIgniter\View\View->render('applicants/application_form', [], true)
 5 APPPATH/Controllers/Applicant.php(1077): view('applicants/application_form', [...])
 6 SYSTEMPATH/CodeIgniter.php(933): App\Controllers\Applicant->application_form()
 7 SYSTEMPATH/CodeIgniter.php(509): CodeIgniter\CodeIgniter->runController(Object(App\Controllers\Applicant))
 8 SYSTEMPATH/CodeIgniter.php(355): CodeIgniter\CodeIgniter->handleRequest(null, Object(Config\Cache), false)
 9 SYSTEMPATH/Boot.php(325): CodeIgniter\CodeIgniter->run()
10 SYSTEMPATH/Boot.php(67): CodeIgniter\Boot::runCodeIgniter(Object(CodeIgniter\CodeIgniter))
11 FCPATH/index.php(56): CodeIgniter\Boot::bootWeb(Object(Config\Paths))
CRITICAL - 2024-08-18 11:48:33 --> ErrorException: Undefined array key 0
[Method: GET, Route: applicant/application_form]
in APPPATH/Views/applicants/application_form.php on line 266.
 1 APPPATH/Views/applicants/application_form.php(266): CodeIgniter\Debug\Exceptions->errorHandler(2, 'Undefined array key 0', '/home/prtald/public_html/admissions/app/Views/applicants/application_form.php', 266)
 2 SYSTEMPATH/View/View.php(234): include('/home/prtald/public_html/admissions/app/Views/applicants/application_form.php')
 3 SYSTEMPATH/View/View.php(237): CodeIgniter\View\View->CodeIgniter\View\{closure}()
 4 SYSTEMPATH/Common.php(1171): CodeIgniter\View\View->render('applicants/application_form', [], true)
 5 APPPATH/Controllers/Applicant.php(1077): view('applicants/application_form', [...])
 6 SYSTEMPATH/CodeIgniter.php(933): App\Controllers\Applicant->application_form()
 7 SYSTEMPATH/CodeIgniter.php(509): CodeIgniter\CodeIgniter->runController(Object(App\Controllers\Applicant))
 8 SYSTEMPATH/CodeIgniter.php(355): CodeIgniter\CodeIgniter->handleRequest(null, Object(Config\Cache), false)
 9 SYSTEMPATH/Boot.php(325): CodeIgniter\CodeIgniter->run()
10 SYSTEMPATH/Boot.php(67): CodeIgniter\Boot::runCodeIgniter(Object(CodeIgniter\CodeIgniter))
11 FCPATH/index.php(56): CodeIgniter\Boot::bootWeb(Object(Config\Paths))
CRITICAL - 2024-08-18 11:48:46 --> ErrorException: Undefined array key 0
[Method: GET, Route: applicant/application_form]
in APPPATH/Views/applicants/application_form.php on line 266.
 1 APPPATH/Views/applicants/application_form.php(266): CodeIgniter\Debug\Exceptions->errorHandler(2, 'Undefined array key 0', '/home/prtald/public_html/admissions/app/Views/applicants/application_form.php', 266)
 2 SYSTEMPATH/View/View.php(234): include('/home/prtald/public_html/admissions/app/Views/applicants/application_form.php')
 3 SYSTEMPATH/View/View.php(237): CodeIgniter\View\View->CodeIgniter\View\{closure}()
 4 SYSTEMPATH/Common.php(1171): CodeIgniter\View\View->render('applicants/application_form', [], true)
 5 APPPATH/Controllers/Applicant.php(1077): view('applicants/application_form', [...])
 6 SYSTEMPATH/CodeIgniter.php(933): App\Controllers\Applicant->application_form()
 7 SYSTEMPATH/CodeIgniter.php(509): CodeIgniter\CodeIgniter->runController(Object(App\Controllers\Applicant))
 8 SYSTEMPATH/CodeIgniter.php(355): CodeIgniter\CodeIgniter->handleRequest(null, Object(Config\Cache), false)
 9 SYSTEMPATH/Boot.php(325): CodeIgniter\CodeIgniter->run()
10 SYSTEMPATH/Boot.php(67): CodeIgniter\Boot::runCodeIgniter(Object(CodeIgniter\CodeIgniter))
11 FCPATH/index.php(56): CodeIgniter\Boot::bootWeb(Object(Config\Paths))
CRITICAL - 2024-08-18 14:18:19 --> ErrorException: Undefined array key 0
[Method: GET, Route: applicant/olevel]
in APPPATH/Controllers/Applicant.php on line 749.
 1 APPPATH/Controllers/Applicant.php(749): CodeIgniter\Debug\Exceptions->errorHandler(2, 'Undefined array key 0', '/home/prtald/public_html/admissions/app/Controllers/Applicant.php', 749)
 2 SYSTEMPATH/CodeIgniter.php(933): App\Controllers\Applicant->olevel()
 3 SYSTEMPATH/CodeIgniter.php(509): CodeIgniter\CodeIgniter->runController(Object(App\Controllers\Applicant))
 4 SYSTEMPATH/CodeIgniter.php(355): CodeIgniter\CodeIgniter->handleRequest(null, Object(Config\Cache), false)
 5 SYSTEMPATH/Boot.php(325): CodeIgniter\CodeIgniter->run()
 6 SYSTEMPATH/Boot.php(67): CodeIgniter\Boot::runCodeIgniter(Object(CodeIgniter\CodeIgniter))
 7 FCPATH/index.php(56): CodeIgniter\Boot::bootWeb(Object(Config\Paths))
CRITICAL - 2024-08-18 14:57:19 --> ErrorException: Undefined array key 0
[Method: GET, Route: applicant/application_form]
in APPPATH/Views/applicants/application_form.php on line 266.
 1 APPPATH/Views/applicants/application_form.php(266): CodeIgniter\Debug\Exceptions->errorHandler(2, 'Undefined array key 0', '/home/prtald/public_html/admissions/app/Views/applicants/application_form.php', 266)
 2 SYSTEMPATH/View/View.php(234): include('/home/prtald/public_html/admissions/app/Views/applicants/application_form.php')
 3 SYSTEMPATH/View/View.php(237): CodeIgniter\View\View->CodeIgniter\View\{closure}()
 4 SYSTEMPATH/Common.php(1171): CodeIgniter\View\View->render('applicants/application_form', [], true)
 5 APPPATH/Controllers/Applicant.php(1077): view('applicants/application_form', [...])
 6 SYSTEMPATH/CodeIgniter.php(933): App\Controllers\Applicant->application_form()
 7 SYSTEMPATH/CodeIgniter.php(509): CodeIgniter\CodeIgniter->runController(Object(App\Controllers\Applicant))
 8 SYSTEMPATH/CodeIgniter.php(355): CodeIgniter\CodeIgniter->handleRequest(null, Object(Config\Cache), false)
 9 SYSTEMPATH/Boot.php(325): CodeIgniter\CodeIgniter->run()
10 SYSTEMPATH/Boot.php(67): CodeIgniter\Boot::runCodeIgniter(Object(CodeIgniter\CodeIgniter))
11 FCPATH/index.php(56): CodeIgniter\Boot::bootWeb(Object(Config\Paths))
CRITICAL - 2024-08-18 14:57:24 --> ErrorException: Undefined array key 0
[Method: GET, Route: applicant/application_form]
in APPPATH/Views/applicants/application_form.php on line 266.
 1 APPPATH/Views/applicants/application_form.php(266): CodeIgniter\Debug\Exceptions->errorHandler(2, 'Undefined array key 0', '/home/prtald/public_html/admissions/app/Views/applicants/application_form.php', 266)
 2 SYSTEMPATH/View/View.php(234): include('/home/prtald/public_html/admissions/app/Views/applicants/application_form.php')
 3 SYSTEMPATH/View/View.php(237): CodeIgniter\View\View->CodeIgniter\View\{closure}()
 4 SYSTEMPATH/Common.php(1171): CodeIgniter\View\View->render('applicants/application_form', [], true)
 5 APPPATH/Controllers/Applicant.php(1077): view('applicants/application_form', [...])
 6 SYSTEMPATH/CodeIgniter.php(933): App\Controllers\Applicant->application_form()
 7 SYSTEMPATH/CodeIgniter.php(509): CodeIgniter\CodeIgniter->runController(Object(App\Controllers\Applicant))
 8 SYSTEMPATH/CodeIgniter.php(355): CodeIgniter\CodeIgniter->handleRequest(null, Object(Config\Cache), false)
 9 SYSTEMPATH/Boot.php(325): CodeIgniter\CodeIgniter->run()
10 SYSTEMPATH/Boot.php(67): CodeIgniter\Boot::runCodeIgniter(Object(CodeIgniter\CodeIgniter))
11 FCPATH/index.php(56): CodeIgniter\Boot::bootWeb(Object(Config\Paths))
CRITICAL - 2024-08-18 14:57:30 --> ErrorException: Undefined array key 0
[Method: GET, Route: applicant/application_form]
in APPPATH/Views/applicants/application_form.php on line 266.
 1 APPPATH/Views/applicants/application_form.php(266): CodeIgniter\Debug\Exceptions->errorHandler(2, 'Undefined array key 0', '/home/prtald/public_html/admissions/app/Views/applicants/application_form.php', 266)
 2 SYSTEMPATH/View/View.php(234): include('/home/prtald/public_html/admissions/app/Views/applicants/application_form.php')
 3 SYSTEMPATH/View/View.php(237): CodeIgniter\View\View->CodeIgniter\View\{closure}()
 4 SYSTEMPATH/Common.php(1171): CodeIgniter\View\View->render('applicants/application_form', [], true)
 5 APPPATH/Controllers/Applicant.php(1077): view('applicants/application_form', [...])
 6 SYSTEMPATH/CodeIgniter.php(933): App\Controllers\Applicant->application_form()
 7 SYSTEMPATH/CodeIgniter.php(509): CodeIgniter\CodeIgniter->runController(Object(App\Controllers\Applicant))
 8 SYSTEMPATH/CodeIgniter.php(355): CodeIgniter\CodeIgniter->handleRequest(null, Object(Config\Cache), false)
 9 SYSTEMPATH/Boot.php(325): CodeIgniter\CodeIgniter->run()
10 SYSTEMPATH/Boot.php(67): CodeIgniter\Boot::runCodeIgniter(Object(CodeIgniter\CodeIgniter))
11 FCPATH/index.php(56): CodeIgniter\Boot::bootWeb(Object(Config\Paths))
CRITICAL - 2024-08-18 14:58:18 --> ErrorException: Undefined array key 0
[Method: GET, Route: applicant/application_form]
in APPPATH/Views/applicants/application_form.php on line 266.
 1 APPPATH/Views/applicants/application_form.php(266): CodeIgniter\Debug\Exceptions->errorHandler(2, 'Undefined array key 0', '/home/prtald/public_html/admissions/app/Views/applicants/application_form.php', 266)
 2 SYSTEMPATH/View/View.php(234): include('/home/prtald/public_html/admissions/app/Views/applicants/application_form.php')
 3 SYSTEMPATH/View/View.php(237): CodeIgniter\View\View->CodeIgniter\View\{closure}()
 4 SYSTEMPATH/Common.php(1171): CodeIgniter\View\View->render('applicants/application_form', [], true)
 5 APPPATH/Controllers/Applicant.php(1077): view('applicants/application_form', [...])
 6 SYSTEMPATH/CodeIgniter.php(933): App\Controllers\Applicant->application_form()
 7 SYSTEMPATH/CodeIgniter.php(509): CodeIgniter\CodeIgniter->runController(Object(App\Controllers\Applicant))
 8 SYSTEMPATH/CodeIgniter.php(355): CodeIgniter\CodeIgniter->handleRequest(null, Object(Config\Cache), false)
 9 SYSTEMPATH/Boot.php(325): CodeIgniter\CodeIgniter->run()
10 SYSTEMPATH/Boot.php(67): CodeIgniter\Boot::runCodeIgniter(Object(CodeIgniter\CodeIgniter))
11 FCPATH/index.php(56): CodeIgniter\Boot::bootWeb(Object(Config\Paths))
CRITICAL - 2024-08-18 15:21:16 --> ErrorException: Undefined array key 0
[Method: GET, Route: applicant/application_form]
in APPPATH/Views/applicants/application_form.php on line 266.
 1 APPPATH/Views/applicants/application_form.php(266): CodeIgniter\Debug\Exceptions->errorHandler(2, 'Undefined array key 0', '/home/prtald/public_html/admissions/app/Views/applicants/application_form.php', 266)
 2 SYSTEMPATH/View/View.php(234): include('/home/prtald/public_html/admissions/app/Views/applicants/application_form.php')
 3 SYSTEMPATH/View/View.php(237): CodeIgniter\View\View->CodeIgniter\View\{closure}()
 4 SYSTEMPATH/Common.php(1171): CodeIgniter\View\View->render('applicants/application_form', [], true)
 5 APPPATH/Controllers/Applicant.php(1077): view('applicants/application_form', [...])
 6 SYSTEMPATH/CodeIgniter.php(933): App\Controllers\Applicant->application_form()
 7 SYSTEMPATH/CodeIgniter.php(509): CodeIgniter\CodeIgniter->runController(Object(App\Controllers\Applicant))
 8 SYSTEMPATH/CodeIgniter.php(355): CodeIgniter\CodeIgniter->handleRequest(null, Object(Config\Cache), false)
 9 SYSTEMPATH/Boot.php(325): CodeIgniter\CodeIgniter->run()
10 SYSTEMPATH/Boot.php(67): CodeIgniter\Boot::runCodeIgniter(Object(CodeIgniter\CodeIgniter))
11 FCPATH/index.php(56): CodeIgniter\Boot::bootWeb(Object(Config\Paths))
CRITICAL - 2024-08-18 15:21:24 --> ErrorException: Undefined array key 0
[Method: GET, Route: applicant/application_form]
in APPPATH/Views/applicants/application_form.php on line 266.
 1 APPPATH/Views/applicants/application_form.php(266): CodeIgniter\Debug\Exceptions->errorHandler(2, 'Undefined array key 0', '/home/prtald/public_html/admissions/app/Views/applicants/application_form.php', 266)
 2 SYSTEMPATH/View/View.php(234): include('/home/prtald/public_html/admissions/app/Views/applicants/application_form.php')
 3 SYSTEMPATH/View/View.php(237): CodeIgniter\View\View->CodeIgniter\View\{closure}()
 4 SYSTEMPATH/Common.php(1171): CodeIgniter\View\View->render('applicants/application_form', [], true)
 5 APPPATH/Controllers/Applicant.php(1077): view('applicants/application_form', [...])
 6 SYSTEMPATH/CodeIgniter.php(933): App\Controllers\Applicant->application_form()
 7 SYSTEMPATH/CodeIgniter.php(509): CodeIgniter\CodeIgniter->runController(Object(App\Controllers\Applicant))
 8 SYSTEMPATH/CodeIgniter.php(355): CodeIgniter\CodeIgniter->handleRequest(null, Object(Config\Cache), false)
 9 SYSTEMPATH/Boot.php(325): CodeIgniter\CodeIgniter->run()
10 SYSTEMPATH/Boot.php(67): CodeIgniter\Boot::runCodeIgniter(Object(CodeIgniter\CodeIgniter))
11 FCPATH/index.php(56): CodeIgniter\Boot::bootWeb(Object(Config\Paths))
CRITICAL - 2024-08-18 15:22:42 --> ErrorException: Undefined array key 0
[Method: GET, Route: applicant/application_form]
in APPPATH/Views/applicants/application_form.php on line 266.
 1 APPPATH/Views/applicants/application_form.php(266): CodeIgniter\Debug\Exceptions->errorHandler(2, 'Undefined array key 0', '/home/prtald/public_html/admissions/app/Views/applicants/application_form.php', 266)
 2 SYSTEMPATH/View/View.php(234): include('/home/prtald/public_html/admissions/app/Views/applicants/application_form.php')
 3 SYSTEMPATH/View/View.php(237): CodeIgniter\View\View->CodeIgniter\View\{closure}()
 4 SYSTEMPATH/Common.php(1171): CodeIgniter\View\View->render('applicants/application_form', [], true)
 5 APPPATH/Controllers/Applicant.php(1077): view('applicants/application_form', [...])
 6 SYSTEMPATH/CodeIgniter.php(933): App\Controllers\Applicant->application_form()
 7 SYSTEMPATH/CodeIgniter.php(509): CodeIgniter\CodeIgniter->runController(Object(App\Controllers\Applicant))
 8 SYSTEMPATH/CodeIgniter.php(355): CodeIgniter\CodeIgniter->handleRequest(null, Object(Config\Cache), false)
 9 SYSTEMPATH/Boot.php(325): CodeIgniter\CodeIgniter->run()
10 SYSTEMPATH/Boot.php(67): CodeIgniter\Boot::runCodeIgniter(Object(CodeIgniter\CodeIgniter))
11 FCPATH/index.php(56): CodeIgniter\Boot::bootWeb(Object(Config\Paths))
CRITICAL - 2024-08-18 15:52:58 --> ErrorException: Undefined array key 0
[Method: GET, Route: applicant/application_form]
in APPPATH/Views/applicants/application_form.php on line 266.
 1 APPPATH/Views/applicants/application_form.php(266): CodeIgniter\Debug\Exceptions->errorHandler(2, 'Undefined array key 0', '/home/prtald/public_html/admissions/app/Views/applicants/application_form.php', 266)
 2 SYSTEMPATH/View/View.php(234): include('/home/prtald/public_html/admissions/app/Views/applicants/application_form.php')
 3 SYSTEMPATH/View/View.php(237): CodeIgniter\View\View->CodeIgniter\View\{closure}()
 4 SYSTEMPATH/Common.php(1171): CodeIgniter\View\View->render('applicants/application_form', [], true)
 5 APPPATH/Controllers/Applicant.php(1077): view('applicants/application_form', [...])
 6 SYSTEMPATH/CodeIgniter.php(933): App\Controllers\Applicant->application_form()
 7 SYSTEMPATH/CodeIgniter.php(509): CodeIgniter\CodeIgniter->runController(Object(App\Controllers\Applicant))
 8 SYSTEMPATH/CodeIgniter.php(355): CodeIgniter\CodeIgniter->handleRequest(null, Object(Config\Cache), false)
 9 SYSTEMPATH/Boot.php(325): CodeIgniter\CodeIgniter->run()
10 SYSTEMPATH/Boot.php(67): CodeIgniter\Boot::runCodeIgniter(Object(CodeIgniter\CodeIgniter))
11 FCPATH/index.php(56): CodeIgniter\Boot::bootWeb(Object(Config\Paths))
CRITICAL - 2024-08-18 15:53:14 --> ErrorException: Undefined array key 0
[Method: GET, Route: applicant/application_form]
in APPPATH/Views/applicants/application_form.php on line 266.
 1 APPPATH/Views/applicants/application_form.php(266): CodeIgniter\Debug\Exceptions->errorHandler(2, 'Undefined array key 0', '/home/prtald/public_html/admissions/app/Views/applicants/application_form.php', 266)
 2 SYSTEMPATH/View/View.php(234): include('/home/prtald/public_html/admissions/app/Views/applicants/application_form.php')
 3 SYSTEMPATH/View/View.php(237): CodeIgniter\View\View->CodeIgniter\View\{closure}()
 4 SYSTEMPATH/Common.php(1171): CodeIgniter\View\View->render('applicants/application_form', [], true)
 5 APPPATH/Controllers/Applicant.php(1077): view('applicants/application_form', [...])
 6 SYSTEMPATH/CodeIgniter.php(933): App\Controllers\Applicant->application_form()
 7 SYSTEMPATH/CodeIgniter.php(509): CodeIgniter\CodeIgniter->runController(Object(App\Controllers\Applicant))
 8 SYSTEMPATH/CodeIgniter.php(355): CodeIgniter\CodeIgniter->handleRequest(null, Object(Config\Cache), false)
 9 SYSTEMPATH/Boot.php(325): CodeIgniter\CodeIgniter->run()
10 SYSTEMPATH/Boot.php(67): CodeIgniter\Boot::runCodeIgniter(Object(CodeIgniter\CodeIgniter))
11 FCPATH/index.php(56): CodeIgniter\Boot::bootWeb(Object(Config\Paths))
CRITICAL - 2024-08-18 15:53:54 --> ErrorException: Undefined array key 0
[Method: GET, Route: applicant/application_form]
in APPPATH/Views/applicants/application_form.php on line 266.
 1 APPPATH/Views/applicants/application_form.php(266): CodeIgniter\Debug\Exceptions->errorHandler(2, 'Undefined array key 0', '/home/prtald/public_html/admissions/app/Views/applicants/application_form.php', 266)
 2 SYSTEMPATH/View/View.php(234): include('/home/prtald/public_html/admissions/app/Views/applicants/application_form.php')
 3 SYSTEMPATH/View/View.php(237): CodeIgniter\View\View->CodeIgniter\View\{closure}()
 4 SYSTEMPATH/Common.php(1171): CodeIgniter\View\View->render('applicants/application_form', [], true)
 5 APPPATH/Controllers/Applicant.php(1077): view('applicants/application_form', [...])
 6 SYSTEMPATH/CodeIgniter.php(933): App\Controllers\Applicant->application_form()
 7 SYSTEMPATH/CodeIgniter.php(509): CodeIgniter\CodeIgniter->runController(Object(App\Controllers\Applicant))
 8 SYSTEMPATH/CodeIgniter.php(355): CodeIgniter\CodeIgniter->handleRequest(null, Object(Config\Cache), false)
 9 SYSTEMPATH/Boot.php(325): CodeIgniter\CodeIgniter->run()
10 SYSTEMPATH/Boot.php(67): CodeIgniter\Boot::runCodeIgniter(Object(CodeIgniter\CodeIgniter))
11 FCPATH/index.php(56): CodeIgniter\Boot::bootWeb(Object(Config\Paths))
CRITICAL - 2024-08-18 15:54:14 --> ErrorException: Undefined array key 0
[Method: GET, Route: applicant/application_form]
in APPPATH/Views/applicants/application_form.php on line 266.
 1 APPPATH/Views/applicants/application_form.php(266): CodeIgniter\Debug\Exceptions->errorHandler(2, 'Undefined array key 0', '/home/prtald/public_html/admissions/app/Views/applicants/application_form.php', 266)
 2 SYSTEMPATH/View/View.php(234): include('/home/prtald/public_html/admissions/app/Views/applicants/application_form.php')
 3 SYSTEMPATH/View/View.php(237): CodeIgniter\View\View->CodeIgniter\View\{closure}()
 4 SYSTEMPATH/Common.php(1171): CodeIgniter\View\View->render('applicants/application_form', [], true)
 5 APPPATH/Controllers/Applicant.php(1077): view('applicants/application_form', [...])
 6 SYSTEMPATH/CodeIgniter.php(933): App\Controllers\Applicant->application_form()
 7 SYSTEMPATH/CodeIgniter.php(509): CodeIgniter\CodeIgniter->runController(Object(App\Controllers\Applicant))
 8 SYSTEMPATH/CodeIgniter.php(355): CodeIgniter\CodeIgniter->handleRequest(null, Object(Config\Cache), false)
 9 SYSTEMPATH/Boot.php(325): CodeIgniter\CodeIgniter->run()
10 SYSTEMPATH/Boot.php(67): CodeIgniter\Boot::runCodeIgniter(Object(CodeIgniter\CodeIgniter))
11 FCPATH/index.php(56): CodeIgniter\Boot::bootWeb(Object(Config\Paths))
CRITICAL - 2024-08-18 15:54:33 --> ErrorException: Undefined array key 0
[Method: GET, Route: applicant/application_form]
in APPPATH/Views/applicants/application_form.php on line 266.
 1 APPPATH/Views/applicants/application_form.php(266): CodeIgniter\Debug\Exceptions->errorHandler(2, 'Undefined array key 0', '/home/prtald/public_html/admissions/app/Views/applicants/application_form.php', 266)
 2 SYSTEMPATH/View/View.php(234): include('/home/prtald/public_html/admissions/app/Views/applicants/application_form.php')
 3 SYSTEMPATH/View/View.php(237): CodeIgniter\View\View->CodeIgniter\View\{closure}()
 4 SYSTEMPATH/Common.php(1171): CodeIgniter\View\View->render('applicants/application_form', [], true)
 5 APPPATH/Controllers/Applicant.php(1077): view('applicants/application_form', [...])
 6 SYSTEMPATH/CodeIgniter.php(933): App\Controllers\Applicant->application_form()
 7 SYSTEMPATH/CodeIgniter.php(509): CodeIgniter\CodeIgniter->runController(Object(App\Controllers\Applicant))
 8 SYSTEMPATH/CodeIgniter.php(355): CodeIgniter\CodeIgniter->handleRequest(null, Object(Config\Cache), false)
 9 SYSTEMPATH/Boot.php(325): CodeIgniter\CodeIgniter->run()
10 SYSTEMPATH/Boot.php(67): CodeIgniter\Boot::runCodeIgniter(Object(CodeIgniter\CodeIgniter))
11 FCPATH/index.php(56): CodeIgniter\Boot::bootWeb(Object(Config\Paths))
CRITICAL - 2024-08-18 16:10:38 --> ErrorException: Undefined array key 0
[Method: GET, Route: applicant/application_form]
in APPPATH/Views/applicants/application_form.php on line 266.
 1 APPPATH/Views/applicants/application_form.php(266): CodeIgniter\Debug\Exceptions->errorHandler(2, 'Undefined array key 0', '/home/prtald/public_html/admissions/app/Views/applicants/application_form.php', 266)
 2 SYSTEMPATH/View/View.php(234): include('/home/prtald/public_html/admissions/app/Views/applicants/application_form.php')
 3 SYSTEMPATH/View/View.php(237): CodeIgniter\View\View->CodeIgniter\View\{closure}()
 4 SYSTEMPATH/Common.php(1171): CodeIgniter\View\View->render('applicants/application_form', [], true)
 5 APPPATH/Controllers/Applicant.php(1077): view('applicants/application_form', [...])
 6 SYSTEMPATH/CodeIgniter.php(933): App\Controllers\Applicant->application_form()
 7 SYSTEMPATH/CodeIgniter.php(509): CodeIgniter\CodeIgniter->runController(Object(App\Controllers\Applicant))
 8 SYSTEMPATH/CodeIgniter.php(355): CodeIgniter\CodeIgniter->handleRequest(null, Object(Config\Cache), false)
 9 SYSTEMPATH/Boot.php(325): CodeIgniter\CodeIgniter->run()
10 SYSTEMPATH/Boot.php(67): CodeIgniter\Boot::runCodeIgniter(Object(CodeIgniter\CodeIgniter))
11 FCPATH/index.php(56): CodeIgniter\Boot::bootWeb(Object(Config\Paths))
CRITICAL - 2024-08-18 16:10:56 --> ErrorException: Undefined array key 0
[Method: GET, Route: applicant/application_form]
in APPPATH/Views/applicants/application_form.php on line 266.
 1 APPPATH/Views/applicants/application_form.php(266): CodeIgniter\Debug\Exceptions->errorHandler(2, 'Undefined array key 0', '/home/prtald/public_html/admissions/app/Views/applicants/application_form.php', 266)
 2 SYSTEMPATH/View/View.php(234): include('/home/prtald/public_html/admissions/app/Views/applicants/application_form.php')
 3 SYSTEMPATH/View/View.php(237): CodeIgniter\View\View->CodeIgniter\View\{closure}()
 4 SYSTEMPATH/Common.php(1171): CodeIgniter\View\View->render('applicants/application_form', [], true)
 5 APPPATH/Controllers/Applicant.php(1077): view('applicants/application_form', [...])
 6 SYSTEMPATH/CodeIgniter.php(933): App\Controllers\Applicant->application_form()
 7 SYSTEMPATH/CodeIgniter.php(509): CodeIgniter\CodeIgniter->runController(Object(App\Controllers\Applicant))
 8 SYSTEMPATH/CodeIgniter.php(355): CodeIgniter\CodeIgniter->handleRequest(null, Object(Config\Cache), false)
 9 SYSTEMPATH/Boot.php(325): CodeIgniter\CodeIgniter->run()
10 SYSTEMPATH/Boot.php(67): CodeIgniter\Boot::runCodeIgniter(Object(CodeIgniter\CodeIgniter))
11 FCPATH/index.php(56): CodeIgniter\Boot::bootWeb(Object(Config\Paths))
CRITICAL - 2024-08-18 16:11:30 --> ErrorException: Undefined array key 0
[Method: GET, Route: applicant/application_form]
in APPPATH/Views/applicants/application_form.php on line 266.
 1 APPPATH/Views/applicants/application_form.php(266): CodeIgniter\Debug\Exceptions->errorHandler(2, 'Undefined array key 0', '/home/prtald/public_html/admissions/app/Views/applicants/application_form.php', 266)
 2 SYSTEMPATH/View/View.php(234): include('/home/prtald/public_html/admissions/app/Views/applicants/application_form.php')
 3 SYSTEMPATH/View/View.php(237): CodeIgniter\View\View->CodeIgniter\View\{closure}()
 4 SYSTEMPATH/Common.php(1171): CodeIgniter\View\View->render('applicants/application_form', [], true)
 5 APPPATH/Controllers/Applicant.php(1077): view('applicants/application_form', [...])
 6 SYSTEMPATH/CodeIgniter.php(933): App\Controllers\Applicant->application_form()
 7 SYSTEMPATH/CodeIgniter.php(509): CodeIgniter\CodeIgniter->runController(Object(App\Controllers\Applicant))
 8 SYSTEMPATH/CodeIgniter.php(355): CodeIgniter\CodeIgniter->handleRequest(null, Object(Config\Cache), false)
 9 SYSTEMPATH/Boot.php(325): CodeIgniter\CodeIgniter->run()
10 SYSTEMPATH/Boot.php(67): CodeIgniter\Boot::runCodeIgniter(Object(CodeIgniter\CodeIgniter))
11 FCPATH/index.php(56): CodeIgniter\Boot::bootWeb(Object(Config\Paths))
CRITICAL - 2024-08-18 16:11:55 --> ErrorException: Undefined array key 0
[Method: GET, Route: applicant/application_form]
in APPPATH/Views/applicants/application_form.php on line 266.
 1 APPPATH/Views/applicants/application_form.php(266): CodeIgniter\Debug\Exceptions->errorHandler(2, 'Undefined array key 0', '/home/prtald/public_html/admissions/app/Views/applicants/application_form.php', 266)
 2 SYSTEMPATH/View/View.php(234): include('/home/prtald/public_html/admissions/app/Views/applicants/application_form.php')
 3 SYSTEMPATH/View/View.php(237): CodeIgniter\View\View->CodeIgniter\View\{closure}()
 4 SYSTEMPATH/Common.php(1171): CodeIgniter\View\View->render('applicants/application_form', [], true)
 5 APPPATH/Controllers/Applicant.php(1077): view('applicants/application_form', [...])
 6 SYSTEMPATH/CodeIgniter.php(933): App\Controllers\Applicant->application_form()
 7 SYSTEMPATH/CodeIgniter.php(509): CodeIgniter\CodeIgniter->runController(Object(App\Controllers\Applicant))
 8 SYSTEMPATH/CodeIgniter.php(355): CodeIgniter\CodeIgniter->handleRequest(null, Object(Config\Cache), false)
 9 SYSTEMPATH/Boot.php(325): CodeIgniter\CodeIgniter->run()
10 SYSTEMPATH/Boot.php(67): CodeIgniter\Boot::runCodeIgniter(Object(CodeIgniter\CodeIgniter))
11 FCPATH/index.php(56): CodeIgniter\Boot::bootWeb(Object(Config\Paths))
CRITICAL - 2024-08-18 18:10:38 --> ErrorException: Undefined array key 0
[Method: GET, Route: applicant/phistory]
in APPPATH/Views/applicants/mypayments.php on line 56.
 1 APPPATH/Views/applicants/mypayments.php(56): CodeIgniter\Debug\Exceptions->errorHandler(2, 'Undefined array key 0', '/home/prtald/public_html/admissions/app/Views/applicants/mypayments.php', 56)
 2 SYSTEMPATH/View/View.php(234): include('/home/prtald/public_html/admissions/app/Views/applicants/mypayments.php')
 3 SYSTEMPATH/View/View.php(237): CodeIgniter\View\View->CodeIgniter\View\{closure}()
 4 SYSTEMPATH/Common.php(1171): CodeIgniter\View\View->render('applicants/mypayments', [], true)
 5 APPPATH/Controllers/Applicant.php(386): view('applicants/mypayments', [...])
 6 SYSTEMPATH/CodeIgniter.php(933): App\Controllers\Applicant->phistory()
 7 SYSTEMPATH/CodeIgniter.php(509): CodeIgniter\CodeIgniter->runController(Object(App\Controllers\Applicant))
 8 SYSTEMPATH/CodeIgniter.php(355): CodeIgniter\CodeIgniter->handleRequest(null, Object(Config\Cache), false)
 9 SYSTEMPATH/Boot.php(325): CodeIgniter\CodeIgniter->run()
10 SYSTEMPATH/Boot.php(67): CodeIgniter\Boot::runCodeIgniter(Object(CodeIgniter\CodeIgniter))
11 FCPATH/index.php(56): CodeIgniter\Boot::bootWeb(Object(Config\Paths))
CRITICAL - 2024-08-18 18:26:49 --> ErrorException: Undefined variable $semail
[Method: POST, Route: account/forgetpass]
in APPPATH/Controllers/Account.php on line 316.
 1 APPPATH/Controllers/Account.php(316): CodeIgniter\Debug\Exceptions->errorHandler(2, 'Undefined variable $semail', '/home/prtald/public_html/admissions/app/Controllers/Account.php', 316)
 2 SYSTEMPATH/CodeIgniter.php(933): App\Controllers\Account->forgetpass()
 3 SYSTEMPATH/CodeIgniter.php(509): CodeIgniter\CodeIgniter->runController(Object(App\Controllers\Account))
 4 SYSTEMPATH/CodeIgniter.php(355): CodeIgniter\CodeIgniter->handleRequest(null, Object(Config\Cache), false)
 5 SYSTEMPATH/Boot.php(325): CodeIgniter\CodeIgniter->run()
 6 SYSTEMPATH/Boot.php(67): CodeIgniter\Boot::runCodeIgniter(Object(CodeIgniter\CodeIgniter))
 7 FCPATH/index.php(56): CodeIgniter\Boot::bootWeb(Object(Config\Paths))
CRITICAL - 2024-08-18 18:31:53 --> ErrorException: Undefined array key 0
[Method: GET, Route: applicant/application_form]
in APPPATH/Views/applicants/application_form.php on line 266.
 1 APPPATH/Views/applicants/application_form.php(266): CodeIgniter\Debug\Exceptions->errorHandler(2, 'Undefined array key 0', '/home/prtald/public_html/admissions/app/Views/applicants/application_form.php', 266)
 2 SYSTEMPATH/View/View.php(234): include('/home/prtald/public_html/admissions/app/Views/applicants/application_form.php')
 3 SYSTEMPATH/View/View.php(237): CodeIgniter\View\View->CodeIgniter\View\{closure}()
 4 SYSTEMPATH/Common.php(1171): CodeIgniter\View\View->render('applicants/application_form', [], true)
 5 APPPATH/Controllers/Applicant.php(1077): view('applicants/application_form', [...])
 6 SYSTEMPATH/CodeIgniter.php(933): App\Controllers\Applicant->application_form()
 7 SYSTEMPATH/CodeIgniter.php(509): CodeIgniter\CodeIgniter->runController(Object(App\Controllers\Applicant))
 8 SYSTEMPATH/CodeIgniter.php(355): CodeIgniter\CodeIgniter->handleRequest(null, Object(Config\Cache), false)
 9 SYSTEMPATH/Boot.php(325): CodeIgniter\CodeIgniter->run()
10 SYSTEMPATH/Boot.php(67): CodeIgniter\Boot::runCodeIgniter(Object(CodeIgniter\CodeIgniter))
11 FCPATH/index.php(56): CodeIgniter\Boot::bootWeb(Object(Config\Paths))
CRITICAL - 2024-08-18 18:33:14 --> ErrorException: Undefined array key 0
[Method: GET, Route: applicant/application_form]
in APPPATH/Views/applicants/application_form.php on line 266.
 1 APPPATH/Views/applicants/application_form.php(266): CodeIgniter\Debug\Exceptions->errorHandler(2, 'Undefined array key 0', '/home/prtald/public_html/admissions/app/Views/applicants/application_form.php', 266)
 2 SYSTEMPATH/View/View.php(234): include('/home/prtald/public_html/admissions/app/Views/applicants/application_form.php')
 3 SYSTEMPATH/View/View.php(237): CodeIgniter\View\View->CodeIgniter\View\{closure}()
 4 SYSTEMPATH/Common.php(1171): CodeIgniter\View\View->render('applicants/application_form', [], true)
 5 APPPATH/Controllers/Applicant.php(1077): view('applicants/application_form', [...])
 6 SYSTEMPATH/CodeIgniter.php(933): App\Controllers\Applicant->application_form()
 7 SYSTEMPATH/CodeIgniter.php(509): CodeIgniter\CodeIgniter->runController(Object(App\Controllers\Applicant))
 8 SYSTEMPATH/CodeIgniter.php(355): CodeIgniter\CodeIgniter->handleRequest(null, Object(Config\Cache), false)
 9 SYSTEMPATH/Boot.php(325): CodeIgniter\CodeIgniter->run()
10 SYSTEMPATH/Boot.php(67): CodeIgniter\Boot::runCodeIgniter(Object(CodeIgniter\CodeIgniter))
11 FCPATH/index.php(56): CodeIgniter\Boot::bootWeb(Object(Config\Paths))
CRITICAL - 2024-08-18 18:48:12 --> ErrorException: Undefined array key 0
[Method: GET, Route: applicant/application_form]
in APPPATH/Views/applicants/application_form.php on line 266.
 1 APPPATH/Views/applicants/application_form.php(266): CodeIgniter\Debug\Exceptions->errorHandler(2, 'Undefined array key 0', '/home/prtald/public_html/admissions/app/Views/applicants/application_form.php', 266)
 2 SYSTEMPATH/View/View.php(234): include('/home/prtald/public_html/admissions/app/Views/applicants/application_form.php')
 3 SYSTEMPATH/View/View.php(237): CodeIgniter\View\View->CodeIgniter\View\{closure}()
 4 SYSTEMPATH/Common.php(1171): CodeIgniter\View\View->render('applicants/application_form', [], true)
 5 APPPATH/Controllers/Applicant.php(1077): view('applicants/application_form', [...])
 6 SYSTEMPATH/CodeIgniter.php(933): App\Controllers\Applicant->application_form()
 7 SYSTEMPATH/CodeIgniter.php(509): CodeIgniter\CodeIgniter->runController(Object(App\Controllers\Applicant))
 8 SYSTEMPATH/CodeIgniter.php(355): CodeIgniter\CodeIgniter->handleRequest(null, Object(Config\Cache), false)
 9 SYSTEMPATH/Boot.php(325): CodeIgniter\CodeIgniter->run()
10 SYSTEMPATH/Boot.php(67): CodeIgniter\Boot::runCodeIgniter(Object(CodeIgniter\CodeIgniter))
11 FCPATH/index.php(56): CodeIgniter\Boot::bootWeb(Object(Config\Paths))
CRITICAL - 2024-08-18 18:48:20 --> ErrorException: Undefined array key 0
[Method: GET, Route: applicant/application_form]
in APPPATH/Views/applicants/application_form.php on line 266.
 1 APPPATH/Views/applicants/application_form.php(266): CodeIgniter\Debug\Exceptions->errorHandler(2, 'Undefined array key 0', '/home/prtald/public_html/admissions/app/Views/applicants/application_form.php', 266)
 2 SYSTEMPATH/View/View.php(234): include('/home/prtald/public_html/admissions/app/Views/applicants/application_form.php')
 3 SYSTEMPATH/View/View.php(237): CodeIgniter\View\View->CodeIgniter\View\{closure}()
 4 SYSTEMPATH/Common.php(1171): CodeIgniter\View\View->render('applicants/application_form', [], true)
 5 APPPATH/Controllers/Applicant.php(1077): view('applicants/application_form', [...])
 6 SYSTEMPATH/CodeIgniter.php(933): App\Controllers\Applicant->application_form()
 7 SYSTEMPATH/CodeIgniter.php(509): CodeIgniter\CodeIgniter->runController(Object(App\Controllers\Applicant))
 8 SYSTEMPATH/CodeIgniter.php(355): CodeIgniter\CodeIgniter->handleRequest(null, Object(Config\Cache), false)
 9 SYSTEMPATH/Boot.php(325): CodeIgniter\CodeIgniter->run()
10 SYSTEMPATH/Boot.php(67): CodeIgniter\Boot::runCodeIgniter(Object(CodeIgniter\CodeIgniter))
11 FCPATH/index.php(56): CodeIgniter\Boot::bootWeb(Object(Config\Paths))
CRITICAL - 2024-08-18 18:49:07 --> ErrorException: Undefined array key 0
[Method: GET, Route: applicant/application_form]
in APPPATH/Views/applicants/application_form.php on line 266.
 1 APPPATH/Views/applicants/application_form.php(266): CodeIgniter\Debug\Exceptions->errorHandler(2, 'Undefined array key 0', '/home/prtald/public_html/admissions/app/Views/applicants/application_form.php', 266)
 2 SYSTEMPATH/View/View.php(234): include('/home/prtald/public_html/admissions/app/Views/applicants/application_form.php')
 3 SYSTEMPATH/View/View.php(237): CodeIgniter\View\View->CodeIgniter\View\{closure}()
 4 SYSTEMPATH/Common.php(1171): CodeIgniter\View\View->render('applicants/application_form', [], true)
 5 APPPATH/Controllers/Applicant.php(1077): view('applicants/application_form', [...])
 6 SYSTEMPATH/CodeIgniter.php(933): App\Controllers\Applicant->application_form()
 7 SYSTEMPATH/CodeIgniter.php(509): CodeIgniter\CodeIgniter->runController(Object(App\Controllers\Applicant))
 8 SYSTEMPATH/CodeIgniter.php(355): CodeIgniter\CodeIgniter->handleRequest(null, Object(Config\Cache), false)
 9 SYSTEMPATH/Boot.php(325): CodeIgniter\CodeIgniter->run()
10 SYSTEMPATH/Boot.php(67): CodeIgniter\Boot::runCodeIgniter(Object(CodeIgniter\CodeIgniter))
11 FCPATH/index.php(56): CodeIgniter\Boot::bootWeb(Object(Config\Paths))
CRITICAL - 2024-08-18 18:51:06 --> ErrorException: Undefined array key 0
[Method: GET, Route: applicant/application_form]
in APPPATH/Views/applicants/application_form.php on line 266.
 1 APPPATH/Views/applicants/application_form.php(266): CodeIgniter\Debug\Exceptions->errorHandler(2, 'Undefined array key 0', '/home/prtald/public_html/admissions/app/Views/applicants/application_form.php', 266)
 2 SYSTEMPATH/View/View.php(234): include('/home/prtald/public_html/admissions/app/Views/applicants/application_form.php')
 3 SYSTEMPATH/View/View.php(237): CodeIgniter\View\View->CodeIgniter\View\{closure}()
 4 SYSTEMPATH/Common.php(1171): CodeIgniter\View\View->render('applicants/application_form', [], true)
 5 APPPATH/Controllers/Applicant.php(1077): view('applicants/application_form', [...])
 6 SYSTEMPATH/CodeIgniter.php(933): App\Controllers\Applicant->application_form()
 7 SYSTEMPATH/CodeIgniter.php(509): CodeIgniter\CodeIgniter->runController(Object(App\Controllers\Applicant))
 8 SYSTEMPATH/CodeIgniter.php(355): CodeIgniter\CodeIgniter->handleRequest(null, Object(Config\Cache), false)
 9 SYSTEMPATH/Boot.php(325): CodeIgniter\CodeIgniter->run()
10 SYSTEMPATH/Boot.php(67): CodeIgniter\Boot::runCodeIgniter(Object(CodeIgniter\CodeIgniter))
11 FCPATH/index.php(56): CodeIgniter\Boot::bootWeb(Object(Config\Paths))
CRITICAL - 2024-08-18 18:51:13 --> ErrorException: Undefined array key 0
[Method: GET, Route: applicant/application_form]
in APPPATH/Views/applicants/application_form.php on line 266.
 1 APPPATH/Views/applicants/application_form.php(266): CodeIgniter\Debug\Exceptions->errorHandler(2, 'Undefined array key 0', '/home/prtald/public_html/admissions/app/Views/applicants/application_form.php', 266)
 2 SYSTEMPATH/View/View.php(234): include('/home/prtald/public_html/admissions/app/Views/applicants/application_form.php')
 3 SYSTEMPATH/View/View.php(237): CodeIgniter\View\View->CodeIgniter\View\{closure}()
 4 SYSTEMPATH/Common.php(1171): CodeIgniter\View\View->render('applicants/application_form', [], true)
 5 APPPATH/Controllers/Applicant.php(1077): view('applicants/application_form', [...])
 6 SYSTEMPATH/CodeIgniter.php(933): App\Controllers\Applicant->application_form()
 7 SYSTEMPATH/CodeIgniter.php(509): CodeIgniter\CodeIgniter->runController(Object(App\Controllers\Applicant))
 8 SYSTEMPATH/CodeIgniter.php(355): CodeIgniter\CodeIgniter->handleRequest(null, Object(Config\Cache), false)
 9 SYSTEMPATH/Boot.php(325): CodeIgniter\CodeIgniter->run()
10 SYSTEMPATH/Boot.php(67): CodeIgniter\Boot::runCodeIgniter(Object(CodeIgniter\CodeIgniter))
11 FCPATH/index.php(56): CodeIgniter\Boot::bootWeb(Object(Config\Paths))
CRITICAL - 2024-08-18 18:59:39 --> ErrorException: Undefined array key 0
[Method: GET, Route: applicant/application_form]
in APPPATH/Views/applicants/application_form.php on line 266.
 1 APPPATH/Views/applicants/application_form.php(266): CodeIgniter\Debug\Exceptions->errorHandler(2, 'Undefined array key 0', '/home/prtald/public_html/admissions/app/Views/applicants/application_form.php', 266)
 2 SYSTEMPATH/View/View.php(234): include('/home/prtald/public_html/admissions/app/Views/applicants/application_form.php')
 3 SYSTEMPATH/View/View.php(237): CodeIgniter\View\View->CodeIgniter\View\{closure}()
 4 SYSTEMPATH/Common.php(1171): CodeIgniter\View\View->render('applicants/application_form', [], true)
 5 APPPATH/Controllers/Applicant.php(1077): view('applicants/application_form', [...])
 6 SYSTEMPATH/CodeIgniter.php(933): App\Controllers\Applicant->application_form()
 7 SYSTEMPATH/CodeIgniter.php(509): CodeIgniter\CodeIgniter->runController(Object(App\Controllers\Applicant))
 8 SYSTEMPATH/CodeIgniter.php(355): CodeIgniter\CodeIgniter->handleRequest(null, Object(Config\Cache), false)
 9 SYSTEMPATH/Boot.php(325): CodeIgniter\CodeIgniter->run()
10 SYSTEMPATH/Boot.php(67): CodeIgniter\Boot::runCodeIgniter(Object(CodeIgniter\CodeIgniter))
11 FCPATH/index.php(56): CodeIgniter\Boot::bootWeb(Object(Config\Paths))
CRITICAL - 2024-08-18 19:03:54 --> ErrorException: Undefined array key 0
[Method: GET, Route: applicant/application_form]
in APPPATH/Views/applicants/application_form.php on line 266.
 1 APPPATH/Views/applicants/application_form.php(266): CodeIgniter\Debug\Exceptions->errorHandler(2, 'Undefined array key 0', '/home/prtald/public_html/admissions/app/Views/applicants/application_form.php', 266)
 2 SYSTEMPATH/View/View.php(234): include('/home/prtald/public_html/admissions/app/Views/applicants/application_form.php')
 3 SYSTEMPATH/View/View.php(237): CodeIgniter\View\View->CodeIgniter\View\{closure}()
 4 SYSTEMPATH/Common.php(1171): CodeIgniter\View\View->render('applicants/application_form', [], true)
 5 APPPATH/Controllers/Applicant.php(1077): view('applicants/application_form', [...])
 6 SYSTEMPATH/CodeIgniter.php(933): App\Controllers\Applicant->application_form()
 7 SYSTEMPATH/CodeIgniter.php(509): CodeIgniter\CodeIgniter->runController(Object(App\Controllers\Applicant))
 8 SYSTEMPATH/CodeIgniter.php(355): CodeIgniter\CodeIgniter->handleRequest(null, Object(Config\Cache), false)
 9 SYSTEMPATH/Boot.php(325): CodeIgniter\CodeIgniter->run()
10 SYSTEMPATH/Boot.php(67): CodeIgniter\Boot::runCodeIgniter(Object(CodeIgniter\CodeIgniter))
11 FCPATH/index.php(56): CodeIgniter\Boot::bootWeb(Object(Config\Paths))
CRITICAL - 2024-08-18 20:00:54 --> ErrorException: Undefined array key 0
[Method: GET, Route: applicant/application_form]
in APPPATH/Views/applicants/application_form.php on line 266.
 1 APPPATH/Views/applicants/application_form.php(266): CodeIgniter\Debug\Exceptions->errorHandler(2, 'Undefined array key 0', '/home/prtald/public_html/admissions/app/Views/applicants/application_form.php', 266)
 2 SYSTEMPATH/View/View.php(234): include('/home/prtald/public_html/admissions/app/Views/applicants/application_form.php')
 3 SYSTEMPATH/View/View.php(237): CodeIgniter\View\View->CodeIgniter\View\{closure}()
 4 SYSTEMPATH/Common.php(1171): CodeIgniter\View\View->render('applicants/application_form', [], true)
 5 APPPATH/Controllers/Applicant.php(1077): view('applicants/application_form', [...])
 6 SYSTEMPATH/CodeIgniter.php(933): App\Controllers\Applicant->application_form()
 7 SYSTEMPATH/CodeIgniter.php(509): CodeIgniter\CodeIgniter->runController(Object(App\Controllers\Applicant))
 8 SYSTEMPATH/CodeIgniter.php(355): CodeIgniter\CodeIgniter->handleRequest(null, Object(Config\Cache), false)
 9 SYSTEMPATH/Boot.php(325): CodeIgniter\CodeIgniter->run()
10 SYSTEMPATH/Boot.php(67): CodeIgniter\Boot::runCodeIgniter(Object(CodeIgniter\CodeIgniter))
11 FCPATH/index.php(56): CodeIgniter\Boot::bootWeb(Object(Config\Paths))
CRITICAL - 2024-08-18 20:01:02 --> ErrorException: Undefined array key 0
[Method: GET, Route: applicant/application_form]
in APPPATH/Views/applicants/application_form.php on line 266.
 1 APPPATH/Views/applicants/application_form.php(266): CodeIgniter\Debug\Exceptions->errorHandler(2, 'Undefined array key 0', '/home/prtald/public_html/admissions/app/Views/applicants/application_form.php', 266)
 2 SYSTEMPATH/View/View.php(234): include('/home/prtald/public_html/admissions/app/Views/applicants/application_form.php')
 3 SYSTEMPATH/View/View.php(237): CodeIgniter\View\View->CodeIgniter\View\{closure}()
 4 SYSTEMPATH/Common.php(1171): CodeIgniter\View\View->render('applicants/application_form', [], true)
 5 APPPATH/Controllers/Applicant.php(1077): view('applicants/application_form', [...])
 6 SYSTEMPATH/CodeIgniter.php(933): App\Controllers\Applicant->application_form()
 7 SYSTEMPATH/CodeIgniter.php(509): CodeIgniter\CodeIgniter->runController(Object(App\Controllers\Applicant))
 8 SYSTEMPATH/CodeIgniter.php(355): CodeIgniter\CodeIgniter->handleRequest(null, Object(Config\Cache), false)
 9 SYSTEMPATH/Boot.php(325): CodeIgniter\CodeIgniter->run()
10 SYSTEMPATH/Boot.php(67): CodeIgniter\Boot::runCodeIgniter(Object(CodeIgniter\CodeIgniter))
11 FCPATH/index.php(56): CodeIgniter\Boot::bootWeb(Object(Config\Paths))
CRITICAL - 2024-08-18 20:01:16 --> ErrorException: Undefined array key 0
[Method: GET, Route: applicant/application_form]
in APPPATH/Views/applicants/application_form.php on line 266.
 1 APPPATH/Views/applicants/application_form.php(266): CodeIgniter\Debug\Exceptions->errorHandler(2, 'Undefined array key 0', '/home/prtald/public_html/admissions/app/Views/applicants/application_form.php', 266)
 2 SYSTEMPATH/View/View.php(234): include('/home/prtald/public_html/admissions/app/Views/applicants/application_form.php')
 3 SYSTEMPATH/View/View.php(237): CodeIgniter\View\View->CodeIgniter\View\{closure}()
 4 SYSTEMPATH/Common.php(1171): CodeIgniter\View\View->render('applicants/application_form', [], true)
 5 APPPATH/Controllers/Applicant.php(1077): view('applicants/application_form', [...])
 6 SYSTEMPATH/CodeIgniter.php(933): App\Controllers\Applicant->application_form()
 7 SYSTEMPATH/CodeIgniter.php(509): CodeIgniter\CodeIgniter->runController(Object(App\Controllers\Applicant))
 8 SYSTEMPATH/CodeIgniter.php(355): CodeIgniter\CodeIgniter->handleRequest(null, Object(Config\Cache), false)
 9 SYSTEMPATH/Boot.php(325): CodeIgniter\CodeIgniter->run()
10 SYSTEMPATH/Boot.php(67): CodeIgniter\Boot::runCodeIgniter(Object(CodeIgniter\CodeIgniter))
11 FCPATH/index.php(56): CodeIgniter\Boot::bootWeb(Object(Config\Paths))
CRITICAL - 2024-08-18 20:01:30 --> ErrorException: Undefined array key 0
[Method: GET, Route: applicant/application_form]
in APPPATH/Views/applicants/application_form.php on line 266.
 1 APPPATH/Views/applicants/application_form.php(266): CodeIgniter\Debug\Exceptions->errorHandler(2, 'Undefined array key 0', '/home/prtald/public_html/admissions/app/Views/applicants/application_form.php', 266)
 2 SYSTEMPATH/View/View.php(234): include('/home/prtald/public_html/admissions/app/Views/applicants/application_form.php')
 3 SYSTEMPATH/View/View.php(237): CodeIgniter\View\View->CodeIgniter\View\{closure}()
 4 SYSTEMPATH/Common.php(1171): CodeIgniter\View\View->render('applicants/application_form', [], true)
 5 APPPATH/Controllers/Applicant.php(1077): view('applicants/application_form', [...])
 6 SYSTEMPATH/CodeIgniter.php(933): App\Controllers\Applicant->application_form()
 7 SYSTEMPATH/CodeIgniter.php(509): CodeIgniter\CodeIgniter->runController(Object(App\Controllers\Applicant))
 8 SYSTEMPATH/CodeIgniter.php(355): CodeIgniter\CodeIgniter->handleRequest(null, Object(Config\Cache), false)
 9 SYSTEMPATH/Boot.php(325): CodeIgniter\CodeIgniter->run()
10 SYSTEMPATH/Boot.php(67): CodeIgniter\Boot::runCodeIgniter(Object(CodeIgniter\CodeIgniter))
11 FCPATH/index.php(56): CodeIgniter\Boot::bootWeb(Object(Config\Paths))
CRITICAL - 2024-08-18 20:17:01 --> ErrorException: Undefined array key 0
[Method: GET, Route: applicant/application_form]
in APPPATH/Views/applicants/application_form.php on line 266.
 1 APPPATH/Views/applicants/application_form.php(266): CodeIgniter\Debug\Exceptions->errorHandler(2, 'Undefined array key 0', '/home/prtald/public_html/admissions/app/Views/applicants/application_form.php', 266)
 2 SYSTEMPATH/View/View.php(234): include('/home/prtald/public_html/admissions/app/Views/applicants/application_form.php')
 3 SYSTEMPATH/View/View.php(237): CodeIgniter\View\View->CodeIgniter\View\{closure}()
 4 SYSTEMPATH/Common.php(1171): CodeIgniter\View\View->render('applicants/application_form', [], true)
 5 APPPATH/Controllers/Applicant.php(1077): view('applicants/application_form', [...])
 6 SYSTEMPATH/CodeIgniter.php(933): App\Controllers\Applicant->application_form()
 7 SYSTEMPATH/CodeIgniter.php(509): CodeIgniter\CodeIgniter->runController(Object(App\Controllers\Applicant))
 8 SYSTEMPATH/CodeIgniter.php(355): CodeIgniter\CodeIgniter->handleRequest(null, Object(Config\Cache), false)
 9 SYSTEMPATH/Boot.php(325): CodeIgniter\CodeIgniter->run()
10 SYSTEMPATH/Boot.php(67): CodeIgniter\Boot::runCodeIgniter(Object(CodeIgniter\CodeIgniter))
11 FCPATH/index.php(56): CodeIgniter\Boot::bootWeb(Object(Config\Paths))
CRITICAL - 2024-08-18 23:30:41 --> ErrorException: Undefined array key 0
[Method: GET, Route: applicant/phistory]
in APPPATH/Views/applicants/mypayments.php on line 56.
 1 APPPATH/Views/applicants/mypayments.php(56): CodeIgniter\Debug\Exceptions->errorHandler(2, 'Undefined array key 0', '/home/prtald/public_html/admissions/app/Views/applicants/mypayments.php', 56)
 2 SYSTEMPATH/View/View.php(234): include('/home/prtald/public_html/admissions/app/Views/applicants/mypayments.php')
 3 SYSTEMPATH/View/View.php(237): CodeIgniter\View\View->CodeIgniter\View\{closure}()
 4 SYSTEMPATH/Common.php(1171): CodeIgniter\View\View->render('applicants/mypayments', [], true)
 5 APPPATH/Controllers/Applicant.php(386): view('applicants/mypayments', [...])
 6 SYSTEMPATH/CodeIgniter.php(933): App\Controllers\Applicant->phistory()
 7 SYSTEMPATH/CodeIgniter.php(509): CodeIgniter\CodeIgniter->runController(Object(App\Controllers\Applicant))
 8 SYSTEMPATH/CodeIgniter.php(355): CodeIgniter\CodeIgniter->handleRequest(null, Object(Config\Cache), false)
 9 SYSTEMPATH/Boot.php(325): CodeIgniter\CodeIgniter->run()
10 SYSTEMPATH/Boot.php(67): CodeIgniter\Boot::runCodeIgniter(Object(CodeIgniter\CodeIgniter))
11 FCPATH/index.php(56): CodeIgniter\Boot::bootWeb(Object(Config\Paths))
